2024-04-08 22:32:53,211 [ERROR] LogOutputStream:75 - [STDERR_REDIRECT] 
2024-04-08 22:36:08,559 [INFO] Activator:176 - 


2024-04-08 22:36:08,561 [INFO] Activator:177 - !SESSION log4j initialized
2024-04-08 22:36:12,437 [INFO] LogOutputStream:77 - [STDOUT_REDIRECT] 
2024-04-08 22:36:14,090 [INFO] ApplicationProperties:184 - Using Application install path: C:\ST\STM32CubeIDE_1.14.1\STM32CubeIDE\plugins\com.st.stm32cube.common.mx_6.10.0.202311202037
2024-04-08 22:36:14,107 [INFO] DbMcusXml:78 - Set database path to: C:\ST\STM32CubeIDE_1.14.1\STM32CubeIDE\plugins\com.st.stm32cube.common.mx_6.10.0.202311202037\\db\/mcu/
2024-04-08 22:36:14,107 [INFO] ApiDb:274 - Set plugin database path to: C:\ST\STM32CubeIDE_1.14.1\STM32CubeIDE\plugins\com.st.stm32cube.common.mx_6.10.0.202311202037\\db\/plugins/boardmanager/
2024-04-08 22:36:14,107 [WARN] ApiDb:259 - Overriding images path with different value:  => C:\ST\STM32CubeIDE_1.14.1\STM32CubeIDE\plugins\com.st.stm32cube.common.mx_6.10.0.202311202037\\db\/plugins/mcufinder/images/
2024-04-08 22:36:14,113 [INFO] ApiDb:250 - Set database path to: C:\Users\benri\.stmcufinder\plugins\mcufinder//mcu/
2024-04-08 22:36:14,114 [INFO] DbMcusAds:125 - Set database path to: C:\Users\benri\.stmcufinder\plugins\mcufinder//mcu/
2024-04-08 22:36:14,115 [INFO] CrossReferenceDbSqlite:203 - Set database path to: C:\Users\benri\.stmcufinder\plugins\mcufinder//mcu/cs/
2024-04-08 22:36:14,205 [INFO] RulesReader:64 - Compatibility file has been processed (297 Rules)
2024-04-08 22:36:14,269 [INFO] DbMcusXml:78 - Set database path to: C:\ST\STM32CubeIDE_1.14.1\STM32CubeIDE\plugins\com.st.stm32cube.common.mx_6.10.0.202311202037\\db\/mcu/
2024-04-08 22:36:14,269 [INFO] ApiDb:274 - Set plugin database path to: C:\ST\STM32CubeIDE_1.14.1\STM32CubeIDE\plugins\com.st.stm32cube.common.mx_6.10.0.202311202037\\db\/plugins/boardmanager/
2024-04-08 22:36:14,270 [INFO] ApiDb:261 - Set plugin images path to: C:\ST\STM32CubeIDE_1.14.1\STM32CubeIDE\plugins\com.st.stm32cube.common.mx_6.10.0.202311202037\\db\/plugins/mcufinder/images/
2024-04-08 22:36:14,270 [WARN] DbFile:41 - Overriding database path with different value: C:\Users\benri\.stmcufinder\plugins\mcufinder/ => C:\Users\benri\.stmcufinder\plugins\mcufinder
2024-04-08 22:36:14,270 [INFO] ApiDb:250 - Set database path to: C:\Users\benri\.stmcufinder\plugins\mcufinder//mcu/
2024-04-08 22:36:14,270 [WARN] DbFile:41 - Overriding database path with different value: C:\Users\benri\.stmcufinder\plugins\mcufinder/ => C:\Users\benri\.stmcufinder\plugins\mcufinder
2024-04-08 22:36:14,270 [INFO] DbMcusAds:125 - Set database path to: C:\Users\benri\.stmcufinder\plugins\mcufinder//mcu/
2024-04-08 22:36:14,270 [WARN] DbFile:41 - Overriding database path with different value: C:\Users\benri\.stmcufinder\plugins\mcufinder/ => C:\Users\benri\.stmcufinder\plugins\mcufinder
2024-04-08 22:36:14,270 [WARN] DbFile:41 - Overriding database path with different value: C:\Users\benri\.stmcufinder\plugins\mcufinder/ => C:\Users\benri\.stmcufinder\plugins\mcufinder
2024-04-08 22:36:14,270 [INFO] CrossReferenceDbSqlite:203 - Set database path to: C:\Users\benri\.stmcufinder\plugins\mcufinder//mcu/cs/
2024-04-08 22:36:14,319 [INFO] MainPanel:264 - HeapMemory: 268435456
2024-04-08 22:36:14,375 [INFO] DbMcusXml:78 - Set database path to: C:\ST\STM32CubeIDE_1.14.1\STM32CubeIDE\plugins\com.st.stm32cube.common.mx_6.10.0.202311202037\\db\/mcu/
2024-04-08 22:36:14,375 [INFO] ApiDb:274 - Set plugin database path to: C:\ST\STM32CubeIDE_1.14.1\STM32CubeIDE\plugins\com.st.stm32cube.common.mx_6.10.0.202311202037\\db\/plugins/boardmanager/
2024-04-08 22:36:14,375 [INFO] ApiDb:261 - Set plugin images path to: C:\ST\STM32CubeIDE_1.14.1\STM32CubeIDE\plugins\com.st.stm32cube.common.mx_6.10.0.202311202037\\db\/plugins/mcufinder/images/
2024-04-08 22:36:14,375 [WARN] DbFile:41 - Overriding database path with different value: C:\Users\benri\.stmcufinder\plugins\mcufinder/ => C:\Users\benri\.stmcufinder\plugins\mcufinder
2024-04-08 22:36:14,375 [INFO] ApiDb:250 - Set database path to: C:\Users\benri\.stmcufinder\plugins\mcufinder//mcu/
2024-04-08 22:36:14,375 [WARN] DbFile:41 - Overriding database path with different value: C:\Users\benri\.stmcufinder\plugins\mcufinder/ => C:\Users\benri\.stmcufinder\plugins\mcufinder
2024-04-08 22:36:14,375 [INFO] DbMcusAds:125 - Set database path to: C:\Users\benri\.stmcufinder\plugins\mcufinder//mcu/
2024-04-08 22:36:14,375 [WARN] DbFile:41 - Overriding database path with different value: C:\Users\benri\.stmcufinder\plugins\mcufinder/ => C:\Users\benri\.stmcufinder\plugins\mcufinder
2024-04-08 22:36:14,375 [WARN] DbFile:41 - Overriding database path with different value: C:\Users\benri\.stmcufinder\plugins\mcufinder/ => C:\Users\benri\.stmcufinder\plugins\mcufinder
2024-04-08 22:36:14,375 [INFO] CrossReferenceDbSqlite:203 - Set database path to: C:\Users\benri\.stmcufinder\plugins\mcufinder//mcu/cs/
2024-04-08 22:36:14,386 [INFO] ApplicationProperties:184 - Using Application install path: C:\ST\STM32CubeIDE_1.14.1\STM32CubeIDE\plugins\com.st.stm32cube.common.mx_6.10.0.202311202037
2024-04-08 22:36:14,387 [INFO] PluginManage:196 - Search for loadable plugins [exclusion list=, ]
2024-04-08 22:36:14,389 [INFO] PluginManage:310 - Check plugin analytics
2024-04-08 22:36:14,544 [INFO] AnalyticsPlugin:253 - Accepted Software Licenses: 
2024-04-08 22:36:14,545 [INFO] AnalyticsPlugin:255 - Accepted CMSIS Pack Licenses: 
2024-04-08 22:36:14,545 [INFO] AnalyticsPlugin:257 - Accepted Firmware Licenses: 
2024-04-08 22:36:14,549 [INFO] PluginManage:359 - Loaded plugin analytics (category:tool,tabindex:-1)
2024-04-08 22:36:14,549 [INFO] PluginManage:310 - Check plugin cadmodel
2024-04-08 22:36:14,555 [INFO] CADModel:105 - Init CAD model plugin
2024-04-08 22:36:14,555 [INFO] PluginManage:359 - Loaded plugin cadmodel (category:power,tabindex:5)
2024-04-08 22:36:14,556 [INFO] PluginManage:310 - Check plugin clock
2024-04-08 22:36:14,569 [INFO] PluginManage:359 - Loaded plugin clock (category:base,tabindex:2)
2024-04-08 22:36:14,569 [INFO] PluginManage:310 - Check plugin ddr
2024-04-08 22:36:14,571 [INFO] PluginManage:359 - Loaded plugin ddr (category:tool,tabindex:6)
2024-04-08 22:36:14,572 [INFO] PluginManage:310 - Check plugin filemanager
2024-04-08 22:36:14,682 [INFO] PluginManage:359 - Loaded plugin filemanager (category:base,tabindex:10)
2024-04-08 22:36:14,682 [INFO] PluginManage:310 - Check plugin ipmanager
2024-04-08 22:36:14,687 [INFO] PluginManage:359 - Loaded plugin ipmanager (category:base,tabindex:5)
2024-04-08 22:36:14,687 [INFO] PluginManage:310 - Check plugin lpbam
2024-04-08 22:36:14,693 [INFO] PluginManage:359 - Loaded plugin lpbam (category:base,tabindex:0)
2024-04-08 22:36:14,693 [INFO] PluginManage:310 - Check plugin memorymap
2024-04-08 22:36:14,702 [INFO] PluginManage:359 - Loaded plugin memorymap (category:base,tabindex:4)
2024-04-08 22:36:14,702 [INFO] PluginManage:310 - Check plugin pinoutandconfiguration
2024-04-08 22:36:14,707 [INFO] PluginManage:359 - Loaded plugin pinoutandconfiguration (category:base,tabindex:1)
2024-04-08 22:36:14,708 [INFO] PluginManage:310 - Check plugin pinoutconfig
2024-04-08 22:36:14,757 [WARN] SupportedApi:132 - Cannot load RTOS API schema: s4s-elt-must-match.1: The content of 'definitions' must match (annotation?, (simpleType | complexType)?, (unique | key | keyref)*)). A problem was found starting at: attribute.
2024-04-08 22:36:14,839 [INFO] PluginManage:359 - Loaded plugin pinoutconfig (category:base,tabindex:0)
2024-04-08 22:36:14,839 [INFO] PluginManage:310 - Check plugin power
2024-04-08 22:36:14,847 [INFO] PluginManage:359 - Loaded plugin power (category:power,tabindex:4)
2024-04-08 22:36:14,847 [INFO] PluginManage:310 - Check plugin projectmanager
2024-04-08 22:36:14,858 [INFO] PluginManage:359 - Loaded plugin projectmanager (category:projectmanager,tabindex:3)
2024-04-08 22:36:14,858 [INFO] PluginManage:310 - Check plugin thirdparty
2024-04-08 22:36:14,956 [WARN] IntegrityCheckThread:84 - waiting for thirdparty lock release [integrity check]
2024-04-08 22:36:14,956 [INFO] IntegrityCheckThread:86 - entering critical section [integrity check]
2024-04-08 22:36:14,957 [INFO] PluginManage:359 - Loaded plugin thirdparty (category:base,tabindex:-1)
2024-04-08 22:36:14,957 [INFO] ThirdPartyUpdaterWithRetryManager:70 - Updater plugin not ready yet. [1/15]
2024-04-08 22:36:14,957 [INFO] PluginManage:310 - Check plugin tools
2024-04-08 22:36:14,962 [INFO] PluginManage:359 - Loaded plugin tools (category:base,tabindex:7)
2024-04-08 22:36:14,962 [INFO] PluginManage:310 - Check plugin tutovideos
2024-04-08 22:36:15,120 [INFO] PluginManage:359 - Loaded plugin tutovideos (category:base,tabindex:-1)
2024-04-08 22:36:15,120 [INFO] PluginManage:310 - Check plugin updater
2024-04-08 22:36:15,128 [INFO] PluginManage:359 - Loaded plugin updater (category:base,tabindex:12)
2024-04-08 22:36:15,128 [INFO] PluginManage:310 - Check plugin userauth
2024-04-08 22:36:15,132 [INFO] UserAuth:114 - Init User Auth plugin
2024-04-08 22:36:15,133 [INFO] PluginManage:359 - Loaded plugin userauth (category:base,tabindex:14)
2024-04-08 22:36:15,133 [INFO] PluginManage:283 - PluginManage : Loaded plugins [17]
2024-04-08 22:36:15,281 [INFO] PinOutPanel:1499 - setPackage(No Configuration,No Configuration)
2024-04-08 22:36:15,343 [INFO] CADModel:165 - CPN selected for project level
2024-04-08 22:36:15,343 [INFO] CADModel:114 - Register for checkConnection events
2024-04-08 22:36:15,356 [INFO] IPUIPlugin:80 - create IPUIPlugin
2024-04-08 22:36:15,356 [INFO] PluginManager:220 - loadIPPluginJar : add adc
2024-04-08 22:36:15,360 [INFO] IPUIPlugin:80 - create IPUIPlugin
2024-04-08 22:36:15,360 [INFO] PluginManager:220 - loadIPPluginJar : add aes
2024-04-08 22:36:15,363 [INFO] IPUIPlugin:80 - create IPUIPlugin
2024-04-08 22:36:15,364 [INFO] PluginManager:220 - loadIPPluginJar : add can
2024-04-08 22:36:15,365 [INFO] IPUIPlugin:80 - create IPUIPlugin
2024-04-08 22:36:15,365 [INFO] PluginManager:220 - loadIPPluginJar : add comp
2024-04-08 22:36:15,367 [INFO] IPUIPlugin:80 - create IPUIPlugin
2024-04-08 22:36:15,367 [INFO] PluginManager:220 - loadIPPluginJar : add cryp
2024-04-08 22:36:15,370 [INFO] IPUIPlugin:80 - create IPUIPlugin
2024-04-08 22:36:15,370 [INFO] PluginManager:220 - loadIPPluginJar : add dfsdm
2024-04-08 22:36:15,374 [INFO] IPUIPlugin:80 - create IPUIPlugin
2024-04-08 22:36:15,375 [INFO] PluginManager:220 - loadIPPluginJar : add dma
2024-04-08 22:36:15,377 [INFO] IPUIPlugin:80 - create IPUIPlugin
2024-04-08 22:36:15,377 [INFO] PluginManager:220 - loadIPPluginJar : add dma3
2024-04-08 22:36:15,378 [INFO] IPUIPlugin:80 - create IPUIPlugin
2024-04-08 22:36:15,378 [INFO] PluginManager:220 - loadIPPluginJar : add fatfs
2024-04-08 22:36:15,380 [INFO] IPUIPlugin:80 - create IPUIPlugin
2024-04-08 22:36:15,380 [INFO] PluginManager:220 - loadIPPluginJar : add fmc
2024-04-08 22:36:15,385 [INFO] IPUIPlugin:80 - create IPUIPlugin
2024-04-08 22:36:15,385 [INFO] PluginManager:220 - loadIPPluginJar : add freertos
2024-04-08 22:36:15,387 [INFO] IPUIPlugin:80 - create IPUIPlugin
2024-04-08 22:36:15,387 [INFO] PluginManager:220 - loadIPPluginJar : add genericplugin
2024-04-08 22:36:15,388 [INFO] IPUIPlugin:80 - create IPUIPlugin
2024-04-08 22:36:15,389 [INFO] PluginManager:220 - loadIPPluginJar : add gfxmmu
2024-04-08 22:36:15,391 [INFO] IPUIPlugin:80 - create IPUIPlugin
2024-04-08 22:36:15,391 [INFO] PluginManager:220 - loadIPPluginJar : add gic
2024-04-08 22:36:15,394 [INFO] IPUIPlugin:80 - create IPUIPlugin
2024-04-08 22:36:15,395 [INFO] PluginManager:220 - loadIPPluginJar : add gpio
2024-04-08 22:36:15,397 [INFO] IPUIPlugin:80 - create IPUIPlugin
2024-04-08 22:36:15,397 [INFO] PluginManager:220 - loadIPPluginJar : add gtzc
2024-04-08 22:36:15,400 [INFO] IPUIPlugin:80 - create IPUIPlugin
2024-04-08 22:36:15,400 [INFO] PluginManager:220 - loadIPPluginJar : add hash
2024-04-08 22:36:15,402 [INFO] IPUIPlugin:80 - create IPUIPlugin
2024-04-08 22:36:15,402 [INFO] PluginManager:220 - loadIPPluginJar : add i2c
2024-04-08 22:36:15,404 [INFO] IPUIPlugin:80 - create IPUIPlugin
2024-04-08 22:36:15,404 [INFO] PluginManager:220 - loadIPPluginJar : add i2s
2024-04-08 22:36:15,405 [INFO] IPUIPlugin:80 - create IPUIPlugin
2024-04-08 22:36:15,406 [INFO] PluginManager:220 - loadIPPluginJar : add i3c
2024-04-08 22:36:15,408 [INFO] IPUIPlugin:80 - create IPUIPlugin
2024-04-08 22:36:15,408 [INFO] PluginManager:220 - loadIPPluginJar : add ipddr
2024-04-08 22:36:15,414 [INFO] IPUIPlugin:80 - create IPUIPlugin
2024-04-08 22:36:15,414 [INFO] PluginManager:220 - loadIPPluginJar : add linkedlist
2024-04-08 22:36:15,416 [INFO] IPUIPlugin:80 - create IPUIPlugin
2024-04-08 22:36:15,416 [INFO] PluginManager:220 - loadIPPluginJar : add lorawan
2024-04-08 22:36:15,417 [INFO] IPUIPlugin:80 - create IPUIPlugin
2024-04-08 22:36:15,417 [INFO] PluginManager:220 - loadIPPluginJar : add ltdc
2024-04-08 22:36:15,421 [INFO] IPUIPlugin:80 - create IPUIPlugin
2024-04-08 22:36:15,422 [INFO] PluginManager:220 - loadIPPluginJar : add mdma
2024-04-08 22:36:15,424 [INFO] IPUIPlugin:80 - create IPUIPlugin
2024-04-08 22:36:15,425 [INFO] PluginManager:220 - loadIPPluginJar : add nvic
2024-04-08 22:36:15,427 [INFO] IPUIPlugin:80 - create IPUIPlugin
2024-04-08 22:36:15,427 [INFO] PluginManager:220 - loadIPPluginJar : add opamp
2024-04-08 22:36:15,429 [INFO] IPUIPlugin:80 - create IPUIPlugin
2024-04-08 22:36:15,429 [INFO] PluginManager:220 - loadIPPluginJar : add openamp
2024-04-08 22:36:15,432 [INFO] IPUIPlugin:80 - create IPUIPlugin
2024-04-08 22:36:15,432 [INFO] PluginManager:220 - loadIPPluginJar : add pdm2pcm
2024-04-08 22:36:15,436 [INFO] IPUIPlugin:80 - create IPUIPlugin
2024-04-08 22:36:15,437 [INFO] PluginManager:220 - loadIPPluginJar : add plateformsettings
2024-04-08 22:36:15,439 [INFO] IPUIPlugin:80 - create IPUIPlugin
2024-04-08 22:36:15,439 [INFO] PluginManager:220 - loadIPPluginJar : add quadspi
2024-04-08 22:36:15,442 [INFO] IPUIPlugin:80 - create IPUIPlugin
2024-04-08 22:36:15,442 [INFO] PluginManager:220 - loadIPPluginJar : add resmgrutility
2024-04-08 22:36:15,445 [INFO] IPUIPlugin:80 - create IPUIPlugin
2024-04-08 22:36:15,445 [INFO] PluginManager:220 - loadIPPluginJar : add sai
2024-04-08 22:36:15,446 [INFO] IPUIPlugin:80 - create IPUIPlugin
2024-04-08 22:36:15,446 [INFO] PluginManager:220 - loadIPPluginJar : add spi
2024-04-08 22:36:15,449 [INFO] IPUIPlugin:80 - create IPUIPlugin
2024-04-08 22:36:15,449 [INFO] PluginManager:220 - loadIPPluginJar : add stm32_wpan
2024-04-08 22:36:15,451 [INFO] IPUIPlugin:80 - create IPUIPlugin
2024-04-08 22:36:15,451 [INFO] PluginManager:220 - loadIPPluginJar : add tim
2024-04-08 22:36:15,452 [INFO] IPUIPlugin:80 - create IPUIPlugin
2024-04-08 22:36:15,452 [INFO] PluginManager:220 - loadIPPluginJar : add touchsensing
2024-04-08 22:36:15,453 [INFO] IPUIPlugin:80 - create IPUIPlugin
2024-04-08 22:36:15,454 [INFO] PluginManager:220 - loadIPPluginJar : add tracer_emb
2024-04-08 22:36:15,455 [INFO] IPUIPlugin:80 - create IPUIPlugin
2024-04-08 22:36:15,455 [INFO] PluginManager:220 - loadIPPluginJar : add ts
2024-04-08 22:36:15,455 [INFO] IPUIPlugin:80 - create IPUIPlugin
2024-04-08 22:36:15,455 [INFO] PluginManager:220 - loadIPPluginJar : add tsc
2024-04-08 22:36:15,457 [INFO] IPUIPlugin:80 - create IPUIPlugin
2024-04-08 22:36:15,457 [INFO] PluginManager:220 - loadIPPluginJar : add ucpd
2024-04-08 22:36:15,458 [INFO] IPUIPlugin:80 - create IPUIPlugin
2024-04-08 22:36:15,458 [INFO] PluginManager:220 - loadIPPluginJar : add usart
2024-04-08 22:36:15,460 [INFO] IPUIPlugin:80 - create IPUIPlugin
2024-04-08 22:36:15,460 [INFO] PluginManager:220 - loadIPPluginJar : add usbx
2024-04-08 22:36:15,559 [INFO] CADModel:165 - CPN selected for project level
2024-04-08 22:36:15,559 [INFO] CADModel:114 - Register for checkConnection events
2024-04-08 22:36:15,560 [FATAL] Updater:308 - Updater called before beeing initialized
2024-04-08 22:36:15,560 [ERROR] CADModel:125 - Updater not yet initialized, retry later 
2024-04-08 22:36:15,642 [INFO] CADModel:165 - CPN selected for project level
2024-04-08 22:36:15,642 [INFO] CADModel:114 - Register for checkConnection events
2024-04-08 22:36:15,642 [FATAL] Updater:308 - Updater called before beeing initialized
2024-04-08 22:36:15,642 [ERROR] CADModel:125 - Updater not yet initialized, retry later 
2024-04-08 22:36:15,644 [FATAL] Updater:308 - Updater called before beeing initialized
2024-04-08 22:36:15,702 [FATAL] Updater:308 - Updater called before beeing initialized
2024-04-08 22:36:15,704 [INFO] DbMcusAds:53 - JSON generation date=Wed Nov 29 21:52:27 AEDT 2023 (1701255147349)
2024-04-08 22:36:15,704 [FATAL] Updater:308 - Updater called before beeing initialized
2024-04-08 22:36:15,727 [WARN] DetailPanel:346 - Failed to get advertising image, set to default
2024-04-08 22:36:15,777 [FATAL] Updater:308 - Updater called before beeing initialized
2024-04-08 22:36:15,778 [FATAL] Updater:308 - Updater called before beeing initialized
2024-04-08 22:36:15,778 [FATAL] Updater:308 - Updater called before beeing initialized
2024-04-08 22:36:15,778 [WARN] DetailPanel:346 - Failed to get advertising image, set to default
2024-04-08 22:36:15,779 [FATAL] Updater:308 - Updater called before beeing initialized
2024-04-08 22:36:15,807 [ERROR] Updater:1120 - MainUpdater not yet initialized. External WinMGr cannot be set.
2024-04-08 22:36:15,808 [INFO] Updater:1056 - Updater Version found : 6.10.0
2024-04-08 22:36:15,825 [INFO] ApplicationProperties:184 - Using Application install path: C:\ST\STM32CubeIDE_1.14.1\STM32CubeIDE\plugins\com.st.stm32cube.common.mx_6.10.0.202311202037
2024-04-08 22:36:17,391 [ERROR] LogOutputStream:75 - [STDERR_REDIRECT] Apr 08, 2024 10:36:17 PM java.util.prefs.WindowsPreferences <init>
2024-04-08 22:36:17,391 [ERROR] LogOutputStream:75 - [STDERR_REDIRECT] WARNING: Could not open/create prefs root node Software\JavaSoft\Prefs at root 0xffffffff80000002. Windows RegCreateKeyEx(...) returned error code 5.
2024-04-08 22:36:17,392 [ERROR] LogOutputStream:75 - [STDERR_REDIRECT] 
2024-04-08 22:36:17,814 [INFO] MainUpdater:2873 - connection check result : 10
2024-04-08 22:36:17,815 [INFO] MainUpdater:3567 - Updater definition file requires update
2024-04-08 22:36:17,815 [INFO] MainUpdater:290 - Updater Check For Update Now.
2024-04-08 22:36:17,815 [INFO] MicroXplorer:498 - Change Database Version : DB.6.0.100
2024-04-08 22:36:17,819 [INFO] McuFinderGlobals:63 - Set McuFinder mode to 2 (CubeIDE integrated)
2024-04-08 22:36:17,959 [WARN] MainUpdater:1194 - Updater busy. Cannot search thirdparties
2024-04-08 22:36:17,959 [INFO] ThirdPartyUpdaterWithRetryManager:96 - Updater plugin is busy. [1/15]
2024-04-08 22:36:18,929 [INFO] UserAuth:404 - Internet connection configuration mode: 1
2024-04-08 22:36:18,939 [INFO] JxBrowserEngine:152 - Initiate JxBrowser Engine with user profile folder
2024-04-08 22:36:19,339 [INFO] WebApp:161 - Instantiating new browser for Auth
2024-04-08 22:36:19,701 [INFO] WebApp:780 - Register for checkConnection events
2024-04-08 22:36:19,701 [INFO] WebApp:414 - Apply proxy settings
2024-04-08 22:36:19,701 [INFO] WebApp:499 - Chromium requires no authentication
2024-04-08 22:36:19,706 [INFO] WebApp:442 - Direct internet connection detected
2024-04-08 22:36:19,817 [INFO] WebApp:192 - Starting web application
2024-04-08 22:36:19,817 [INFO] WebApp:544 - Web application path used C:\ST\STM32CubeIDE_1.14.1\STM32CubeIDE\plugins\com.st.stm32cube.common.mx_6.10.0.202311202037\db\plugins\mcufinder\reactClient1\index.html
2024-04-08 22:36:20,691 [INFO] ServerAccessManage:473 - Download File updaters.zip
2024-04-08 22:36:20,961 [WARN] MainUpdater:1194 - Updater busy. Cannot search thirdparties
2024-04-08 22:36:20,961 [INFO] ThirdPartyUpdaterWithRetryManager:96 - Updater plugin is busy. [2/15]
2024-04-08 22:36:21,395 [INFO] FileExtend:240 - Unzip File : updaters.zip
2024-04-08 22:36:21,395 [INFO] FileExtend:255 - Standard Zip Deflate
2024-04-08 22:36:22,650 [INFO] ServerAccessManage:473 - Download File PacksControlFlags.xml
2024-04-08 22:36:23,961 [WARN] MainUpdater:1194 - Updater busy. Cannot search thirdparties
2024-04-08 22:36:23,961 [INFO] ThirdPartyUpdaterWithRetryManager:96 - Updater plugin is busy. [3/15]
2024-04-08 22:36:23,971 [INFO] ServerAccessManage:473 - Download File cubemx.pidx
2024-04-08 22:36:24,031 [INFO] LoadServerUpdatesThread:375 - End of LoadServerUpdate Thread
2024-04-08 22:36:24,175 [INFO] CheckServerUpdateThread:120 - End of CheckServer Thread
2024-04-08 22:36:27,062 [WARN] PackLoader:240 - Cannot read IP mode file for STMicroelectronics.X-CUBE-SMBUS.2.1.0
2024-04-08 22:36:27,066 [WARN] PackLoader:240 - Cannot read IP mode file for STMicroelectronics.X-CUBE-TOUCHGFX.4.23.0
2024-04-08 22:36:27,069 [WARN] PackLoader:240 - Cannot read IP mode file for STMicroelectronics.X-CUBE-TOUCHGFX.4.23.2
2024-04-08 22:36:27,082 [WARN] PackLoader:240 - Cannot read IP mode file for STMicroelectronics.X-CUBE-AZRTOS-F7.1.1.0
2024-04-08 22:36:27,095 [WARN] PackLoader:240 - Cannot read IP mode file for STMicroelectronics.FP-SNS-MOTENV1.4.3.2
2024-04-08 22:36:27,099 [WARN] PackLoader:240 - Cannot read IP mode file for STMicroelectronics.FP-SNS-FLIGHT1.5.0.2
2024-04-08 22:36:27,105 [WARN] PackLoader:240 - Cannot read IP mode file for STMicroelectronics.X-CUBE-DISPLAY.3.0.0
2024-04-08 22:36:27,119 [WARN] PackLoader:240 - Cannot read IP mode file for STMicroelectronics.X-CUBE-BLE1.7.0.0
2024-04-08 22:36:27,124 [WARN] PackLoader:240 - Cannot read IP mode file for emotas.I-CUBE-CANOPEN.1.3.0
2024-04-08 22:36:27,131 [WARN] PackLoader:240 - Cannot read IP mode file for STMicroelectronics.X-CUBE-BLEMGR.3.1.0
2024-04-08 22:36:27,135 [WARN] PackLoader:240 - Cannot read IP mode file for STMicroelectronics.FP-SNS-SMARTAG2.1.2.0
2024-04-08 22:36:27,142 [INFO] LogOutputStream:77 - [STDOUT_REDIRECT] 1 : Invalid condition id : UX_CORESTACK_Condition cause : null
2024-04-08 22:36:27,143 [INFO] LogOutputStream:77 - [STDOUT_REDIRECT] 1 : Invalid condition id : UX_CORESTACK_Condition cause : null
2024-04-08 22:36:27,145 [INFO] LogOutputStream:77 - [STDOUT_REDIRECT] 1 : Invalid condition id : UX_CORESTACK_Condition cause : null
2024-04-08 22:36:27,146 [INFO] LogOutputStream:77 - [STDOUT_REDIRECT] 1 : Invalid condition id : UX_CORESTACK_Condition cause : null
2024-04-08 22:36:27,147 [INFO] LogOutputStream:77 - [STDOUT_REDIRECT] 1 : Invalid condition id : UX_CORESTACK_Condition cause : null
2024-04-08 22:36:27,152 [WARN] PackLoader:240 - Cannot read IP mode file for STMicroelectronics.X-CUBE-AZRTOS-WL.2.0.0
2024-04-08 22:36:27,157 [WARN] PackLoader:240 - Cannot read IP mode file for STMicroelectronics.FP-SNS-MOTENV1.5.0.0
2024-04-08 22:36:27,167 [WARN] PackLoader:240 - Cannot read IP mode file for WES.I-CUBE-Cesium.1.3.0
2024-04-08 22:36:27,172 [WARN] PackLoader:240 - Cannot read IP mode file for STMicroelectronics.X-CUBE-BLE2.3.3.0
2024-04-08 22:36:27,176 [WARN] PackLoader:240 - Cannot read IP mode file for STMicroelectronics.X-CUBE-ALGOBUILD.1.3.0
2024-04-08 22:36:27,187 [WARN] PackLoader:240 - Cannot read IP mode file for STMicroelectronics.X-CUBE-AZRTOS-G0.1.1.0
2024-04-08 22:36:27,194 [WARN] PackLoader:240 - Cannot read IP mode file for STMicroelectronics.X-CUBE-SAFEA1.1.2.2
2024-04-08 22:36:27,201 [WARN] PackLoader:240 - Cannot read IP mode file for STMicroelectronics.X-CUBE-NFC4.3.0.0
2024-04-08 22:36:27,208 [WARN] PackLoader:240 - Cannot read IP mode file for STMicroelectronics.X-CUBE-BLEMGR.3.0.0
2024-04-08 22:36:27,215 [WARN] PackLoader:240 - Cannot read IP mode file for STMicroelectronics.FP-ATR-SIGFOX1.3.2.0
2024-04-08 22:36:27,220 [WARN] PackLoader:240 - Cannot read IP mode file for STMicroelectronics.X-CUBE-EEPRMA1.5.1.0
2024-04-08 22:36:27,253 [WARN] PackLoader:240 - Cannot read IP mode file for SEGGER.I-CUBE-embOS.1.3.1
2024-04-08 22:36:27,283 [WARN] PackLoader:240 - Cannot read IP mode file for STMicroelectronics.X-CUBE-GNSS1.6.0.0
2024-04-08 22:36:27,297 [WARN] PackLoader:240 - Cannot read IP mode file for STMicroelectronics.X-CUBE-AZRTOS-F4.1.1.0
2024-04-08 22:36:27,301 [WARN] PackLoader:240 - Cannot read IP mode file for wolfSSL.I-CUBE-wolfSSL.5.6.6
2024-04-08 22:36:27,313 [WARN] PackLoader:240 - Cannot read IP mode file for STMicroelectronics.X-CUBE-AZRTOS-L5.2.0.0
2024-04-08 22:36:27,320 [WARN] PackLoader:240 - Cannot read IP mode file for STMicroelectronics.X-CUBE-NFC6.3.1.0
2024-04-08 22:36:27,326 [WARN] PackLoader:240 - Cannot read IP mode file for ITTIA_DB.I-CUBE-ITTIADB.8.8.0
2024-04-08 22:36:27,331 [WARN] PackLoader:240 - Cannot read IP mode file for STMicroelectronics.X-CUBE-NFC7.1.0.1
2024-04-08 22:36:27,336 [WARN] PackLoader:240 - Cannot read IP mode file for STMicroelectronics.X-CUBE-NFC6.3.0.0
2024-04-08 22:36:27,339 [WARN] PackLoader:240 - Cannot read IP mode file for STMicroelectronics.X-CUBE-AI.8.1.0
2024-04-08 22:36:27,348 [WARN] ConditionMgr:438 - getConditionDescription Invalid condition id : LAN8742 Phy interface Condition cause : null
2024-04-08 22:36:27,349 [WARN] PackLoader:240 - Cannot read IP mode file for STMicroelectronics.X-CUBE-AZRTOS-L4.2.0.0
2024-04-08 22:36:27,349 [WARN] ConditionMgr:1039 - genDependencies : Invalid condition id : LAN8742 Phy interface Condition cause : null
2024-04-08 22:36:27,351 [WARN] ConditionMgr:1039 - genDependencies : Invalid condition id : LAN8742 Phy interface Condition cause : null
2024-04-08 22:36:27,351 [WARN] ConditionMgr:1039 - genDependencies : Invalid condition id : LAN8742 Phy interface Condition cause : null
2024-04-08 22:36:27,356 [WARN] PackLoader:240 - Cannot read IP mode file for STMicroelectronics.X-CUBE-SFXS2LP1.4.0.0
2024-04-08 22:36:27,363 [WARN] ConditionMgr:438 - getConditionDescription Invalid condition id : UX DEVICE CLASS RTOS Condition cause : null
2024-04-08 22:36:27,363 [WARN] ConditionMgr:438 - getConditionDescription Invalid condition id : UX DEVICE CLASS RTOS Condition cause : null
2024-04-08 22:36:27,364 [WARN] PackLoader:240 - Cannot read IP mode file for STMicroelectronics.X-CUBE-AZRTOS-WB.2.0.0
2024-04-08 22:36:27,364 [WARN] ConditionMgr:1039 - genDependencies : Invalid condition id : UX DEVICE CLASS RTOS Condition cause : null
2024-04-08 22:36:27,364 [WARN] ConditionMgr:1039 - genDependencies : Invalid condition id : UX DEVICE CLASS RTOS Condition cause : null
2024-04-08 22:36:27,364 [WARN] ConditionMgr:1039 - genDependencies : Invalid condition id : UX DEVICE CLASS RTOS Condition cause : null
2024-04-08 22:36:27,365 [WARN] ConditionMgr:1039 - genDependencies : Invalid condition id : UX DEVICE CLASS RTOS Condition cause : null
2024-04-08 22:36:27,365 [WARN] ConditionMgr:1039 - genDependencies : Invalid condition id : UX DEVICE CLASS RTOS Condition cause : null
2024-04-08 22:36:27,371 [WARN] PackLoader:240 - Cannot read IP mode file for STMicroelectronics.X-CUBE-SUBG2.5.0.0
2024-04-08 22:36:27,386 [WARN] PackLoader:240 - Cannot read IP mode file for STMicroelectronics.X-CUBE-AZRTOS-G4.2.0.0
2024-04-08 22:36:27,394 [WARN] PackLoader:240 - Cannot read IP mode file for Infineon.AIROC-Wi-Fi-Bluetooth-STM32.1.5.1
2024-04-08 22:36:27,399 [WARN] PackLoader:240 - Cannot read IP mode file for STMicroelectronics.FP-SNS-MOTENVWB1.1.3.1
2024-04-08 22:36:27,402 [WARN] PackLoader:240 - Cannot read IP mode file for STMicroelectronics.X-CUBE-ISPU.2.0.0
2024-04-08 22:36:27,421 [WARN] PackLoader:240 - Cannot read IP mode file for STMicroelectronics.X-CUBE-MEMS1.10.0.0
2024-04-08 22:36:27,483 [WARN] PackLoader:240 - Cannot read IP mode file for STMicroelectronics.X-CUBE-FREERTOS.1.1.0
2024-04-08 22:36:27,486 [WARN] PackLoader:240 - Cannot read IP mode file for portGmbH.I-Cube-SoM-uGOAL.1.1.0
2024-04-08 22:36:27,489 [WARN] PackLoader:240 - Cannot read IP mode file for STMicroelectronics.X-CUBE-ALS.1.0.1
2024-04-08 22:36:27,492 [WARN] PackLoader:240 - Cannot read IP mode file for STMicroelectronics.FP-ATR-ASTRA1.2.0.0
2024-04-08 22:36:27,497 [WARN] PackLoader:240 - Cannot read IP mode file for STMicroelectronics.X-CUBE-TOF1.3.4.0
2024-04-08 22:36:27,508 [WARN] PackLoader:240 - Cannot read IP mode file for STMicroelectronics.X-CUBE-TOF1.3.4.1
2024-04-08 22:36:27,522 [WARN] PackLoader:240 - Cannot read IP mode file for STMicroelectronics.X-CUBE-AZRTOS-H7.3.2.0
2024-04-08 22:36:27,524 [INFO] ThirdParty:978 - Integrity check success = true
2024-04-08 22:36:27,524 [INFO] IntegrityCheckThread:100 - exiting critical section [integrity check]
2024-04-08 22:36:27,525 [INFO] IntegrityCheckThread:103 - End integrity checks thread
2024-04-08 22:36:40,346 [ERROR] LogOutputStream:75 - [STDERR_REDIRECT] SLF4J: Failed to load class "org.slf4j.impl.StaticLoggerBinder".
2024-04-08 22:36:40,346 [ERROR] LogOutputStream:75 - [STDERR_REDIRECT] SLF4J: Defaulting to no-operation (NOP) logger implementation
2024-04-08 22:36:40,347 [ERROR] LogOutputStream:75 - [STDERR_REDIRECT] SLF4J: See http://www.slf4j.org/codes.html#StaticLoggerBinder for further details.
2024-04-08 22:41:52,086 [INFO] McuFinderGlobals:63 - Set McuFinder mode to 2 (CubeIDE integrated)
2024-04-08 22:41:52,089 [INFO] MainUpdater:2873 - connection check result : 10
2024-04-08 22:41:52,090 [INFO] McuFinderGlobals:76 - Set McuFinderConnectedMode to true
2024-04-08 22:41:53,142 [INFO] ServerAccessManage:473 - Download File mcusAds.json._tmp_
2024-04-08 22:41:53,265 [INFO] LoadUrlFilesThread:156 - End of LoadUrlFiles Thread
2024-04-08 22:41:55,620 [INFO] ServerAccessManage:473 - Download File cube-finder-db.zip
2024-04-08 22:42:02,480 [INFO] FileExtend:240 - Unzip File : cube-finder-db.zip
2024-04-08 22:42:02,480 [INFO] FileExtend:255 - Standard Zip Deflate
2024-04-08 22:42:02,980 [INFO] LoadUrlFilesThread:156 - End of LoadUrlFiles Thread
2024-04-08 22:42:04,230 [INFO] ServerAccessManage:473 - Download File crdb.zip
2024-04-08 22:42:19,515 [INFO] FileExtend:240 - Unzip File : crdb.zip
2024-04-08 22:42:19,516 [INFO] FileExtend:255 - Standard Zip Deflate
2024-04-08 22:42:19,635 [INFO] LoadUrlFilesThread:156 - End of LoadUrlFiles Thread
2024-04-08 22:42:21,875 [INFO] ServerAccessManage:473 - Download File tutoVideoDB.zip
2024-04-08 22:42:21,892 [INFO] FileExtend:240 - Unzip File : tutoVideoDB.zip
2024-04-08 22:42:21,892 [INFO] FileExtend:255 - Standard Zip Deflate
2024-04-08 22:42:22,002 [INFO] LoadUrlFilesThread:156 - End of LoadUrlFiles Thread
2024-04-08 22:42:22,003 [WARN] DbFile:41 - Overriding database path with different value: C:\Users\benri\.stmcufinder\plugins\mcufinder/ => C:\Users\benri\.stmcufinder\plugins\mcufinder
2024-04-08 22:42:23,386 [INFO] ServerAccessManage:473 - Download File api_config.json
2024-04-08 22:42:23,492 [INFO] LoadUrlFilesThread:156 - End of LoadUrlFiles Thread
2024-04-08 22:42:23,492 [INFO] DbMcusAds:53 - JSON generation date=Wed Nov 29 21:52:27 AEDT 2023 (1701255147349)
2024-04-08 22:42:23,502 [INFO] LoadUrlFilesThread:185 - End of LoadServerUrlFiles without Thread
2024-04-08 22:42:23,502 [INFO] TargetSelectorAdapter:259 - Refresh data is successful
2024-04-08 22:42:23,795 [INFO] ApiDb:581 - Connected to CubeFinder SQLite database (C:\Users\benri\.stmcufinder\plugins\mcufinder\mcu\cube-finder-db.db)
2024-04-08 22:42:23,835 [INFO] ApiDb:668 - CubeFinder database Data Model version=2.1
2024-04-08 22:42:23,836 [INFO] ApiDb:669 - CubeFinder database Configuration version=3.0.39
2024-04-08 22:42:23,836 [INFO] ApiDb:670 - CubeFinder database generation date=2024-03-25 (1711369621)
2024-04-08 22:42:23,836 [INFO] ApiDb:671 - CubeFinder database FW Pack versions=[FP-ATR-ASTRA1_V2.0.0, FP-SNS-FLIGHT1_V5.0.1, FP-SNS-FLIGHT1_V5.0.2, FP-SNS-MOTENV1_V4.3.1, FP-SNS-MOTENV1_V4.3.2, FP-SNS-MOTENVWB1_V1.3.1, FP-SNS-SMARTAG2_V1.2.0, STM32Cube_FW_C0_V1.1.0, STM32Cube_FW_F4_V1.28.0, STM32Cube_FW_F7_V1.17.0, STM32Cube_FW_G0_V1.6.2, STM32Cube_FW_G4_V1.5.2, STM32Cube_FW_H5_V0.5.1, STM32Cube_FW_H5_V1.1.1, STM32Cube_FW_H5_V1.2.0, STM32Cube_FW_H5_V1.2.0RC4, STM32Cube_FW_H7RS_V1.0.0, STM32Cube_FW_H7RS_V1.0.0RC4, STM32Cube_FW_H7_V1.11.0, STM32Cube_FW_L0_V1.12.2, STM32Cube_FW_L5_V1.5.1, STM32Cube_FW_U0_V1.0.0, STM32Cube_FW_U0_V1.0.0RC1, STM32Cube_FW_U5_V1.3.0RC4, STM32Cube_FW_U5_V1.5.0, STM32Cube_FW_U5_V1.5.0RC1, STM32Cube_FW_WBA_V1.0.0RC1, STM32Cube_FW_WBA_V1.2.0, STM32Cube_FW_WBA_V1.2.0RC2, STM32Cube_FW_WBA_V1.3.0, STM32Cube_FW_WBA_V1.3.0RC1, STM32Cube_FW_WB_V1.15.0RC1, STM32Cube_FW_WB_V1.16.0, STM32Cube_FW_WB_V1.16.0RC2, STM32Cube_FW_WB_V1.18.0, STM32Cube_FW_WB_V1.19.0, STM32Cube_FW_WL_V1.3.0, X-CUBE-ALGOBUILD_V1.3.0, X-CUBE-ALS_V1.0.1, X-CUBE-AZRTOS-F4_V1.1.0, X-CUBE-AZRTOS-F7_V1.1.0, X-CUBE-AZRTOS-G0_V1.1.0, X-CUBE-AZRTOS-G4_V2.0.0, X-CUBE-AZRTOS-H7_V3.2.0, X-CUBE-AZRTOS-L4_V1.0.0, X-CUBE-AZRTOS-L4_V2.0.0, X-CUBE-AZRTOS-L5_V1.1.0, X-CUBE-AZRTOS-WB_V2.0.0, X-CUBE-AZRTOS-WL_V2.0.0, X-CUBE-BLE1_V7.0.0, X-CUBE-BLE2_V3.3.0, X-CUBE-BLEMGR_V3.1.0, X-CUBE-EEPRMA1_V4.1.0, X-CUBE-EEPRMA1_V5.1.0, X-CUBE-FREERTOS_V1.1.0, X-CUBE-GNSS1_V6.0.0, X-CUBE-MEMS1_V10.0.0, X-CUBE-MEMS1_V9.1.0, X-CUBE-MEMS1_V9.4.0, X-CUBE-MEMS1_V9.6.0, X-CUBE-NFC4_V3.0.0, X-CUBE-NFC7_V1.0.1, X-CUBE-SFXS2LP1_V4.0.0, X-CUBE-SUBG2_V5.0.0, X-CUBE-TOF1_V3.4.0]
2024-04-08 22:42:24,889 [INFO] ApiDb:240 - Found 371 in-development CPN: [B-G473E-ZEST1S, B-WB1M-WPAN1, B-WL5M-SUBG1, NUCLEO-C031C6, NUCLEO-H503RB, NUCLEO-H563ZI, NUCLEO-U545RE-Q, NUCLEO-U5A5ZJ-Q, NUCLEO-WBA52CG, NUCLEO-WBA55CG, STEVAL-MKBOXPRO, STEVAL-PROTEUS1, STEVAL-STWINBX1, STM320518-EVAL, STM32C0116-DK, STM32C011D6Y3TR, STM32C011D6Y6TR, STM32C011F4P3, STM32C011F4P6, STM32C011F4U3, STM32C011F4U6TR, STM32C011F6P3, STM32C011F6P6, STM32C011F6U3, STM32C011F6U6TR, STM32C011J4M3, STM32C011J4M6, STM32C011J6M3, STM32C011J6M6, STM32C0316-DK, STM32C031C4T3, STM32C031C4T6, STM32C031C4U3, STM32C031C4U6, STM32C031C6T3, STM32C031C6T6, STM32C031C6U3, STM32C031C6U6, STM32C031F4P3, STM32C031F4P6, STM32C031F6P3, STM32C031F6P6, STM32C031G4U3, STM32C031G4U6, STM32C031G6U3, STM32C031G6U6, STM32C031K4T3, STM32C031K4T6, STM32C031K4U3, STM32C031K4U6, STM32C031K6T3, STM32C031K6T6, STM32C031K6U3, STM32C031K6U6, STM32G071K8TXN, STM32G071K8UXN, STM32G081GBU6N, STM32G081KBT6N, STM32G081KBUXN, STM32G0B1CCT6N, STM32G0B1KCT6, STM32G0B1NEY6TR, STM32G0B1RCT6N, STM32G0C1CCT6, STM32G0C1CCT6N, STM32G0C1CCU6N, STM32G0C1CET6N, STM32G0C1CEU6N, STM32G0C1KCT6, STM32G0C1NEY6TR, STM32G0C1RCI6N, STM32G0C1RCT6N, STM32G0C1REI6N, STM32G0C1RET6N, STM32G0C1VCI6, STM32G0C1VEI6, STM32G471CCT6, STM32G471CCU6, STM32G471CET3, STM32G471CET6, STM32G471CEU3, STM32G471CEU6, STM32G471MCT6, STM32G471MET3, STM32G471MET6, STM32G471MEY6TR, STM32G471QCT6, STM32G471QET3, STM32G471RCT6, STM32G471RET3, STM32G471RET6, STM32G471VCH6, STM32G471VCI6, STM32G471VCT6, STM32G471VEH3, STM32G471VEH6, STM32G471VEI3, STM32G471VEI6, STM32G471VET3, STM32G471VET6, STM32G474CCT6, STM32H503CBT6, STM32H503CBU6, STM32H503EBY6TR, STM32H503KBU6, STM32H503RBT6, STM32H562AGI6, STM32H562AII6, STM32H562IGK6, STM32H562IGT6, STM32H562IIK6, STM32H562IIT6, STM32H562RGT6, STM32H562RGV6, STM32H562RIT6, STM32H562RIV6, STM32H562VGT6, STM32H562VIT6, STM32H562ZGT6, STM32H562ZIT6, STM32H563AGI6, STM32H563AII3Q, STM32H563AII6, STM32H563IGK6, STM32H563IGT6, STM32H563IIK3Q, STM32H563IIK6, STM32H563IIT3Q, STM32H563IIT6, STM32H563MIY3QTR, STM32H563RGT6, STM32H563RGV6, STM32H563RIT6, STM32H563RIV6, STM32H563VGT6, STM32H563VIT3Q, STM32H563VIT6, STM32H563ZGT6, STM32H563ZIT3Q, STM32H563ZIT6, STM32H573AII3Q, STM32H573AII6, STM32H573I-DK, STM32H573IIK3Q, STM32H573IIK6, STM32H573IIT3Q, STM32H573IIT6, STM32H573MIY3QTR, STM32H573RIT6, STM32H573RIV6, STM32H573VIT3Q, STM32H573VIT6, STM32H573ZIT3Q, STM32H573ZIT6, STM32L4R5QGI6STR, STM32MP131AAE3, STM32MP131AAF3, STM32MP131AAG3, STM32MP131CAE3, STM32MP131CAF3, STM32MP131CAG3, STM32MP131DAE7, STM32MP131DAF7, STM32MP131DAG7, STM32MP131FAE7, STM32MP131FAF7, STM32MP131FAG7, STM32MP133AAE3, STM32MP133AAF3, STM32MP133AAG3, STM32MP133CAE3, STM32MP133CAF3, STM32MP133CAG3, STM32MP133DAE7, STM32MP133DAF7, STM32MP133DAG7, STM32MP133FAE7, STM32MP133FAF7, STM32MP133FAG7, STM32MP135AAE3, STM32MP135AAF3, STM32MP135AAG3, STM32MP135CAE3, STM32MP135CAF3, STM32MP135CAG3, STM32MP135DAE7, STM32MP135DAF7, STM32MP135DAG7, STM32MP135F-DK, STM32MP135FAE7, STM32MP135FAF7, STM32MP135FAF7T, STM32MP135FAF7U, STM32MP135FAG7, STM32U535CBT6, STM32U535CBT6Q, STM32U535CBU6, STM32U535CBU6Q, STM32U535CCT6, STM32U535CCT6Q, STM32U535CCU6, STM32U535CCU6Q, STM32U535CET6, STM32U535CET6Q, STM32U535CEU6, STM32U535CEU6Q, STM32U535JEY6QTR, STM32U535NCY6QTR, STM32U535NEY6QTR, STM32U535RBI6, STM32U535RBI6Q, STM32U535RBT6, STM32U535RBT6Q, STM32U535RCI6, STM32U535RCI6Q, STM32U535RCT6, STM32U535RCT6Q, STM32U535REI6, STM32U535REI6Q, STM32U535RET6, STM32U535RET6Q, STM32U535VCI6, STM32U535VCI6Q, STM32U535VCT6, STM32U535VCT6Q, STM32U535VEI6, STM32U535VEI6Q, STM32U535VET6, STM32U535VET6Q, STM32U545CET6, STM32U545CET6Q, STM32U545CEU6, STM32U545CEU6Q, STM32U545JEY6QTR, STM32U545NEY6QTR, STM32U545REI6, STM32U545REI6Q, STM32U545RET6, STM32U545RET6Q, STM32U545VEI6, STM32U545VEI6Q, STM32U545VET6, STM32U545VET6Q, STM32U595AIH6, STM32U595AIH6Q, STM32U595AJH6, STM32U595AJH6Q, STM32U595QII6, STM32U595QII6Q, STM32U595QJI6, STM32U595QJI6Q, STM32U595RIT6, STM32U595RIT6Q, STM32U595RJT6, STM32U595RJT6Q, STM32U595VIT6, STM32U595VIT6Q, STM32U595VJT6, STM32U595VJT6Q, STM32U595ZIT6, STM32U595ZIT6Q, STM32U595ZIY6QTR, STM32U595ZJT6, STM32U595ZJT6Q, STM32U595ZJY6QTR, STM32U599BJY6QTR, STM32U599NIH6Q, STM32U599NJH6Q, STM32U599VIT6Q, STM32U599VJT6, STM32U599VJT6Q, STM32U599ZIT6Q, STM32U599ZIY6QTR, STM32U599ZJT6Q, STM32U599ZJY6QTR, STM32U5A5AJH6, STM32U5A5AJH6Q, STM32U5A5QJI6, STM32U5A5QJI6Q, STM32U5A5RJT6, STM32U5A5RJT6Q, STM32U5A5VJT6, STM32U5A5VJT6Q, STM32U5A5ZJT6, STM32U5A5ZJT6Q, STM32U5A5ZJY6QTR, STM32U5A9BJY6QTR, STM32U5A9J-DK, STM32U5A9NJH6Q, STM32U5A9VJT6Q, STM32U5A9ZJT6Q, STM32U5A9ZJY6QTR, STM32U5F7VIT6, STM32U5F7VIT6Q, STM32U5F7VJT6, STM32U5F7VJT6Q, STM32U5F9BJY6QTR, STM32U5F9NJH6Q, STM32U5F9VIT6Q, STM32U5F9VJT6Q, STM32U5F9ZIJ6QTR, STM32U5F9ZIT6Q, STM32U5F9ZJJ6QTR, STM32U5F9ZJT6Q, STM32U5G7VJT6, STM32U5G7VJT6Q, STM32U5G9BJY6QTR, STM32U5G9J-DK1, STM32U5G9J-DK2, STM32U5G9NJH6Q, STM32U5G9VJT6Q, STM32U5G9ZJJ6QTR, STM32U5G9ZJT6Q, STM32WB1MMCH6, STM32WBA50KEU6, STM32WBA50KEU6TR, STM32WBA50KGU6, STM32WBA50KGU6TR, STM32WBA52CEU6, STM32WBA52CEU6TR, STM32WBA52CEU7, STM32WBA52CEU7TR, STM32WBA52CGU6, STM32WBA52CGU6TR, STM32WBA52CGU6U, STM32WBA52CGU7, STM32WBA52CGU7TR, STM32WBA52KEU6, STM32WBA52KEU6TR, STM32WBA52KGU6, STM32WBA52KGU6TR, STM32WBA54CEU6, STM32WBA54CEU6TR, STM32WBA54CEU7, STM32WBA54CEU7TR, STM32WBA54CGU6, STM32WBA54CGU6TR, STM32WBA54CGU7, STM32WBA54CGU7TR, STM32WBA54KEU6, STM32WBA54KEU6TR, STM32WBA54KEU7, STM32WBA54KEU7TR, STM32WBA54KGU6, STM32WBA54KGU6TR, STM32WBA54KGU7, STM32WBA54KGU7TR, STM32WBA55CEU6, STM32WBA55CEU6TR, STM32WBA55CEU7, STM32WBA55CEU7TR, STM32WBA55CGU6, STM32WBA55CGU6TR, STM32WBA55CGU6U, STM32WBA55CGU7, STM32WBA55CGU7TR, STM32WBA55G-DK1, STM32WBA55HEF6, STM32WBA55HEF7, STM32WBA55HGF6, STM32WBA55HGF7, STM32WBA55UEI6, STM32WBA55UEI6TR, STM32WBA55UEI7, STM32WBA55UEI7TR, STM32WBA55UGI6, STM32WBA55UGI6TR, STM32WBA55UGI7, STM32WBA55UGI7TR, STM32WL5MOCH6, STM32WL5MOCH6TR]
2024-04-08 22:42:24,891 [INFO] DbMcus:218 - Found 4069 MCUs, 4069 are supported
2024-04-08 22:42:24,892 [INFO] ApiDb:423 - Load user favorites file C:\Users\benri/.stm32cubeide/favorites.mcus.txt: 0 item(s)
2024-04-08 22:42:24,892 [INFO] ApiDb:427 - User favorites MCUs=[]
2024-04-08 22:42:24,892 [INFO] DbMcus:224 - Set 0 / 0 favorites MCUs
2024-04-08 22:42:25,076 [INFO] ApiDb:668 - CubeFinder database Data Model version=2.1
2024-04-08 22:42:25,076 [INFO] ApiDb:669 - CubeFinder database Configuration version=3.0.39
2024-04-08 22:42:25,076 [INFO] ApiDb:670 - CubeFinder database generation date=2024-03-25 (1711369621)
2024-04-08 22:42:25,076 [INFO] ApiDb:671 - CubeFinder database FW Pack versions=[FP-ATR-ASTRA1_V2.0.0, FP-SNS-FLIGHT1_V5.0.1, FP-SNS-FLIGHT1_V5.0.2, FP-SNS-MOTENV1_V4.3.1, FP-SNS-MOTENV1_V4.3.2, FP-SNS-MOTENVWB1_V1.3.1, FP-SNS-SMARTAG2_V1.2.0, STM32Cube_FW_C0_V1.1.0, STM32Cube_FW_F4_V1.28.0, STM32Cube_FW_F7_V1.17.0, STM32Cube_FW_G0_V1.6.2, STM32Cube_FW_G4_V1.5.2, STM32Cube_FW_H5_V0.5.1, STM32Cube_FW_H5_V1.1.1, STM32Cube_FW_H5_V1.2.0, STM32Cube_FW_H5_V1.2.0RC4, STM32Cube_FW_H7RS_V1.0.0, STM32Cube_FW_H7RS_V1.0.0RC4, STM32Cube_FW_H7_V1.11.0, STM32Cube_FW_L0_V1.12.2, STM32Cube_FW_L5_V1.5.1, STM32Cube_FW_U0_V1.0.0, STM32Cube_FW_U0_V1.0.0RC1, STM32Cube_FW_U5_V1.3.0RC4, STM32Cube_FW_U5_V1.5.0, STM32Cube_FW_U5_V1.5.0RC1, STM32Cube_FW_WBA_V1.0.0RC1, STM32Cube_FW_WBA_V1.2.0, STM32Cube_FW_WBA_V1.2.0RC2, STM32Cube_FW_WBA_V1.3.0, STM32Cube_FW_WBA_V1.3.0RC1, STM32Cube_FW_WB_V1.15.0RC1, STM32Cube_FW_WB_V1.16.0, STM32Cube_FW_WB_V1.16.0RC2, STM32Cube_FW_WB_V1.18.0, STM32Cube_FW_WB_V1.19.0, STM32Cube_FW_WL_V1.3.0, X-CUBE-ALGOBUILD_V1.3.0, X-CUBE-ALS_V1.0.1, X-CUBE-AZRTOS-F4_V1.1.0, X-CUBE-AZRTOS-F7_V1.1.0, X-CUBE-AZRTOS-G0_V1.1.0, X-CUBE-AZRTOS-G4_V2.0.0, X-CUBE-AZRTOS-H7_V3.2.0, X-CUBE-AZRTOS-L4_V1.0.0, X-CUBE-AZRTOS-L4_V2.0.0, X-CUBE-AZRTOS-L5_V1.1.0, X-CUBE-AZRTOS-WB_V2.0.0, X-CUBE-AZRTOS-WL_V2.0.0, X-CUBE-BLE1_V7.0.0, X-CUBE-BLE2_V3.3.0, X-CUBE-BLEMGR_V3.1.0, X-CUBE-EEPRMA1_V4.1.0, X-CUBE-EEPRMA1_V5.1.0, X-CUBE-FREERTOS_V1.1.0, X-CUBE-GNSS1_V6.0.0, X-CUBE-MEMS1_V10.0.0, X-CUBE-MEMS1_V9.1.0, X-CUBE-MEMS1_V9.4.0, X-CUBE-MEMS1_V9.6.0, X-CUBE-NFC4_V3.0.0, X-CUBE-NFC7_V1.0.1, X-CUBE-SFXS2LP1_V4.0.0, X-CUBE-SUBG2_V5.0.0, X-CUBE-TOF1_V3.4.0]
2024-04-08 22:42:25,106 [INFO] DbBoardsSqlite:226 - include board P-NUCLEO-WB55-NUCLEO as a kit item of type 'Nucleo-64'
2024-04-08 22:42:25,107 [INFO] DbBoardsSqlite:226 - include board P-NUCLEO-WB55-USBDONGLE as a kit item of type 'Nucleo USB Dongle'
2024-04-08 22:42:25,107 [INFO] DbBoardsSqlite:226 - include board STEVAL-IDP005V1 as a kit item of type 'Evaluation Board'
2024-04-08 22:42:25,107 [INFO] DbBoardsSqlite:226 - include board STEVAL-IDP005V2 as a kit item of type 'Evaluation Board'
2024-04-08 22:42:25,136 [INFO] ApiDb:240 - Found 371 in-development CPN: [B-G473E-ZEST1S, B-WB1M-WPAN1, B-WL5M-SUBG1, NUCLEO-C031C6, NUCLEO-H503RB, NUCLEO-H563ZI, NUCLEO-U545RE-Q, NUCLEO-U5A5ZJ-Q, NUCLEO-WBA52CG, NUCLEO-WBA55CG, STEVAL-MKBOXPRO, STEVAL-PROTEUS1, STEVAL-STWINBX1, STM320518-EVAL, STM32C0116-DK, STM32C011D6Y3TR, STM32C011D6Y6TR, STM32C011F4P3, STM32C011F4P6, STM32C011F4U3, STM32C011F4U6TR, STM32C011F6P3, STM32C011F6P6, STM32C011F6U3, STM32C011F6U6TR, STM32C011J4M3, STM32C011J4M6, STM32C011J6M3, STM32C011J6M6, STM32C0316-DK, STM32C031C4T3, STM32C031C4T6, STM32C031C4U3, STM32C031C4U6, STM32C031C6T3, STM32C031C6T6, STM32C031C6U3, STM32C031C6U6, STM32C031F4P3, STM32C031F4P6, STM32C031F6P3, STM32C031F6P6, STM32C031G4U3, STM32C031G4U6, STM32C031G6U3, STM32C031G6U6, STM32C031K4T3, STM32C031K4T6, STM32C031K4U3, STM32C031K4U6, STM32C031K6T3, STM32C031K6T6, STM32C031K6U3, STM32C031K6U6, STM32G071K8TXN, STM32G071K8UXN, STM32G081GBU6N, STM32G081KBT6N, STM32G081KBUXN, STM32G0B1CCT6N, STM32G0B1KCT6, STM32G0B1NEY6TR, STM32G0B1RCT6N, STM32G0C1CCT6, STM32G0C1CCT6N, STM32G0C1CCU6N, STM32G0C1CET6N, STM32G0C1CEU6N, STM32G0C1KCT6, STM32G0C1NEY6TR, STM32G0C1RCI6N, STM32G0C1RCT6N, STM32G0C1REI6N, STM32G0C1RET6N, STM32G0C1VCI6, STM32G0C1VEI6, STM32G471CCT6, STM32G471CCU6, STM32G471CET3, STM32G471CET6, STM32G471CEU3, STM32G471CEU6, STM32G471MCT6, STM32G471MET3, STM32G471MET6, STM32G471MEY6TR, STM32G471QCT6, STM32G471QET3, STM32G471RCT6, STM32G471RET3, STM32G471RET6, STM32G471VCH6, STM32G471VCI6, STM32G471VCT6, STM32G471VEH3, STM32G471VEH6, STM32G471VEI3, STM32G471VEI6, STM32G471VET3, STM32G471VET6, STM32G474CCT6, STM32H503CBT6, STM32H503CBU6, STM32H503EBY6TR, STM32H503KBU6, STM32H503RBT6, STM32H562AGI6, STM32H562AII6, STM32H562IGK6, STM32H562IGT6, STM32H562IIK6, STM32H562IIT6, STM32H562RGT6, STM32H562RGV6, STM32H562RIT6, STM32H562RIV6, STM32H562VGT6, STM32H562VIT6, STM32H562ZGT6, STM32H562ZIT6, STM32H563AGI6, STM32H563AII3Q, STM32H563AII6, STM32H563IGK6, STM32H563IGT6, STM32H563IIK3Q, STM32H563IIK6, STM32H563IIT3Q, STM32H563IIT6, STM32H563MIY3QTR, STM32H563RGT6, STM32H563RGV6, STM32H563RIT6, STM32H563RIV6, STM32H563VGT6, STM32H563VIT3Q, STM32H563VIT6, STM32H563ZGT6, STM32H563ZIT3Q, STM32H563ZIT6, STM32H573AII3Q, STM32H573AII6, STM32H573I-DK, STM32H573IIK3Q, STM32H573IIK6, STM32H573IIT3Q, STM32H573IIT6, STM32H573MIY3QTR, STM32H573RIT6, STM32H573RIV6, STM32H573VIT3Q, STM32H573VIT6, STM32H573ZIT3Q, STM32H573ZIT6, STM32L4R5QGI6STR, STM32MP131AAE3, STM32MP131AAF3, STM32MP131AAG3, STM32MP131CAE3, STM32MP131CAF3, STM32MP131CAG3, STM32MP131DAE7, STM32MP131DAF7, STM32MP131DAG7, STM32MP131FAE7, STM32MP131FAF7, STM32MP131FAG7, STM32MP133AAE3, STM32MP133AAF3, STM32MP133AAG3, STM32MP133CAE3, STM32MP133CAF3, STM32MP133CAG3, STM32MP133DAE7, STM32MP133DAF7, STM32MP133DAG7, STM32MP133FAE7, STM32MP133FAF7, STM32MP133FAG7, STM32MP135AAE3, STM32MP135AAF3, STM32MP135AAG3, STM32MP135CAE3, STM32MP135CAF3, STM32MP135CAG3, STM32MP135DAE7, STM32MP135DAF7, STM32MP135DAG7, STM32MP135F-DK, STM32MP135FAE7, STM32MP135FAF7, STM32MP135FAF7T, STM32MP135FAF7U, STM32MP135FAG7, STM32U535CBT6, STM32U535CBT6Q, STM32U535CBU6, STM32U535CBU6Q, STM32U535CCT6, STM32U535CCT6Q, STM32U535CCU6, STM32U535CCU6Q, STM32U535CET6, STM32U535CET6Q, STM32U535CEU6, STM32U535CEU6Q, STM32U535JEY6QTR, STM32U535NCY6QTR, STM32U535NEY6QTR, STM32U535RBI6, STM32U535RBI6Q, STM32U535RBT6, STM32U535RBT6Q, STM32U535RCI6, STM32U535RCI6Q, STM32U535RCT6, STM32U535RCT6Q, STM32U535REI6, STM32U535REI6Q, STM32U535RET6, STM32U535RET6Q, STM32U535VCI6, STM32U535VCI6Q, STM32U535VCT6, STM32U535VCT6Q, STM32U535VEI6, STM32U535VEI6Q, STM32U535VET6, STM32U535VET6Q, STM32U545CET6, STM32U545CET6Q, STM32U545CEU6, STM32U545CEU6Q, STM32U545JEY6QTR, STM32U545NEY6QTR, STM32U545REI6, STM32U545REI6Q, STM32U545RET6, STM32U545RET6Q, STM32U545VEI6, STM32U545VEI6Q, STM32U545VET6, STM32U545VET6Q, STM32U595AIH6, STM32U595AIH6Q, STM32U595AJH6, STM32U595AJH6Q, STM32U595QII6, STM32U595QII6Q, STM32U595QJI6, STM32U595QJI6Q, STM32U595RIT6, STM32U595RIT6Q, STM32U595RJT6, STM32U595RJT6Q, STM32U595VIT6, STM32U595VIT6Q, STM32U595VJT6, STM32U595VJT6Q, STM32U595ZIT6, STM32U595ZIT6Q, STM32U595ZIY6QTR, STM32U595ZJT6, STM32U595ZJT6Q, STM32U595ZJY6QTR, STM32U599BJY6QTR, STM32U599NIH6Q, STM32U599NJH6Q, STM32U599VIT6Q, STM32U599VJT6, STM32U599VJT6Q, STM32U599ZIT6Q, STM32U599ZIY6QTR, STM32U599ZJT6Q, STM32U599ZJY6QTR, STM32U5A5AJH6, STM32U5A5AJH6Q, STM32U5A5QJI6, STM32U5A5QJI6Q, STM32U5A5RJT6, STM32U5A5RJT6Q, STM32U5A5VJT6, STM32U5A5VJT6Q, STM32U5A5ZJT6, STM32U5A5ZJT6Q, STM32U5A5ZJY6QTR, STM32U5A9BJY6QTR, STM32U5A9J-DK, STM32U5A9NJH6Q, STM32U5A9VJT6Q, STM32U5A9ZJT6Q, STM32U5A9ZJY6QTR, STM32U5F7VIT6, STM32U5F7VIT6Q, STM32U5F7VJT6, STM32U5F7VJT6Q, STM32U5F9BJY6QTR, STM32U5F9NJH6Q, STM32U5F9VIT6Q, STM32U5F9VJT6Q, STM32U5F9ZIJ6QTR, STM32U5F9ZIT6Q, STM32U5F9ZJJ6QTR, STM32U5F9ZJT6Q, STM32U5G7VJT6, STM32U5G7VJT6Q, STM32U5G9BJY6QTR, STM32U5G9J-DK1, STM32U5G9J-DK2, STM32U5G9NJH6Q, STM32U5G9VJT6Q, STM32U5G9ZJJ6QTR, STM32U5G9ZJT6Q, STM32WB1MMCH6, STM32WBA50KEU6, STM32WBA50KEU6TR, STM32WBA50KGU6, STM32WBA50KGU6TR, STM32WBA52CEU6, STM32WBA52CEU6TR, STM32WBA52CEU7, STM32WBA52CEU7TR, STM32WBA52CGU6, STM32WBA52CGU6TR, STM32WBA52CGU6U, STM32WBA52CGU7, STM32WBA52CGU7TR, STM32WBA52KEU6, STM32WBA52KEU6TR, STM32WBA52KGU6, STM32WBA52KGU6TR, STM32WBA54CEU6, STM32WBA54CEU6TR, STM32WBA54CEU7, STM32WBA54CEU7TR, STM32WBA54CGU6, STM32WBA54CGU6TR, STM32WBA54CGU7, STM32WBA54CGU7TR, STM32WBA54KEU6, STM32WBA54KEU6TR, STM32WBA54KEU7, STM32WBA54KEU7TR, STM32WBA54KGU6, STM32WBA54KGU6TR, STM32WBA54KGU7, STM32WBA54KGU7TR, STM32WBA55CEU6, STM32WBA55CEU6TR, STM32WBA55CEU7, STM32WBA55CEU7TR, STM32WBA55CGU6, STM32WBA55CGU6TR, STM32WBA55CGU6U, STM32WBA55CGU7, STM32WBA55CGU7TR, STM32WBA55G-DK1, STM32WBA55HEF6, STM32WBA55HEF7, STM32WBA55HGF6, STM32WBA55HGF7, STM32WBA55UEI6, STM32WBA55UEI6TR, STM32WBA55UEI7, STM32WBA55UEI7TR, STM32WBA55UGI6, STM32WBA55UGI6TR, STM32WBA55UGI7, STM32WBA55UGI7TR, STM32WL5MOCH6, STM32WL5MOCH6TR]
2024-04-08 22:42:25,189 [INFO] BoardInfo:889 - No configuration file found for board NUCLEO-H7S3L8
2024-04-08 22:42:25,189 [INFO] DbBoards:161 - Board is not supported: NUCLEO-H7S3L8
2024-04-08 22:42:25,200 [INFO] BoardInfo:889 - No configuration file found for board NUCLEO-U031R8
2024-04-08 22:42:25,201 [INFO] DbBoards:161 - Board is not supported: NUCLEO-U031R8
2024-04-08 22:42:25,201 [INFO] BoardInfo:889 - No configuration file found for board NUCLEO-U083RC
2024-04-08 22:42:25,201 [INFO] DbBoards:161 - Board is not supported: NUCLEO-U083RC
2024-04-08 22:42:25,208 [INFO] BoardInfo:889 - No configuration file found for board P-NUCLEO-WB55
2024-04-08 22:42:25,208 [INFO] DbBoards:161 - Kit is not supported: P-NUCLEO-WB55
2024-04-08 22:42:25,210 [INFO] BoardInfo:889 - No configuration file found for board STEVAL-BFA001V1B
2024-04-08 22:42:25,210 [INFO] DbBoards:161 - Kit is not supported: STEVAL-BFA001V1B
2024-04-08 22:42:25,211 [INFO] BoardInfo:889 - No configuration file found for board STEVAL-BFA001V2B
2024-04-08 22:42:25,211 [INFO] DbBoards:161 - Kit is not supported: STEVAL-BFA001V2B
2024-04-08 22:42:25,255 [INFO] BoardInfo:889 - No configuration file found for board STM32H7S78-DK
2024-04-08 22:42:25,256 [INFO] DbBoards:161 - Board is not supported: STM32H7S78-DK
2024-04-08 22:42:25,270 [INFO] BoardInfo:889 - No configuration file found for board STM32U083C-DK
2024-04-08 22:42:25,271 [INFO] DbBoards:161 - Board is not supported: STM32U083C-DK
2024-04-08 22:42:25,275 [INFO] DbBoards:168 - Found 198 boards, 190 are supported
2024-04-08 22:42:25,275 [INFO] DbBoards:169 - Found 198 boards, 3 of them is supported for  Bsp
2024-04-08 22:42:25,277 [INFO] ApiDb:423 - Load user favorites file C:\Users\benri/.stm32cubeide/favorites.boards.txt: 1 item(s)
2024-04-08 22:42:25,277 [INFO] ApiDb:427 - User favorites Boards=[STM32F3DISCOVERY]
2024-04-08 22:42:25,277 [INFO] DbBoards:198 - Set 1 / 1 favorites Boards
2024-04-08 22:42:25,279 [INFO] ApiDb:668 - CubeFinder database Data Model version=2.1
2024-04-08 22:42:25,279 [INFO] ApiDb:669 - CubeFinder database Configuration version=3.0.39
2024-04-08 22:42:25,279 [INFO] ApiDb:670 - CubeFinder database generation date=2024-03-25 (1711369621)
2024-04-08 22:42:25,279 [INFO] ApiDb:671 - CubeFinder database FW Pack versions=[FP-ATR-ASTRA1_V2.0.0, FP-SNS-FLIGHT1_V5.0.1, FP-SNS-FLIGHT1_V5.0.2, FP-SNS-MOTENV1_V4.3.1, FP-SNS-MOTENV1_V4.3.2, FP-SNS-MOTENVWB1_V1.3.1, FP-SNS-SMARTAG2_V1.2.0, STM32Cube_FW_C0_V1.1.0, STM32Cube_FW_F4_V1.28.0, STM32Cube_FW_F7_V1.17.0, STM32Cube_FW_G0_V1.6.2, STM32Cube_FW_G4_V1.5.2, STM32Cube_FW_H5_V0.5.1, STM32Cube_FW_H5_V1.1.1, STM32Cube_FW_H5_V1.2.0, STM32Cube_FW_H5_V1.2.0RC4, STM32Cube_FW_H7RS_V1.0.0, STM32Cube_FW_H7RS_V1.0.0RC4, STM32Cube_FW_H7_V1.11.0, STM32Cube_FW_L0_V1.12.2, STM32Cube_FW_L5_V1.5.1, STM32Cube_FW_U0_V1.0.0, STM32Cube_FW_U0_V1.0.0RC1, STM32Cube_FW_U5_V1.3.0RC4, STM32Cube_FW_U5_V1.5.0, STM32Cube_FW_U5_V1.5.0RC1, STM32Cube_FW_WBA_V1.0.0RC1, STM32Cube_FW_WBA_V1.2.0, STM32Cube_FW_WBA_V1.2.0RC2, STM32Cube_FW_WBA_V1.3.0, STM32Cube_FW_WBA_V1.3.0RC1, STM32Cube_FW_WB_V1.15.0RC1, STM32Cube_FW_WB_V1.16.0, STM32Cube_FW_WB_V1.16.0RC2, STM32Cube_FW_WB_V1.18.0, STM32Cube_FW_WB_V1.19.0, STM32Cube_FW_WL_V1.3.0, X-CUBE-ALGOBUILD_V1.3.0, X-CUBE-ALS_V1.0.1, X-CUBE-AZRTOS-F4_V1.1.0, X-CUBE-AZRTOS-F7_V1.1.0, X-CUBE-AZRTOS-G0_V1.1.0, X-CUBE-AZRTOS-G4_V2.0.0, X-CUBE-AZRTOS-H7_V3.2.0, X-CUBE-AZRTOS-L4_V1.0.0, X-CUBE-AZRTOS-L4_V2.0.0, X-CUBE-AZRTOS-L5_V1.1.0, X-CUBE-AZRTOS-WB_V2.0.0, X-CUBE-AZRTOS-WL_V2.0.0, X-CUBE-BLE1_V7.0.0, X-CUBE-BLE2_V3.3.0, X-CUBE-BLEMGR_V3.1.0, X-CUBE-EEPRMA1_V4.1.0, X-CUBE-EEPRMA1_V5.1.0, X-CUBE-FREERTOS_V1.1.0, X-CUBE-GNSS1_V6.0.0, X-CUBE-MEMS1_V10.0.0, X-CUBE-MEMS1_V9.1.0, X-CUBE-MEMS1_V9.4.0, X-CUBE-MEMS1_V9.6.0, X-CUBE-NFC4_V3.0.0, X-CUBE-NFC7_V1.0.1, X-CUBE-SFXS2LP1_V4.0.0, X-CUBE-SUBG2_V5.0.0, X-CUBE-TOF1_V3.4.0]
2024-04-08 22:42:25,694 [ERROR] DbExamplesSqlite:437 - Missing JSON key: board_cpn
2024-04-08 22:42:25,694 [ERROR] DbExamplesSqlite:437 - Missing JSON key: board_cpn
2024-04-08 22:42:25,694 [ERROR] DbExamplesSqlite:437 - Missing JSON key: board_cpn
2024-04-08 22:42:25,694 [ERROR] DbExamplesSqlite:437 - Missing JSON key: board_cpn
2024-04-08 22:42:25,752 [INFO] DbExamplesSqlite:395 - Ignored 60 examples not supported by CubeIDE
2024-04-08 22:42:25,752 [INFO] DbExamplesSqlite:396 - Found 8152 examples active
2024-04-08 22:42:25,752 [INFO] DbExamplesSqlite:397 - Found 871 examples obsolete
2024-04-08 22:42:25,753 [INFO] DbExamplesSqlite:398 - Found 0 examples under development
2024-04-08 22:42:25,753 [INFO] DbExamplesSqlite:399 - Found 10 examples not building
2024-04-08 22:42:25,754 [INFO] DbExamples:125 - Found 8102 examples
2024-04-08 22:42:25,768 [ERROR] DbExamples:208 - Found 48 examples with invalid data (board or MCU)
2024-04-08 22:42:25,768 [INFO] DbExamples:222 - Found 100 boards with related examples
2024-04-08 22:42:25,769 [INFO] DbExamples:235 - Found 85 MCUs with related examples
2024-04-08 22:42:25,779 [INFO] ApiDb:414 - User favorites file not found: C:\Users\benri/.stm32cubeide/favorites.examples.txt
2024-04-08 22:42:25,779 [INFO] DbExamples:250 - Set 0 / 0 favorites Examples
2024-04-08 22:42:25,852 [INFO] McuFinderGlobals:76 - Set McuFinderConnectedMode to true
2024-04-08 22:42:25,859 [INFO] MultiScanPanel:200 - Auto-refresh data requested => check proxy status ongoing
2024-04-08 22:42:25,861 [INFO] FinderPluginLoader:95 - Searching for filters in installed packs
2024-04-08 22:42:26,625 [INFO] LoadUrlFilesThread:185 - End of LoadServerUrlFiles without Thread
2024-04-08 22:42:26,635 [INFO] DetailPanel:341 - Set advertising image to C:/Users/benri/STM32Cube/Repository/\en.prom-stm32wl3-mcu-finder.jpg
2024-04-08 22:44:45,408 [INFO] MultiScanPanel:200 - Auto-refresh data requested => check proxy status ongoing
2024-04-08 22:44:45,486 [INFO] LoadUrlFilesThread:185 - End of LoadServerUrlFiles without Thread
2024-04-08 22:44:45,486 [INFO] DetailPanel:341 - Set advertising image to C:/Users/benri/STM32Cube/Repository/\en.prom-stm32wl3-mcu-finder.jpg
2024-04-08 22:44:45,492 [INFO] DbBoards:642 - Loading board mini-images...
2024-04-08 22:44:46,557 [INFO] DbBoards:665 - Loaded 198 board mini-images
2024-04-08 22:45:36,431 [INFO] McuFinderGlobals:76 - Set McuFinderConnectedMode to true
2024-04-08 22:45:36,436 [INFO] ApiDb:448 - Save user favorites file C:\Users\benri/.stm32cubeide/favorites.mcus.txt: 0 item(s)
2024-04-08 22:45:36,437 [INFO] ApiDb:452 - User favorites MCUs=[]
2024-04-08 22:45:36,438 [INFO] ApiDb:448 - Save user favorites file C:\Users\benri/.stm32cubeide/favorites.boards.txt: 1 item(s)
2024-04-08 22:45:36,438 [INFO] ApiDb:452 - User favorites Boards=[STM32F3DISCOVERY]
