2024-04-14 15:15:23,941 [ERROR] LogOutputStream:75 - [STDERR_REDIRECT] 
2024-04-14 15:39:23,499 [INFO] Activator:176 - 


2024-04-14 15:39:23,501 [INFO] Activator:177 - !SESSION log4j initialized
2024-04-14 15:39:26,844 [INFO] LogOutputStream:77 - [STDOUT_REDIRECT] 
2024-04-14 15:39:27,729 [INFO] ApplicationProperties:184 - Using Application install path: C:\ST\STM32CubeIDE_1.14.1\STM32CubeIDE\plugins\com.st.stm32cube.common.mx_6.10.0.202311202037
2024-04-14 15:39:27,749 [INFO] DbMcusXml:78 - Set database path to: C:\ST\STM32CubeIDE_1.14.1\STM32CubeIDE\plugins\com.st.stm32cube.common.mx_6.10.0.202311202037\\db\/mcu/
2024-04-14 15:39:27,749 [INFO] ApiDb:274 - Set plugin database path to: C:\ST\STM32CubeIDE_1.14.1\STM32CubeIDE\plugins\com.st.stm32cube.common.mx_6.10.0.202311202037\\db\/plugins/boardmanager/
2024-04-14 15:39:27,749 [WARN] ApiDb:259 - Overriding images path with different value:  => C:\ST\STM32CubeIDE_1.14.1\STM32CubeIDE\plugins\com.st.stm32cube.common.mx_6.10.0.202311202037\\db\/plugins/mcufinder/images/
2024-04-14 15:39:27,757 [INFO] ApiDb:250 - Set database path to: C:\Users\benri\.stmcufinder\plugins\mcufinder//mcu/
2024-04-14 15:39:27,758 [INFO] DbMcusAds:125 - Set database path to: C:\Users\benri\.stmcufinder\plugins\mcufinder//mcu/
2024-04-14 15:39:27,761 [INFO] CrossReferenceDbSqlite:203 - Set database path to: C:\Users\benri\.stmcufinder\plugins\mcufinder//mcu/cs/
2024-04-14 15:39:27,847 [INFO] RulesReader:64 - Compatibility file has been processed (297 Rules)
2024-04-14 15:39:27,911 [INFO] DbMcusXml:78 - Set database path to: C:\ST\STM32CubeIDE_1.14.1\STM32CubeIDE\plugins\com.st.stm32cube.common.mx_6.10.0.202311202037\\db\/mcu/
2024-04-14 15:39:27,911 [INFO] ApiDb:274 - Set plugin database path to: C:\ST\STM32CubeIDE_1.14.1\STM32CubeIDE\plugins\com.st.stm32cube.common.mx_6.10.0.202311202037\\db\/plugins/boardmanager/
2024-04-14 15:39:27,911 [INFO] ApiDb:261 - Set plugin images path to: C:\ST\STM32CubeIDE_1.14.1\STM32CubeIDE\plugins\com.st.stm32cube.common.mx_6.10.0.202311202037\\db\/plugins/mcufinder/images/
2024-04-14 15:39:27,911 [WARN] DbFile:41 - Overriding database path with different value: C:\Users\benri\.stmcufinder\plugins\mcufinder/ => C:\Users\benri\.stmcufinder\plugins\mcufinder
2024-04-14 15:39:27,911 [INFO] ApiDb:250 - Set database path to: C:\Users\benri\.stmcufinder\plugins\mcufinder//mcu/
2024-04-14 15:39:27,911 [WARN] DbFile:41 - Overriding database path with different value: C:\Users\benri\.stmcufinder\plugins\mcufinder/ => C:\Users\benri\.stmcufinder\plugins\mcufinder
2024-04-14 15:39:27,911 [INFO] DbMcusAds:125 - Set database path to: C:\Users\benri\.stmcufinder\plugins\mcufinder//mcu/
2024-04-14 15:39:27,911 [WARN] DbFile:41 - Overriding database path with different value: C:\Users\benri\.stmcufinder\plugins\mcufinder/ => C:\Users\benri\.stmcufinder\plugins\mcufinder
2024-04-14 15:39:27,911 [WARN] DbFile:41 - Overriding database path with different value: C:\Users\benri\.stmcufinder\plugins\mcufinder/ => C:\Users\benri\.stmcufinder\plugins\mcufinder
2024-04-14 15:39:27,911 [INFO] CrossReferenceDbSqlite:203 - Set database path to: C:\Users\benri\.stmcufinder\plugins\mcufinder//mcu/cs/
2024-04-14 15:39:27,986 [INFO] MainPanel:264 - HeapMemory: 268435456
2024-04-14 15:39:28,056 [INFO] DbMcusXml:78 - Set database path to: C:\ST\STM32CubeIDE_1.14.1\STM32CubeIDE\plugins\com.st.stm32cube.common.mx_6.10.0.202311202037\\db\/mcu/
2024-04-14 15:39:28,056 [INFO] ApiDb:274 - Set plugin database path to: C:\ST\STM32CubeIDE_1.14.1\STM32CubeIDE\plugins\com.st.stm32cube.common.mx_6.10.0.202311202037\\db\/plugins/boardmanager/
2024-04-14 15:39:28,056 [INFO] ApiDb:261 - Set plugin images path to: C:\ST\STM32CubeIDE_1.14.1\STM32CubeIDE\plugins\com.st.stm32cube.common.mx_6.10.0.202311202037\\db\/plugins/mcufinder/images/
2024-04-14 15:39:28,056 [WARN] DbFile:41 - Overriding database path with different value: C:\Users\benri\.stmcufinder\plugins\mcufinder/ => C:\Users\benri\.stmcufinder\plugins\mcufinder
2024-04-14 15:39:28,056 [INFO] ApiDb:250 - Set database path to: C:\Users\benri\.stmcufinder\plugins\mcufinder//mcu/
2024-04-14 15:39:28,056 [WARN] DbFile:41 - Overriding database path with different value: C:\Users\benri\.stmcufinder\plugins\mcufinder/ => C:\Users\benri\.stmcufinder\plugins\mcufinder
2024-04-14 15:39:28,056 [INFO] DbMcusAds:125 - Set database path to: C:\Users\benri\.stmcufinder\plugins\mcufinder//mcu/
2024-04-14 15:39:28,057 [WARN] DbFile:41 - Overriding database path with different value: C:\Users\benri\.stmcufinder\plugins\mcufinder/ => C:\Users\benri\.stmcufinder\plugins\mcufinder
2024-04-14 15:39:28,057 [WARN] DbFile:41 - Overriding database path with different value: C:\Users\benri\.stmcufinder\plugins\mcufinder/ => C:\Users\benri\.stmcufinder\plugins\mcufinder
2024-04-14 15:39:28,057 [INFO] CrossReferenceDbSqlite:203 - Set database path to: C:\Users\benri\.stmcufinder\plugins\mcufinder//mcu/cs/
2024-04-14 15:39:28,068 [INFO] ApplicationProperties:184 - Using Application install path: C:\ST\STM32CubeIDE_1.14.1\STM32CubeIDE\plugins\com.st.stm32cube.common.mx_6.10.0.202311202037
2024-04-14 15:39:28,069 [INFO] PluginManage:196 - Search for loadable plugins [exclusion list=, ]
2024-04-14 15:39:28,070 [INFO] PluginManage:310 - Check plugin analytics
2024-04-14 15:39:28,201 [INFO] AnalyticsPlugin:253 - Accepted Software Licenses: 
2024-04-14 15:39:28,201 [INFO] AnalyticsPlugin:255 - Accepted CMSIS Pack Licenses: 
2024-04-14 15:39:28,201 [INFO] AnalyticsPlugin:257 - Accepted Firmware Licenses: 
2024-04-14 15:39:28,203 [INFO] PluginManage:359 - Loaded plugin analytics (category:tool,tabindex:-1)
2024-04-14 15:39:28,204 [INFO] PluginManage:310 - Check plugin cadmodel
2024-04-14 15:39:28,210 [INFO] CADModel:105 - Init CAD model plugin
2024-04-14 15:39:28,210 [INFO] PluginManage:359 - Loaded plugin cadmodel (category:power,tabindex:5)
2024-04-14 15:39:28,210 [INFO] PluginManage:310 - Check plugin clock
2024-04-14 15:39:28,222 [INFO] PluginManage:359 - Loaded plugin clock (category:base,tabindex:2)
2024-04-14 15:39:28,222 [INFO] PluginManage:310 - Check plugin ddr
2024-04-14 15:39:28,226 [INFO] PluginManage:359 - Loaded plugin ddr (category:tool,tabindex:6)
2024-04-14 15:39:28,226 [INFO] PluginManage:310 - Check plugin filemanager
2024-04-14 15:39:28,331 [INFO] PluginManage:359 - Loaded plugin filemanager (category:base,tabindex:10)
2024-04-14 15:39:28,331 [INFO] PluginManage:310 - Check plugin ipmanager
2024-04-14 15:39:28,336 [INFO] PluginManage:359 - Loaded plugin ipmanager (category:base,tabindex:5)
2024-04-14 15:39:28,336 [INFO] PluginManage:310 - Check plugin lpbam
2024-04-14 15:39:28,341 [INFO] PluginManage:359 - Loaded plugin lpbam (category:base,tabindex:0)
2024-04-14 15:39:28,341 [INFO] PluginManage:310 - Check plugin memorymap
2024-04-14 15:39:28,350 [INFO] PluginManage:359 - Loaded plugin memorymap (category:base,tabindex:4)
2024-04-14 15:39:28,350 [INFO] PluginManage:310 - Check plugin pinoutandconfiguration
2024-04-14 15:39:28,355 [INFO] PluginManage:359 - Loaded plugin pinoutandconfiguration (category:base,tabindex:1)
2024-04-14 15:39:28,355 [INFO] PluginManage:310 - Check plugin pinoutconfig
2024-04-14 15:39:28,415 [WARN] SupportedApi:132 - Cannot load RTOS API schema: s4s-elt-must-match.1: The content of 'definitions' must match (annotation?, (simpleType | complexType)?, (unique | key | keyref)*)). A problem was found starting at: attribute.
2024-04-14 15:39:28,505 [INFO] PluginManage:359 - Loaded plugin pinoutconfig (category:base,tabindex:0)
2024-04-14 15:39:28,506 [INFO] PluginManage:310 - Check plugin power
2024-04-14 15:39:28,513 [INFO] PluginManage:359 - Loaded plugin power (category:power,tabindex:4)
2024-04-14 15:39:28,513 [INFO] PluginManage:310 - Check plugin projectmanager
2024-04-14 15:39:28,524 [INFO] PluginManage:359 - Loaded plugin projectmanager (category:projectmanager,tabindex:3)
2024-04-14 15:39:28,524 [INFO] PluginManage:310 - Check plugin thirdparty
2024-04-14 15:39:28,621 [WARN] IntegrityCheckThread:84 - waiting for thirdparty lock release [integrity check]
2024-04-14 15:39:28,621 [INFO] IntegrityCheckThread:86 - entering critical section [integrity check]
2024-04-14 15:39:28,621 [INFO] PluginManage:359 - Loaded plugin thirdparty (category:base,tabindex:-1)
2024-04-14 15:39:28,621 [INFO] PluginManage:310 - Check plugin tools
2024-04-14 15:39:28,622 [INFO] ThirdPartyUpdaterWithRetryManager:70 - Updater plugin not ready yet. [1/15]
2024-04-14 15:39:28,623 [INFO] PluginManage:359 - Loaded plugin tools (category:base,tabindex:7)
2024-04-14 15:39:28,623 [INFO] PluginManage:310 - Check plugin tutovideos
2024-04-14 15:39:28,749 [INFO] PluginManage:359 - Loaded plugin tutovideos (category:base,tabindex:-1)
2024-04-14 15:39:28,749 [INFO] PluginManage:310 - Check plugin updater
2024-04-14 15:39:28,758 [INFO] PluginManage:359 - Loaded plugin updater (category:base,tabindex:12)
2024-04-14 15:39:28,759 [INFO] PluginManage:310 - Check plugin userauth
2024-04-14 15:39:28,762 [INFO] UserAuth:114 - Init User Auth plugin
2024-04-14 15:39:28,763 [INFO] PluginManage:359 - Loaded plugin userauth (category:base,tabindex:14)
2024-04-14 15:39:28,763 [INFO] PluginManage:283 - PluginManage : Loaded plugins [17]
2024-04-14 15:39:28,895 [INFO] PinOutPanel:1499 - setPackage(No Configuration,No Configuration)
2024-04-14 15:39:28,941 [INFO] CADModel:165 - CPN selected for project level
2024-04-14 15:39:28,941 [INFO] CADModel:114 - Register for checkConnection events
2024-04-14 15:39:28,954 [INFO] IPUIPlugin:80 - create IPUIPlugin
2024-04-14 15:39:28,954 [INFO] PluginManager:220 - loadIPPluginJar : add adc
2024-04-14 15:39:28,955 [INFO] IPUIPlugin:80 - create IPUIPlugin
2024-04-14 15:39:28,957 [INFO] PluginManager:220 - loadIPPluginJar : add aes
2024-04-14 15:39:28,958 [INFO] IPUIPlugin:80 - create IPUIPlugin
2024-04-14 15:39:28,959 [INFO] PluginManager:220 - loadIPPluginJar : add can
2024-04-14 15:39:28,959 [INFO] IPUIPlugin:80 - create IPUIPlugin
2024-04-14 15:39:28,960 [INFO] PluginManager:220 - loadIPPluginJar : add comp
2024-04-14 15:39:28,961 [INFO] IPUIPlugin:80 - create IPUIPlugin
2024-04-14 15:39:28,961 [INFO] PluginManager:220 - loadIPPluginJar : add cryp
2024-04-14 15:39:28,963 [INFO] IPUIPlugin:80 - create IPUIPlugin
2024-04-14 15:39:28,963 [INFO] PluginManager:220 - loadIPPluginJar : add dfsdm
2024-04-14 15:39:28,968 [INFO] IPUIPlugin:80 - create IPUIPlugin
2024-04-14 15:39:28,968 [INFO] PluginManager:220 - loadIPPluginJar : add dma
2024-04-14 15:39:28,969 [INFO] IPUIPlugin:80 - create IPUIPlugin
2024-04-14 15:39:28,969 [INFO] PluginManager:220 - loadIPPluginJar : add dma3
2024-04-14 15:39:28,970 [INFO] IPUIPlugin:80 - create IPUIPlugin
2024-04-14 15:39:28,970 [INFO] PluginManager:220 - loadIPPluginJar : add fatfs
2024-04-14 15:39:28,973 [INFO] IPUIPlugin:80 - create IPUIPlugin
2024-04-14 15:39:28,973 [INFO] PluginManager:220 - loadIPPluginJar : add fmc
2024-04-14 15:39:28,978 [INFO] IPUIPlugin:80 - create IPUIPlugin
2024-04-14 15:39:28,978 [INFO] PluginManager:220 - loadIPPluginJar : add freertos
2024-04-14 15:39:28,979 [INFO] IPUIPlugin:80 - create IPUIPlugin
2024-04-14 15:39:28,979 [INFO] PluginManager:220 - loadIPPluginJar : add genericplugin
2024-04-14 15:39:28,980 [INFO] IPUIPlugin:80 - create IPUIPlugin
2024-04-14 15:39:28,980 [INFO] PluginManager:220 - loadIPPluginJar : add gfxmmu
2024-04-14 15:39:28,984 [INFO] IPUIPlugin:80 - create IPUIPlugin
2024-04-14 15:39:28,984 [INFO] PluginManager:220 - loadIPPluginJar : add gic
2024-04-14 15:39:28,988 [INFO] IPUIPlugin:80 - create IPUIPlugin
2024-04-14 15:39:28,988 [INFO] PluginManager:220 - loadIPPluginJar : add gpio
2024-04-14 15:39:28,990 [INFO] IPUIPlugin:80 - create IPUIPlugin
2024-04-14 15:39:28,990 [INFO] PluginManager:220 - loadIPPluginJar : add gtzc
2024-04-14 15:39:28,992 [INFO] IPUIPlugin:80 - create IPUIPlugin
2024-04-14 15:39:28,992 [INFO] PluginManager:220 - loadIPPluginJar : add hash
2024-04-14 15:39:28,994 [INFO] IPUIPlugin:80 - create IPUIPlugin
2024-04-14 15:39:28,994 [INFO] PluginManager:220 - loadIPPluginJar : add i2c
2024-04-14 15:39:28,996 [INFO] IPUIPlugin:80 - create IPUIPlugin
2024-04-14 15:39:28,996 [INFO] PluginManager:220 - loadIPPluginJar : add i2s
2024-04-14 15:39:28,998 [INFO] IPUIPlugin:80 - create IPUIPlugin
2024-04-14 15:39:28,998 [INFO] PluginManager:220 - loadIPPluginJar : add i3c
2024-04-14 15:39:29,001 [INFO] IPUIPlugin:80 - create IPUIPlugin
2024-04-14 15:39:29,001 [INFO] PluginManager:220 - loadIPPluginJar : add ipddr
2024-04-14 15:39:29,007 [INFO] IPUIPlugin:80 - create IPUIPlugin
2024-04-14 15:39:29,008 [INFO] PluginManager:220 - loadIPPluginJar : add linkedlist
2024-04-14 15:39:29,009 [INFO] IPUIPlugin:80 - create IPUIPlugin
2024-04-14 15:39:29,009 [INFO] PluginManager:220 - loadIPPluginJar : add lorawan
2024-04-14 15:39:29,010 [INFO] IPUIPlugin:80 - create IPUIPlugin
2024-04-14 15:39:29,011 [INFO] PluginManager:220 - loadIPPluginJar : add ltdc
2024-04-14 15:39:29,015 [INFO] IPUIPlugin:80 - create IPUIPlugin
2024-04-14 15:39:29,015 [INFO] PluginManager:220 - loadIPPluginJar : add mdma
2024-04-14 15:39:29,018 [INFO] IPUIPlugin:80 - create IPUIPlugin
2024-04-14 15:39:29,018 [INFO] PluginManager:220 - loadIPPluginJar : add nvic
2024-04-14 15:39:29,020 [INFO] IPUIPlugin:80 - create IPUIPlugin
2024-04-14 15:39:29,020 [INFO] PluginManager:220 - loadIPPluginJar : add opamp
2024-04-14 15:39:29,022 [INFO] IPUIPlugin:80 - create IPUIPlugin
2024-04-14 15:39:29,022 [INFO] PluginManager:220 - loadIPPluginJar : add openamp
2024-04-14 15:39:29,024 [INFO] IPUIPlugin:80 - create IPUIPlugin
2024-04-14 15:39:29,024 [INFO] PluginManager:220 - loadIPPluginJar : add pdm2pcm
2024-04-14 15:39:29,029 [INFO] IPUIPlugin:80 - create IPUIPlugin
2024-04-14 15:39:29,030 [INFO] PluginManager:220 - loadIPPluginJar : add plateformsettings
2024-04-14 15:39:29,031 [INFO] IPUIPlugin:80 - create IPUIPlugin
2024-04-14 15:39:29,032 [INFO] PluginManager:220 - loadIPPluginJar : add quadspi
2024-04-14 15:39:29,034 [INFO] IPUIPlugin:80 - create IPUIPlugin
2024-04-14 15:39:29,034 [INFO] PluginManager:220 - loadIPPluginJar : add resmgrutility
2024-04-14 15:39:29,036 [INFO] IPUIPlugin:80 - create IPUIPlugin
2024-04-14 15:39:29,036 [INFO] PluginManager:220 - loadIPPluginJar : add sai
2024-04-14 15:39:29,037 [INFO] IPUIPlugin:80 - create IPUIPlugin
2024-04-14 15:39:29,037 [INFO] PluginManager:220 - loadIPPluginJar : add spi
2024-04-14 15:39:29,041 [INFO] IPUIPlugin:80 - create IPUIPlugin
2024-04-14 15:39:29,041 [INFO] PluginManager:220 - loadIPPluginJar : add stm32_wpan
2024-04-14 15:39:29,042 [INFO] IPUIPlugin:80 - create IPUIPlugin
2024-04-14 15:39:29,042 [INFO] PluginManager:220 - loadIPPluginJar : add tim
2024-04-14 15:39:29,045 [INFO] IPUIPlugin:80 - create IPUIPlugin
2024-04-14 15:39:29,045 [INFO] PluginManager:220 - loadIPPluginJar : add touchsensing
2024-04-14 15:39:29,046 [INFO] IPUIPlugin:80 - create IPUIPlugin
2024-04-14 15:39:29,046 [INFO] PluginManager:220 - loadIPPluginJar : add tracer_emb
2024-04-14 15:39:29,048 [INFO] IPUIPlugin:80 - create IPUIPlugin
2024-04-14 15:39:29,048 [INFO] PluginManager:220 - loadIPPluginJar : add ts
2024-04-14 15:39:29,049 [INFO] IPUIPlugin:80 - create IPUIPlugin
2024-04-14 15:39:29,049 [INFO] PluginManager:220 - loadIPPluginJar : add tsc
2024-04-14 15:39:29,050 [INFO] IPUIPlugin:80 - create IPUIPlugin
2024-04-14 15:39:29,050 [INFO] PluginManager:220 - loadIPPluginJar : add ucpd
2024-04-14 15:39:29,052 [INFO] IPUIPlugin:80 - create IPUIPlugin
2024-04-14 15:39:29,052 [INFO] PluginManager:220 - loadIPPluginJar : add usart
2024-04-14 15:39:29,054 [INFO] IPUIPlugin:80 - create IPUIPlugin
2024-04-14 15:39:29,054 [INFO] PluginManager:220 - loadIPPluginJar : add usbx
2024-04-14 15:39:29,166 [INFO] CADModel:165 - CPN selected for project level
2024-04-14 15:39:29,166 [INFO] CADModel:114 - Register for checkConnection events
2024-04-14 15:39:29,166 [FATAL] Updater:308 - Updater called before beeing initialized
2024-04-14 15:39:29,166 [ERROR] CADModel:125 - Updater not yet initialized, retry later 
2024-04-14 15:39:29,314 [INFO] CADModel:165 - CPN selected for project level
2024-04-14 15:39:29,315 [INFO] CADModel:114 - Register for checkConnection events
2024-04-14 15:39:29,315 [FATAL] Updater:308 - Updater called before beeing initialized
2024-04-14 15:39:29,315 [ERROR] CADModel:125 - Updater not yet initialized, retry later 
2024-04-14 15:39:29,318 [FATAL] Updater:308 - Updater called before beeing initialized
2024-04-14 15:39:29,385 [FATAL] Updater:308 - Updater called before beeing initialized
2024-04-14 15:39:29,388 [INFO] DbMcusAds:53 - JSON generation date=Wed Nov 29 21:52:27 AEDT 2023 (1701255147349)
2024-04-14 15:39:29,388 [FATAL] Updater:308 - Updater called before beeing initialized
2024-04-14 15:39:29,411 [WARN] DetailPanel:346 - Failed to get advertising image, set to default
2024-04-14 15:39:29,466 [FATAL] Updater:308 - Updater called before beeing initialized
2024-04-14 15:39:29,468 [FATAL] Updater:308 - Updater called before beeing initialized
2024-04-14 15:39:29,468 [FATAL] Updater:308 - Updater called before beeing initialized
2024-04-14 15:39:29,468 [WARN] DetailPanel:346 - Failed to get advertising image, set to default
2024-04-14 15:39:29,468 [FATAL] Updater:308 - Updater called before beeing initialized
2024-04-14 15:39:29,499 [ERROR] Updater:1120 - MainUpdater not yet initialized. External WinMGr cannot be set.
2024-04-14 15:39:29,500 [INFO] Updater:1056 - Updater Version found : 6.10.0
2024-04-14 15:39:29,516 [INFO] ApplicationProperties:184 - Using Application install path: C:\ST\STM32CubeIDE_1.14.1\STM32CubeIDE\plugins\com.st.stm32cube.common.mx_6.10.0.202311202037
2024-04-14 15:39:31,088 [ERROR] LogOutputStream:75 - [STDERR_REDIRECT] Apr 14, 2024 3:39:31 PM java.util.prefs.WindowsPreferences <init>
2024-04-14 15:39:31,089 [ERROR] LogOutputStream:75 - [STDERR_REDIRECT] WARNING: Could not open/create prefs root node Software\JavaSoft\Prefs at root 0xffffffff80000002. Windows RegCreateKeyEx(...) returned error code 5.
2024-04-14 15:39:31,090 [ERROR] LogOutputStream:75 - [STDERR_REDIRECT] 
2024-04-14 15:39:31,603 [INFO] MainUpdater:2873 - connection check result : 10
2024-04-14 15:39:31,603 [INFO] MainUpdater:3567 - Updater definition file requires update
2024-04-14 15:39:31,604 [INFO] MainUpdater:290 - Updater Check For Update Now.
2024-04-14 15:39:31,604 [INFO] MicroXplorer:498 - Change Database Version : DB.6.0.100
2024-04-14 15:39:31,609 [INFO] McuFinderGlobals:63 - Set McuFinder mode to 2 (CubeIDE integrated)
2024-04-14 15:39:31,623 [WARN] MainUpdater:1194 - Updater busy. Cannot search thirdparties
2024-04-14 15:39:31,623 [INFO] ThirdPartyUpdaterWithRetryManager:96 - Updater plugin is busy. [1/15]
2024-04-14 15:39:31,626 [INFO] ServerAccessManage:473 - Download File updaters.zip
2024-04-14 15:39:31,682 [INFO] FileExtend:240 - Unzip File : updaters.zip
2024-04-14 15:39:31,683 [INFO] FileExtend:255 - Standard Zip Deflate
2024-04-14 15:39:32,033 [INFO] ServerAccessManage:473 - Download File PacksControlFlags.xml
2024-04-14 15:39:32,044 [INFO] UserAuth:404 - Internet connection configuration mode: 1
2024-04-14 15:39:32,073 [INFO] JxBrowserEngine:152 - Initiate JxBrowser Engine with user profile folder
2024-04-14 15:39:32,111 [INFO] ServerAccessManage:473 - Download File cubemx.pidx
2024-04-14 15:39:32,709 [INFO] ServerAccessManage:473 - Download File STMicroelectronics.X-CUBE-TCPP.pdsc
2024-04-14 15:39:33,191 [WARN] PackLoader:240 - Cannot read IP mode file for STMicroelectronics.X-CUBE-TCPP.4.1.0
2024-04-14 15:39:33,194 [INFO] PopulateThirdPartyThread:66 - Ending populate Thread
2024-04-14 15:39:33,195 [INFO] ThirdParty:1030 - CMSIS Pack Vendor :STMicroelectronics X-CUBE-TCPP 4.1.0
2024-04-14 15:39:33,195 [INFO] LoadServerUpdatesThread:375 - End of LoadServerUpdate Thread
2024-04-14 15:39:33,207 [INFO] CheckServerUpdateThread:120 - End of CheckServer Thread
2024-04-14 15:39:34,708 [WARN] PackLoader:240 - Cannot read IP mode file for STMicroelectronics.X-CUBE-SMBUS.2.1.0
2024-04-14 15:39:34,711 [WARN] PackLoader:240 - Cannot read IP mode file for STMicroelectronics.X-CUBE-TOUCHGFX.4.23.0
2024-04-14 15:39:34,713 [WARN] PackLoader:240 - Cannot read IP mode file for STMicroelectronics.X-CUBE-TOUCHGFX.4.23.2
2024-04-14 15:39:34,726 [WARN] PackLoader:240 - Cannot read IP mode file for STMicroelectronics.X-CUBE-AZRTOS-F7.1.1.0
2024-04-14 15:39:34,734 [WARN] PackLoader:240 - Cannot read IP mode file for STMicroelectronics.FP-SNS-MOTENV1.4.3.2
2024-04-14 15:39:34,738 [WARN] PackLoader:240 - Cannot read IP mode file for STMicroelectronics.FP-SNS-FLIGHT1.5.0.2
2024-04-14 15:39:34,742 [WARN] PackLoader:240 - Cannot read IP mode file for STMicroelectronics.X-CUBE-DISPLAY.3.0.0
2024-04-14 15:39:34,752 [WARN] PackLoader:240 - Cannot read IP mode file for STMicroelectronics.X-CUBE-BLE1.7.0.0
2024-04-14 15:39:34,756 [WARN] PackLoader:240 - Cannot read IP mode file for emotas.I-CUBE-CANOPEN.1.3.0
2024-04-14 15:39:34,761 [WARN] PackLoader:240 - Cannot read IP mode file for STMicroelectronics.X-CUBE-BLEMGR.3.1.0
2024-04-14 15:39:34,765 [WARN] PackLoader:240 - Cannot read IP mode file for STMicroelectronics.FP-SNS-SMARTAG2.1.2.0
2024-04-14 15:39:34,770 [INFO] LogOutputStream:77 - [STDOUT_REDIRECT] 1 : Invalid condition id : UX_CORESTACK_Condition cause : null
2024-04-14 15:39:34,771 [INFO] LogOutputStream:77 - [STDOUT_REDIRECT] 1 : Invalid condition id : UX_CORESTACK_Condition cause : null
2024-04-14 15:39:34,772 [INFO] LogOutputStream:77 - [STDOUT_REDIRECT] 1 : Invalid condition id : UX_CORESTACK_Condition cause : null
2024-04-14 15:39:34,772 [INFO] LogOutputStream:77 - [STDOUT_REDIRECT] 1 : Invalid condition id : UX_CORESTACK_Condition cause : null
2024-04-14 15:39:34,773 [INFO] LogOutputStream:77 - [STDOUT_REDIRECT] 1 : Invalid condition id : UX_CORESTACK_Condition cause : null
2024-04-14 15:39:34,775 [WARN] PackLoader:240 - Cannot read IP mode file for STMicroelectronics.X-CUBE-AZRTOS-WL.2.0.0
2024-04-14 15:39:34,778 [WARN] PackLoader:240 - Cannot read IP mode file for STMicroelectronics.FP-SNS-MOTENV1.5.0.0
2024-04-14 15:39:34,783 [WARN] PackLoader:240 - Cannot read IP mode file for WES.I-CUBE-Cesium.1.3.0
2024-04-14 15:39:34,786 [WARN] PackLoader:240 - Cannot read IP mode file for STMicroelectronics.X-CUBE-BLE2.3.3.0
2024-04-14 15:39:34,789 [WARN] PackLoader:240 - Cannot read IP mode file for STMicroelectronics.X-CUBE-TCPP.4.1.0
2024-04-14 15:39:34,793 [WARN] PackLoader:240 - Cannot read IP mode file for STMicroelectronics.X-CUBE-ALGOBUILD.1.3.0
2024-04-14 15:39:34,800 [WARN] PackLoader:240 - Cannot read IP mode file for STMicroelectronics.X-CUBE-AZRTOS-G0.1.1.0
2024-04-14 15:39:34,805 [WARN] PackLoader:240 - Cannot read IP mode file for STMicroelectronics.X-CUBE-SAFEA1.1.2.2
2024-04-14 15:39:34,808 [WARN] PackLoader:240 - Cannot read IP mode file for STMicroelectronics.X-CUBE-NFC4.3.0.0
2024-04-14 15:39:34,812 [WARN] PackLoader:240 - Cannot read IP mode file for STMicroelectronics.X-CUBE-BLEMGR.3.0.0
2024-04-14 15:39:34,816 [WARN] PackLoader:240 - Cannot read IP mode file for STMicroelectronics.FP-ATR-SIGFOX1.3.2.0
2024-04-14 15:39:34,819 [WARN] PackLoader:240 - Cannot read IP mode file for STMicroelectronics.X-CUBE-EEPRMA1.5.1.0
2024-04-14 15:39:34,835 [WARN] PackLoader:240 - Cannot read IP mode file for SEGGER.I-CUBE-embOS.1.3.1
2024-04-14 15:39:34,864 [WARN] PackLoader:240 - Cannot read IP mode file for STMicroelectronics.X-CUBE-GNSS1.6.0.0
2024-04-14 15:39:34,873 [WARN] PackLoader:240 - Cannot read IP mode file for STMicroelectronics.X-CUBE-AZRTOS-F4.1.1.0
2024-04-14 15:39:34,877 [WARN] PackLoader:240 - Cannot read IP mode file for wolfSSL.I-CUBE-wolfSSL.5.6.6
2024-04-14 15:39:34,884 [WARN] PackLoader:240 - Cannot read IP mode file for STMicroelectronics.X-CUBE-AZRTOS-L5.2.0.0
2024-04-14 15:39:34,888 [WARN] PackLoader:240 - Cannot read IP mode file for STMicroelectronics.X-CUBE-NFC6.3.1.0
2024-04-14 15:39:34,893 [WARN] PackLoader:240 - Cannot read IP mode file for ITTIA_DB.I-CUBE-ITTIADB.8.8.0
2024-04-14 15:39:34,895 [WARN] PackLoader:240 - Cannot read IP mode file for STMicroelectronics.X-CUBE-NFC7.1.0.1
2024-04-14 15:39:34,899 [WARN] PackLoader:240 - Cannot read IP mode file for STMicroelectronics.X-CUBE-NFC6.3.0.0
2024-04-14 15:39:34,902 [WARN] PackLoader:240 - Cannot read IP mode file for STMicroelectronics.X-CUBE-AI.8.1.0
2024-04-14 15:39:34,910 [WARN] ConditionMgr:438 - getConditionDescription Invalid condition id : LAN8742 Phy interface Condition cause : null
2024-04-14 15:39:34,911 [WARN] PackLoader:240 - Cannot read IP mode file for STMicroelectronics.X-CUBE-AZRTOS-L4.2.0.0
2024-04-14 15:39:34,911 [WARN] ConditionMgr:1039 - genDependencies : Invalid condition id : LAN8742 Phy interface Condition cause : null
2024-04-14 15:39:34,911 [WARN] ConditionMgr:1039 - genDependencies : Invalid condition id : LAN8742 Phy interface Condition cause : null
2024-04-14 15:39:34,912 [WARN] ConditionMgr:1039 - genDependencies : Invalid condition id : LAN8742 Phy interface Condition cause : null
2024-04-14 15:39:34,916 [WARN] PackLoader:240 - Cannot read IP mode file for STMicroelectronics.X-CUBE-SFXS2LP1.4.0.0
2024-04-14 15:39:34,922 [WARN] ConditionMgr:438 - getConditionDescription Invalid condition id : UX DEVICE CLASS RTOS Condition cause : null
2024-04-14 15:39:34,922 [WARN] ConditionMgr:438 - getConditionDescription Invalid condition id : UX DEVICE CLASS RTOS Condition cause : null
2024-04-14 15:39:34,923 [WARN] PackLoader:240 - Cannot read IP mode file for STMicroelectronics.X-CUBE-AZRTOS-WB.2.0.0
2024-04-14 15:39:34,924 [WARN] ConditionMgr:1039 - genDependencies : Invalid condition id : UX DEVICE CLASS RTOS Condition cause : null
2024-04-14 15:39:34,924 [WARN] ConditionMgr:1039 - genDependencies : Invalid condition id : UX DEVICE CLASS RTOS Condition cause : null
2024-04-14 15:39:34,924 [WARN] ConditionMgr:1039 - genDependencies : Invalid condition id : UX DEVICE CLASS RTOS Condition cause : null
2024-04-14 15:39:34,924 [WARN] ConditionMgr:1039 - genDependencies : Invalid condition id : UX DEVICE CLASS RTOS Condition cause : null
2024-04-14 15:39:34,924 [WARN] ConditionMgr:1039 - genDependencies : Invalid condition id : UX DEVICE CLASS RTOS Condition cause : null
2024-04-14 15:39:34,929 [WARN] PackLoader:240 - Cannot read IP mode file for STMicroelectronics.X-CUBE-SUBG2.5.0.0
2024-04-14 15:39:34,938 [WARN] PackLoader:240 - Cannot read IP mode file for STMicroelectronics.X-CUBE-AZRTOS-G4.2.0.0
2024-04-14 15:39:34,944 [WARN] PackLoader:240 - Cannot read IP mode file for Infineon.AIROC-Wi-Fi-Bluetooth-STM32.1.5.1
2024-04-14 15:39:34,948 [WARN] PackLoader:240 - Cannot read IP mode file for STMicroelectronics.FP-SNS-MOTENVWB1.1.3.1
2024-04-14 15:39:34,951 [WARN] PackLoader:240 - Cannot read IP mode file for STMicroelectronics.X-CUBE-ISPU.2.0.0
2024-04-14 15:39:34,967 [WARN] PackLoader:240 - Cannot read IP mode file for STMicroelectronics.X-CUBE-MEMS1.10.0.0
2024-04-14 15:39:35,023 [WARN] PackLoader:240 - Cannot read IP mode file for STMicroelectronics.X-CUBE-FREERTOS.1.1.0
2024-04-14 15:39:35,026 [WARN] PackLoader:240 - Cannot read IP mode file for portGmbH.I-Cube-SoM-uGOAL.1.1.0
2024-04-14 15:39:35,029 [WARN] PackLoader:240 - Cannot read IP mode file for STMicroelectronics.X-CUBE-ALS.1.0.1
2024-04-14 15:39:35,031 [WARN] PackLoader:240 - Cannot read IP mode file for STMicroelectronics.FP-ATR-ASTRA1.2.0.0
2024-04-14 15:39:35,036 [WARN] PackLoader:240 - Cannot read IP mode file for STMicroelectronics.X-CUBE-TOF1.3.4.0
2024-04-14 15:39:35,045 [WARN] PackLoader:240 - Cannot read IP mode file for STMicroelectronics.X-CUBE-TOF1.3.4.1
2024-04-14 15:39:35,060 [WARN] PackLoader:240 - Cannot read IP mode file for STMicroelectronics.X-CUBE-AZRTOS-H7.3.2.0
2024-04-14 15:39:35,062 [INFO] ThirdParty:978 - Integrity check success = true
2024-04-14 15:39:35,062 [INFO] IntegrityCheckThread:100 - exiting critical section [integrity check]
2024-04-14 15:39:35,062 [INFO] IntegrityCheckThread:103 - End integrity checks thread
2024-04-14 15:39:36,009 [INFO] WebApp:161 - Instantiating new browser for Auth
2024-04-14 15:39:36,360 [INFO] WebApp:780 - Register for checkConnection events
2024-04-14 15:39:36,361 [INFO] WebApp:414 - Apply proxy settings
2024-04-14 15:39:36,361 [INFO] WebApp:499 - Chromium requires no authentication
2024-04-14 15:39:36,365 [INFO] WebApp:442 - Direct internet connection detected
2024-04-14 15:39:36,460 [INFO] WebApp:192 - Starting web application
2024-04-14 15:39:36,460 [INFO] WebApp:544 - Web application path used C:\ST\STM32CubeIDE_1.14.1\STM32CubeIDE\plugins\com.st.stm32cube.common.mx_6.10.0.202311202037\db\plugins\mcufinder\reactClient1\index.html
2024-04-14 15:39:57,157 [ERROR] LogOutputStream:75 - [STDERR_REDIRECT] SLF4J: Failed to load class "org.slf4j.impl.StaticLoggerBinder".
2024-04-14 15:39:57,158 [ERROR] LogOutputStream:75 - [STDERR_REDIRECT] SLF4J: Defaulting to no-operation (NOP) logger implementation
2024-04-14 15:39:57,159 [ERROR] LogOutputStream:75 - [STDERR_REDIRECT] SLF4J: See http://www.slf4j.org/codes.html#StaticLoggerBinder for further details.
2024-04-14 15:41:28,028 [ERROR] ConfigurationRetriever:142 - IOException on connection: Read timed out
