2024-03-27 14:22:31,390 [INFO] Activator:176 - 


2024-03-27 14:22:31,391 [INFO] Activator:177 - !SESSION log4j initialized
2024-03-27 14:22:34,482 [INFO] LogOutputStream:77 - [STDOUT_REDIRECT] 
2024-03-27 14:22:35,979 [INFO] ApplicationProperties:184 - Using Application install path: C:\ST\STM32CubeIDE_1.14.1\STM32CubeIDE\plugins\com.st.stm32cube.common.mx_6.10.0.202311202037
2024-03-27 14:22:35,994 [INFO] DbMcusXml:78 - Set database path to: C:\ST\STM32CubeIDE_1.14.1\STM32CubeIDE\plugins\com.st.stm32cube.common.mx_6.10.0.202311202037\\db\/mcu/
2024-03-27 14:22:35,995 [INFO] ApiDb:274 - Set plugin database path to: C:\ST\STM32CubeIDE_1.14.1\STM32CubeIDE\plugins\com.st.stm32cube.common.mx_6.10.0.202311202037\\db\/plugins/boardmanager/
2024-03-27 14:22:35,995 [WARN] ApiDb:259 - Overriding images path with different value:  => C:\ST\STM32CubeIDE_1.14.1\STM32CubeIDE\plugins\com.st.stm32cube.common.mx_6.10.0.202311202037\\db\/plugins/mcufinder/images/
2024-03-27 14:22:36,002 [INFO] ApiDb:250 - Set database path to: C:\Users\benri\.stmcufinder\plugins\mcufinder//mcu/
2024-03-27 14:22:36,003 [INFO] DbMcusAds:125 - Set database path to: C:\Users\benri\.stmcufinder\plugins\mcufinder//mcu/
2024-03-27 14:22:36,004 [INFO] CrossReferenceDbSqlite:203 - Set database path to: C:\Users\benri\.stmcufinder\plugins\mcufinder//mcu/cs/
2024-03-27 14:22:36,106 [INFO] RulesReader:64 - Compatibility file has been processed (297 Rules)
2024-03-27 14:22:36,186 [INFO] DbMcusXml:78 - Set database path to: C:\ST\STM32CubeIDE_1.14.1\STM32CubeIDE\plugins\com.st.stm32cube.common.mx_6.10.0.202311202037\\db\/mcu/
2024-03-27 14:22:36,187 [INFO] ApiDb:274 - Set plugin database path to: C:\ST\STM32CubeIDE_1.14.1\STM32CubeIDE\plugins\com.st.stm32cube.common.mx_6.10.0.202311202037\\db\/plugins/boardmanager/
2024-03-27 14:22:36,187 [INFO] ApiDb:261 - Set plugin images path to: C:\ST\STM32CubeIDE_1.14.1\STM32CubeIDE\plugins\com.st.stm32cube.common.mx_6.10.0.202311202037\\db\/plugins/mcufinder/images/
2024-03-27 14:22:36,187 [WARN] DbFile:41 - Overriding database path with different value: C:\Users\benri\.stmcufinder\plugins\mcufinder/ => C:\Users\benri\.stmcufinder\plugins\mcufinder
2024-03-27 14:22:36,187 [INFO] ApiDb:250 - Set database path to: C:\Users\benri\.stmcufinder\plugins\mcufinder//mcu/
2024-03-27 14:22:36,188 [WARN] DbFile:41 - Overriding database path with different value: C:\Users\benri\.stmcufinder\plugins\mcufinder/ => C:\Users\benri\.stmcufinder\plugins\mcufinder
2024-03-27 14:22:36,188 [INFO] DbMcusAds:125 - Set database path to: C:\Users\benri\.stmcufinder\plugins\mcufinder//mcu/
2024-03-27 14:22:36,188 [WARN] DbFile:41 - Overriding database path with different value: C:\Users\benri\.stmcufinder\plugins\mcufinder/ => C:\Users\benri\.stmcufinder\plugins\mcufinder
2024-03-27 14:22:36,188 [WARN] DbFile:41 - Overriding database path with different value: C:\Users\benri\.stmcufinder\plugins\mcufinder/ => C:\Users\benri\.stmcufinder\plugins\mcufinder
2024-03-27 14:22:36,188 [INFO] CrossReferenceDbSqlite:203 - Set database path to: C:\Users\benri\.stmcufinder\plugins\mcufinder//mcu/cs/
2024-03-27 14:22:36,262 [INFO] MainPanel:264 - HeapMemory: 268435456
2024-03-27 14:22:36,351 [INFO] DbMcusXml:78 - Set database path to: C:\ST\STM32CubeIDE_1.14.1\STM32CubeIDE\plugins\com.st.stm32cube.common.mx_6.10.0.202311202037\\db\/mcu/
2024-03-27 14:22:36,352 [INFO] ApiDb:274 - Set plugin database path to: C:\ST\STM32CubeIDE_1.14.1\STM32CubeIDE\plugins\com.st.stm32cube.common.mx_6.10.0.202311202037\\db\/plugins/boardmanager/
2024-03-27 14:22:36,352 [INFO] ApiDb:261 - Set plugin images path to: C:\ST\STM32CubeIDE_1.14.1\STM32CubeIDE\plugins\com.st.stm32cube.common.mx_6.10.0.202311202037\\db\/plugins/mcufinder/images/
2024-03-27 14:22:36,352 [WARN] DbFile:41 - Overriding database path with different value: C:\Users\benri\.stmcufinder\plugins\mcufinder/ => C:\Users\benri\.stmcufinder\plugins\mcufinder
2024-03-27 14:22:36,352 [INFO] ApiDb:250 - Set database path to: C:\Users\benri\.stmcufinder\plugins\mcufinder//mcu/
2024-03-27 14:22:36,352 [WARN] DbFile:41 - Overriding database path with different value: C:\Users\benri\.stmcufinder\plugins\mcufinder/ => C:\Users\benri\.stmcufinder\plugins\mcufinder
2024-03-27 14:22:36,352 [INFO] DbMcusAds:125 - Set database path to: C:\Users\benri\.stmcufinder\plugins\mcufinder//mcu/
2024-03-27 14:22:36,352 [WARN] DbFile:41 - Overriding database path with different value: C:\Users\benri\.stmcufinder\plugins\mcufinder/ => C:\Users\benri\.stmcufinder\plugins\mcufinder
2024-03-27 14:22:36,352 [WARN] DbFile:41 - Overriding database path with different value: C:\Users\benri\.stmcufinder\plugins\mcufinder/ => C:\Users\benri\.stmcufinder\plugins\mcufinder
2024-03-27 14:22:36,352 [INFO] CrossReferenceDbSqlite:203 - Set database path to: C:\Users\benri\.stmcufinder\plugins\mcufinder//mcu/cs/
2024-03-27 14:22:36,374 [INFO] ApplicationProperties:184 - Using Application install path: C:\ST\STM32CubeIDE_1.14.1\STM32CubeIDE\plugins\com.st.stm32cube.common.mx_6.10.0.202311202037
2024-03-27 14:22:36,375 [INFO] PluginManage:196 - Search for loadable plugins [exclusion list=, ]
2024-03-27 14:22:36,378 [INFO] PluginManage:310 - Check plugin analytics
2024-03-27 14:22:36,628 [INFO] AnalyticsPlugin:253 - Accepted Software Licenses: 
2024-03-27 14:22:36,628 [INFO] AnalyticsPlugin:255 - Accepted CMSIS Pack Licenses: 
2024-03-27 14:22:36,628 [INFO] AnalyticsPlugin:257 - Accepted Firmware Licenses: 
2024-03-27 14:22:36,634 [INFO] PluginManage:359 - Loaded plugin analytics (category:tool,tabindex:-1)
2024-03-27 14:22:36,634 [INFO] PluginManage:310 - Check plugin cadmodel
2024-03-27 14:22:36,642 [INFO] CADModel:105 - Init CAD model plugin
2024-03-27 14:22:36,642 [INFO] PluginManage:359 - Loaded plugin cadmodel (category:power,tabindex:5)
2024-03-27 14:22:36,643 [INFO] PluginManage:310 - Check plugin clock
2024-03-27 14:22:36,659 [INFO] PluginManage:359 - Loaded plugin clock (category:base,tabindex:2)
2024-03-27 14:22:36,659 [INFO] PluginManage:310 - Check plugin ddr
2024-03-27 14:22:36,662 [INFO] PluginManage:359 - Loaded plugin ddr (category:tool,tabindex:6)
2024-03-27 14:22:36,662 [INFO] PluginManage:310 - Check plugin filemanager
2024-03-27 14:22:36,832 [INFO] PluginManage:359 - Loaded plugin filemanager (category:base,tabindex:10)
2024-03-27 14:22:36,832 [INFO] PluginManage:310 - Check plugin ipmanager
2024-03-27 14:22:36,837 [INFO] PluginManage:359 - Loaded plugin ipmanager (category:base,tabindex:5)
2024-03-27 14:22:36,837 [INFO] PluginManage:310 - Check plugin lpbam
2024-03-27 14:22:36,843 [INFO] PluginManage:359 - Loaded plugin lpbam (category:base,tabindex:0)
2024-03-27 14:22:36,844 [INFO] PluginManage:310 - Check plugin memorymap
2024-03-27 14:22:36,854 [INFO] PluginManage:359 - Loaded plugin memorymap (category:base,tabindex:4)
2024-03-27 14:22:36,855 [INFO] PluginManage:310 - Check plugin pinoutandconfiguration
2024-03-27 14:22:36,860 [INFO] PluginManage:359 - Loaded plugin pinoutandconfiguration (category:base,tabindex:1)
2024-03-27 14:22:36,860 [INFO] PluginManage:310 - Check plugin pinoutconfig
2024-03-27 14:22:36,936 [WARN] SupportedApi:132 - Cannot load RTOS API schema: s4s-elt-must-match.1: The content of 'definitions' must match (annotation?, (simpleType | complexType)?, (unique | key | keyref)*)). A problem was found starting at: attribute.
2024-03-27 14:22:37,058 [INFO] PluginManage:359 - Loaded plugin pinoutconfig (category:base,tabindex:0)
2024-03-27 14:22:37,058 [INFO] PluginManage:310 - Check plugin power
2024-03-27 14:22:37,068 [INFO] PluginManage:359 - Loaded plugin power (category:power,tabindex:4)
2024-03-27 14:22:37,068 [INFO] PluginManage:310 - Check plugin projectmanager
2024-03-27 14:22:37,089 [INFO] PluginManage:359 - Loaded plugin projectmanager (category:projectmanager,tabindex:3)
2024-03-27 14:22:37,090 [INFO] PluginManage:310 - Check plugin thirdparty
2024-03-27 14:22:37,209 [WARN] IntegrityCheckThread:84 - waiting for thirdparty lock release [integrity check]
2024-03-27 14:22:37,209 [INFO] IntegrityCheckThread:86 - entering critical section [integrity check]
2024-03-27 14:22:37,209 [INFO] PluginManage:359 - Loaded plugin thirdparty (category:base,tabindex:-1)
2024-03-27 14:22:37,210 [INFO] PluginManage:310 - Check plugin tools
2024-03-27 14:22:37,210 [INFO] ThirdPartyUpdaterWithRetryManager:70 - Updater plugin not ready yet. [1/15]
2024-03-27 14:22:37,213 [INFO] PluginManage:359 - Loaded plugin tools (category:base,tabindex:7)
2024-03-27 14:22:37,213 [INFO] PluginManage:310 - Check plugin tutovideos
2024-03-27 14:22:37,361 [INFO] PluginManage:359 - Loaded plugin tutovideos (category:base,tabindex:-1)
2024-03-27 14:22:37,361 [INFO] PluginManage:310 - Check plugin updater
2024-03-27 14:22:37,379 [INFO] PluginManage:359 - Loaded plugin updater (category:base,tabindex:12)
2024-03-27 14:22:37,379 [INFO] PluginManage:310 - Check plugin userauth
2024-03-27 14:22:37,389 [INFO] UserAuth:114 - Init User Auth plugin
2024-03-27 14:22:37,389 [INFO] PluginManage:359 - Loaded plugin userauth (category:base,tabindex:14)
2024-03-27 14:22:37,389 [INFO] PluginManage:283 - PluginManage : Loaded plugins [17]
2024-03-27 14:22:37,576 [INFO] PinOutPanel:1499 - setPackage(No Configuration,No Configuration)
2024-03-27 14:22:37,634 [INFO] CADModel:165 - CPN selected for project level
2024-03-27 14:22:37,634 [INFO] CADModel:114 - Register for checkConnection events
2024-03-27 14:22:37,649 [INFO] IPUIPlugin:80 - create IPUIPlugin
2024-03-27 14:22:37,649 [INFO] PluginManager:220 - loadIPPluginJar : add adc
2024-03-27 14:22:37,651 [INFO] IPUIPlugin:80 - create IPUIPlugin
2024-03-27 14:22:37,651 [INFO] PluginManager:220 - loadIPPluginJar : add aes
2024-03-27 14:22:37,654 [INFO] IPUIPlugin:80 - create IPUIPlugin
2024-03-27 14:22:37,654 [INFO] PluginManager:220 - loadIPPluginJar : add can
2024-03-27 14:22:37,655 [INFO] IPUIPlugin:80 - create IPUIPlugin
2024-03-27 14:22:37,656 [INFO] PluginManager:220 - loadIPPluginJar : add comp
2024-03-27 14:22:37,658 [INFO] IPUIPlugin:80 - create IPUIPlugin
2024-03-27 14:22:37,658 [INFO] PluginManager:220 - loadIPPluginJar : add cryp
2024-03-27 14:22:37,661 [INFO] IPUIPlugin:80 - create IPUIPlugin
2024-03-27 14:22:37,661 [INFO] PluginManager:220 - loadIPPluginJar : add dfsdm
2024-03-27 14:22:37,665 [INFO] IPUIPlugin:80 - create IPUIPlugin
2024-03-27 14:22:37,666 [INFO] PluginManager:220 - loadIPPluginJar : add dma
2024-03-27 14:22:37,668 [INFO] IPUIPlugin:80 - create IPUIPlugin
2024-03-27 14:22:37,668 [INFO] PluginManager:220 - loadIPPluginJar : add dma3
2024-03-27 14:22:37,669 [INFO] IPUIPlugin:80 - create IPUIPlugin
2024-03-27 14:22:37,669 [INFO] PluginManager:220 - loadIPPluginJar : add fatfs
2024-03-27 14:22:37,672 [INFO] IPUIPlugin:80 - create IPUIPlugin
2024-03-27 14:22:37,672 [INFO] PluginManager:220 - loadIPPluginJar : add fmc
2024-03-27 14:22:37,677 [INFO] IPUIPlugin:80 - create IPUIPlugin
2024-03-27 14:22:37,677 [INFO] PluginManager:220 - loadIPPluginJar : add freertos
2024-03-27 14:22:37,678 [INFO] IPUIPlugin:80 - create IPUIPlugin
2024-03-27 14:22:37,678 [INFO] PluginManager:220 - loadIPPluginJar : add genericplugin
2024-03-27 14:22:37,680 [INFO] IPUIPlugin:80 - create IPUIPlugin
2024-03-27 14:22:37,680 [INFO] PluginManager:220 - loadIPPluginJar : add gfxmmu
2024-03-27 14:22:37,685 [INFO] IPUIPlugin:80 - create IPUIPlugin
2024-03-27 14:22:37,686 [INFO] PluginManager:220 - loadIPPluginJar : add gic
2024-03-27 14:22:37,689 [INFO] IPUIPlugin:80 - create IPUIPlugin
2024-03-27 14:22:37,689 [INFO] PluginManager:220 - loadIPPluginJar : add gpio
2024-03-27 14:22:37,691 [INFO] IPUIPlugin:80 - create IPUIPlugin
2024-03-27 14:22:37,691 [INFO] PluginManager:220 - loadIPPluginJar : add gtzc
2024-03-27 14:22:37,693 [INFO] IPUIPlugin:80 - create IPUIPlugin
2024-03-27 14:22:37,693 [INFO] PluginManager:220 - loadIPPluginJar : add hash
2024-03-27 14:22:37,695 [INFO] IPUIPlugin:80 - create IPUIPlugin
2024-03-27 14:22:37,695 [INFO] PluginManager:220 - loadIPPluginJar : add i2c
2024-03-27 14:22:37,697 [INFO] IPUIPlugin:80 - create IPUIPlugin
2024-03-27 14:22:37,697 [INFO] PluginManager:220 - loadIPPluginJar : add i2s
2024-03-27 14:22:37,699 [INFO] IPUIPlugin:80 - create IPUIPlugin
2024-03-27 14:22:37,700 [INFO] PluginManager:220 - loadIPPluginJar : add i3c
2024-03-27 14:22:37,702 [INFO] IPUIPlugin:80 - create IPUIPlugin
2024-03-27 14:22:37,702 [INFO] PluginManager:220 - loadIPPluginJar : add ipddr
2024-03-27 14:22:37,708 [INFO] IPUIPlugin:80 - create IPUIPlugin
2024-03-27 14:22:37,708 [INFO] PluginManager:220 - loadIPPluginJar : add linkedlist
2024-03-27 14:22:37,711 [INFO] IPUIPlugin:80 - create IPUIPlugin
2024-03-27 14:22:37,712 [INFO] PluginManager:220 - loadIPPluginJar : add lorawan
2024-03-27 14:22:37,713 [INFO] IPUIPlugin:80 - create IPUIPlugin
2024-03-27 14:22:37,713 [INFO] PluginManager:220 - loadIPPluginJar : add ltdc
2024-03-27 14:22:37,720 [INFO] IPUIPlugin:80 - create IPUIPlugin
2024-03-27 14:22:37,721 [INFO] PluginManager:220 - loadIPPluginJar : add mdma
2024-03-27 14:22:37,724 [INFO] IPUIPlugin:80 - create IPUIPlugin
2024-03-27 14:22:37,725 [INFO] PluginManager:220 - loadIPPluginJar : add nvic
2024-03-27 14:22:37,727 [INFO] IPUIPlugin:80 - create IPUIPlugin
2024-03-27 14:22:37,728 [INFO] PluginManager:220 - loadIPPluginJar : add opamp
2024-03-27 14:22:37,730 [INFO] IPUIPlugin:80 - create IPUIPlugin
2024-03-27 14:22:37,730 [INFO] PluginManager:220 - loadIPPluginJar : add openamp
2024-03-27 14:22:37,735 [INFO] IPUIPlugin:80 - create IPUIPlugin
2024-03-27 14:22:37,735 [INFO] PluginManager:220 - loadIPPluginJar : add pdm2pcm
2024-03-27 14:22:37,740 [INFO] IPUIPlugin:80 - create IPUIPlugin
2024-03-27 14:22:37,741 [INFO] PluginManager:220 - loadIPPluginJar : add plateformsettings
2024-03-27 14:22:37,743 [INFO] IPUIPlugin:80 - create IPUIPlugin
2024-03-27 14:22:37,743 [INFO] PluginManager:220 - loadIPPluginJar : add quadspi
2024-03-27 14:22:37,746 [INFO] IPUIPlugin:80 - create IPUIPlugin
2024-03-27 14:22:37,746 [INFO] PluginManager:220 - loadIPPluginJar : add resmgrutility
2024-03-27 14:22:37,748 [INFO] IPUIPlugin:80 - create IPUIPlugin
2024-03-27 14:22:37,748 [INFO] PluginManager:220 - loadIPPluginJar : add sai
2024-03-27 14:22:37,751 [INFO] IPUIPlugin:80 - create IPUIPlugin
2024-03-27 14:22:37,751 [INFO] PluginManager:220 - loadIPPluginJar : add spi
2024-03-27 14:22:37,755 [INFO] IPUIPlugin:80 - create IPUIPlugin
2024-03-27 14:22:37,755 [INFO] PluginManager:220 - loadIPPluginJar : add stm32_wpan
2024-03-27 14:22:37,755 [INFO] IPUIPlugin:80 - create IPUIPlugin
2024-03-27 14:22:37,756 [INFO] PluginManager:220 - loadIPPluginJar : add tim
2024-03-27 14:22:37,758 [INFO] IPUIPlugin:80 - create IPUIPlugin
2024-03-27 14:22:37,758 [INFO] PluginManager:220 - loadIPPluginJar : add touchsensing
2024-03-27 14:22:37,760 [INFO] IPUIPlugin:80 - create IPUIPlugin
2024-03-27 14:22:37,760 [INFO] PluginManager:220 - loadIPPluginJar : add tracer_emb
2024-03-27 14:22:37,761 [INFO] IPUIPlugin:80 - create IPUIPlugin
2024-03-27 14:22:37,761 [INFO] PluginManager:220 - loadIPPluginJar : add ts
2024-03-27 14:22:37,762 [INFO] IPUIPlugin:80 - create IPUIPlugin
2024-03-27 14:22:37,763 [INFO] PluginManager:220 - loadIPPluginJar : add tsc
2024-03-27 14:22:37,764 [INFO] IPUIPlugin:80 - create IPUIPlugin
2024-03-27 14:22:37,764 [INFO] PluginManager:220 - loadIPPluginJar : add ucpd
2024-03-27 14:22:37,767 [INFO] IPUIPlugin:80 - create IPUIPlugin
2024-03-27 14:22:37,767 [INFO] PluginManager:220 - loadIPPluginJar : add usart
2024-03-27 14:22:37,773 [INFO] IPUIPlugin:80 - create IPUIPlugin
2024-03-27 14:22:37,774 [INFO] PluginManager:220 - loadIPPluginJar : add usbx
2024-03-27 14:22:37,906 [INFO] CADModel:165 - CPN selected for project level
2024-03-27 14:22:37,907 [INFO] CADModel:114 - Register for checkConnection events
2024-03-27 14:22:37,907 [FATAL] Updater:308 - Updater called before beeing initialized
2024-03-27 14:22:37,908 [ERROR] CADModel:125 - Updater not yet initialized, retry later 
2024-03-27 14:22:38,047 [INFO] CADModel:165 - CPN selected for project level
2024-03-27 14:22:38,047 [INFO] CADModel:114 - Register for checkConnection events
2024-03-27 14:22:38,047 [FATAL] Updater:308 - Updater called before beeing initialized
2024-03-27 14:22:38,047 [ERROR] CADModel:125 - Updater not yet initialized, retry later 
2024-03-27 14:22:38,053 [FATAL] Updater:308 - Updater called before beeing initialized
2024-03-27 14:22:38,167 [FATAL] Updater:308 - Updater called before beeing initialized
2024-03-27 14:22:38,171 [INFO] DbMcusAds:53 - JSON generation date=Wed Nov 29 21:52:27 AEDT 2023 (1701255147349)
2024-03-27 14:22:38,171 [FATAL] Updater:308 - Updater called before beeing initialized
2024-03-27 14:22:38,586 [WARN] DetailPanel:346 - Failed to get advertising image, set to default
2024-03-27 14:22:38,668 [FATAL] Updater:308 - Updater called before beeing initialized
2024-03-27 14:22:38,671 [FATAL] Updater:308 - Updater called before beeing initialized
2024-03-27 14:22:38,671 [FATAL] Updater:308 - Updater called before beeing initialized
2024-03-27 14:22:38,671 [WARN] DetailPanel:346 - Failed to get advertising image, set to default
2024-03-27 14:22:38,672 [FATAL] Updater:308 - Updater called before beeing initialized
2024-03-27 14:22:38,710 [ERROR] Updater:1120 - MainUpdater not yet initialized. External WinMGr cannot be set.
2024-03-27 14:22:38,711 [INFO] Updater:1056 - Updater Version found : 6.10.0
2024-03-27 14:22:38,729 [INFO] ApplicationProperties:184 - Using Application install path: C:\ST\STM32CubeIDE_1.14.1\STM32CubeIDE\plugins\com.st.stm32cube.common.mx_6.10.0.202311202037
2024-03-27 14:22:40,211 [INFO] ThirdPartyUpdaterWithRetryManager:70 - Updater plugin not ready yet. [2/15]
2024-03-27 14:22:40,306 [ERROR] LogOutputStream:75 - [STDERR_REDIRECT] Mar 27, 2024 2:22:40 PM java.util.prefs.WindowsPreferences <init>
2024-03-27 14:22:40,308 [ERROR] LogOutputStream:75 - [STDERR_REDIRECT] WARNING: Could not open/create prefs root node Software\JavaSoft\Prefs at root 0xffffffff80000002. Windows RegCreateKeyEx(...) returned error code 5.
2024-03-27 14:22:40,308 [ERROR] LogOutputStream:75 - [STDERR_REDIRECT] 
2024-03-27 14:22:40,789 [INFO] MainUpdater:2873 - connection check result : 10
2024-03-27 14:22:40,792 [INFO] MainUpdater:3567 - Updater definition file requires update
2024-03-27 14:22:40,797 [INFO] MainUpdater:290 - Updater Check For Update Now.
2024-03-27 14:22:40,797 [INFO] MicroXplorer:498 - Change Database Version : DB.6.0.100
2024-03-27 14:22:40,806 [INFO] McuFinderGlobals:63 - Set McuFinder mode to 2 (CubeIDE integrated)
2024-03-27 14:22:40,841 [INFO] ServerAccessManage:473 - Download File updaters.zip
2024-03-27 14:22:40,968 [INFO] FileExtend:240 - Unzip File : updaters.zip
2024-03-27 14:22:40,968 [INFO] FileExtend:255 - Standard Zip Deflate
2024-03-27 14:22:41,054 [INFO] UserAuth:404 - Internet connection configuration mode: 1
2024-03-27 14:22:41,068 [INFO] JxBrowserEngine:152 - Initiate JxBrowser Engine with user profile folder
2024-03-27 14:22:41,257 [INFO] ServerAccessManage:473 - Download File PacksControlFlags.xml
2024-03-27 14:22:41,317 [INFO] ServerAccessManage:473 - Download File cubemx.pidx
2024-03-27 14:22:41,930 [INFO] ServerAccessManage:473 - Download File STMicroelectronics.X-CUBE-NFC6.pdsc
2024-03-27 14:22:42,485 [WARN] PackLoader:240 - Cannot read IP mode file for STMicroelectronics.X-CUBE-NFC6.3.1.0
2024-03-27 14:22:42,491 [INFO] PopulateThirdPartyThread:66 - Ending populate Thread
2024-03-27 14:22:42,493 [INFO] ThirdParty:1030 - CMSIS Pack Vendor :STMicroelectronics X-CUBE-NFC6 3.1.0
2024-03-27 14:22:42,493 [INFO] LoadServerUpdatesThread:375 - End of LoadServerUpdate Thread
2024-03-27 14:22:42,516 [INFO] WebApp:161 - Instantiating new browser for Auth
2024-03-27 14:22:42,538 [INFO] CheckServerUpdateThread:120 - End of CheckServer Thread
2024-03-27 14:22:43,023 [INFO] WebApp:780 - Register for checkConnection events
2024-03-27 14:22:43,023 [INFO] WebApp:414 - Apply proxy settings
2024-03-27 14:22:43,023 [INFO] WebApp:499 - Chromium requires no authentication
2024-03-27 14:22:43,029 [INFO] WebApp:442 - Direct internet connection detected
2024-03-27 14:22:43,158 [INFO] WebApp:192 - Starting web application
2024-03-27 14:22:43,158 [INFO] WebApp:544 - Web application path used C:\ST\STM32CubeIDE_1.14.1\STM32CubeIDE\plugins\com.st.stm32cube.common.mx_6.10.0.202311202037\db\plugins\mcufinder\reactClient1\index.html
2024-03-27 14:22:43,394 [WARN] PackLoader:240 - Cannot read IP mode file for STMicroelectronics.X-CUBE-SMBUS.2.1.0
2024-03-27 14:22:43,398 [WARN] PackLoader:240 - Cannot read IP mode file for STMicroelectronics.X-CUBE-TOUCHGFX.4.23.0
2024-03-27 14:22:43,423 [WARN] PackLoader:240 - Cannot read IP mode file for STMicroelectronics.X-CUBE-AZRTOS-F7.1.1.0
2024-03-27 14:22:43,442 [WARN] PackLoader:240 - Cannot read IP mode file for STMicroelectronics.FP-SNS-MOTENV1.4.3.2
2024-03-27 14:22:43,453 [WARN] PackLoader:240 - Cannot read IP mode file for STMicroelectronics.FP-SNS-FLIGHT1.5.0.2
2024-03-27 14:22:43,462 [WARN] PackLoader:240 - Cannot read IP mode file for STMicroelectronics.X-CUBE-DISPLAY.3.0.0
2024-03-27 14:22:43,475 [WARN] PackLoader:240 - Cannot read IP mode file for STMicroelectronics.X-CUBE-BLE1.7.0.0
2024-03-27 14:22:43,480 [WARN] PackLoader:240 - Cannot read IP mode file for emotas.I-CUBE-CANOPEN.1.3.0
2024-03-27 14:22:43,490 [WARN] PackLoader:240 - Cannot read IP mode file for STMicroelectronics.X-CUBE-BLEMGR.3.1.0
2024-03-27 14:22:43,496 [WARN] PackLoader:240 - Cannot read IP mode file for STMicroelectronics.FP-SNS-SMARTAG2.1.2.0
2024-03-27 14:22:43,504 [INFO] LogOutputStream:77 - [STDOUT_REDIRECT] 1 : Invalid condition id : UX_CORESTACK_Condition cause : null
2024-03-27 14:22:43,505 [INFO] LogOutputStream:77 - [STDOUT_REDIRECT] 1 : Invalid condition id : UX_CORESTACK_Condition cause : null
2024-03-27 14:22:43,506 [INFO] LogOutputStream:77 - [STDOUT_REDIRECT] 1 : Invalid condition id : UX_CORESTACK_Condition cause : null
2024-03-27 14:22:43,506 [INFO] LogOutputStream:77 - [STDOUT_REDIRECT] 1 : Invalid condition id : UX_CORESTACK_Condition cause : null
2024-03-27 14:22:43,507 [INFO] LogOutputStream:77 - [STDOUT_REDIRECT] 1 : Invalid condition id : UX_CORESTACK_Condition cause : null
2024-03-27 14:22:43,510 [WARN] PackLoader:240 - Cannot read IP mode file for STMicroelectronics.X-CUBE-AZRTOS-WL.2.0.0
2024-03-27 14:22:43,524 [WARN] PackLoader:240 - Cannot read IP mode file for WES.I-CUBE-Cesium.1.3.0
2024-03-27 14:22:43,530 [WARN] PackLoader:240 - Cannot read IP mode file for STMicroelectronics.X-CUBE-BLE2.3.3.0
2024-03-27 14:22:43,535 [WARN] PackLoader:240 - Cannot read IP mode file for STMicroelectronics.X-CUBE-ALGOBUILD.1.3.0
2024-03-27 14:22:43,548 [WARN] PackLoader:240 - Cannot read IP mode file for STMicroelectronics.X-CUBE-AZRTOS-G0.1.1.0
2024-03-27 14:22:43,555 [WARN] PackLoader:240 - Cannot read IP mode file for STMicroelectronics.X-CUBE-NFC4.3.0.0
2024-03-27 14:22:43,569 [WARN] PackLoader:240 - Cannot read IP mode file for STMicroelectronics.X-CUBE-BLEMGR.3.0.0
2024-03-27 14:22:43,578 [WARN] PackLoader:240 - Cannot read IP mode file for STMicroelectronics.FP-ATR-SIGFOX1.3.2.0
2024-03-27 14:22:43,583 [WARN] PackLoader:240 - Cannot read IP mode file for STMicroelectronics.X-CUBE-EEPRMA1.5.1.0
2024-03-27 14:22:43,634 [WARN] PackLoader:240 - Cannot read IP mode file for SEGGER.I-CUBE-embOS.1.3.1
2024-03-27 14:22:43,667 [WARN] PackLoader:240 - Cannot read IP mode file for STMicroelectronics.X-CUBE-GNSS1.6.0.0
2024-03-27 14:22:43,678 [WARN] PackLoader:240 - Cannot read IP mode file for STMicroelectronics.X-CUBE-AZRTOS-F4.1.1.0
2024-03-27 14:22:43,684 [WARN] PackLoader:240 - Cannot read IP mode file for wolfSSL.I-CUBE-wolfSSL.5.6.6
2024-03-27 14:22:43,696 [WARN] PackLoader:240 - Cannot read IP mode file for STMicroelectronics.X-CUBE-AZRTOS-L5.2.0.0
2024-03-27 14:22:43,701 [WARN] PackLoader:240 - Cannot read IP mode file for STMicroelectronics.X-CUBE-NFC6.3.1.0
2024-03-27 14:22:43,707 [WARN] PackLoader:240 - Cannot read IP mode file for ITTIA_DB.I-CUBE-ITTIADB.8.8.0
2024-03-27 14:22:43,711 [WARN] PackLoader:240 - Cannot read IP mode file for STMicroelectronics.X-CUBE-NFC7.1.0.1
2024-03-27 14:22:43,715 [WARN] PackLoader:240 - Cannot read IP mode file for STMicroelectronics.X-CUBE-NFC6.3.0.0
2024-03-27 14:22:43,719 [WARN] PackLoader:240 - Cannot read IP mode file for STMicroelectronics.X-CUBE-AI.8.1.0
2024-03-27 14:22:43,730 [WARN] ConditionMgr:438 - getConditionDescription Invalid condition id : LAN8742 Phy interface Condition cause : null
2024-03-27 14:22:43,730 [WARN] PackLoader:240 - Cannot read IP mode file for STMicroelectronics.X-CUBE-AZRTOS-L4.2.0.0
2024-03-27 14:22:43,732 [WARN] ConditionMgr:1039 - genDependencies : Invalid condition id : LAN8742 Phy interface Condition cause : null
2024-03-27 14:22:43,732 [WARN] ConditionMgr:1039 - genDependencies : Invalid condition id : LAN8742 Phy interface Condition cause : null
2024-03-27 14:22:43,733 [WARN] ConditionMgr:1039 - genDependencies : Invalid condition id : LAN8742 Phy interface Condition cause : null
2024-03-27 14:22:43,739 [WARN] PackLoader:240 - Cannot read IP mode file for STMicroelectronics.X-CUBE-SFXS2LP1.4.0.0
2024-03-27 14:22:43,749 [WARN] ConditionMgr:438 - getConditionDescription Invalid condition id : UX DEVICE CLASS RTOS Condition cause : null
2024-03-27 14:22:43,749 [WARN] ConditionMgr:438 - getConditionDescription Invalid condition id : UX DEVICE CLASS RTOS Condition cause : null
2024-03-27 14:22:43,751 [WARN] PackLoader:240 - Cannot read IP mode file for STMicroelectronics.X-CUBE-AZRTOS-WB.2.0.0
2024-03-27 14:22:43,751 [WARN] ConditionMgr:1039 - genDependencies : Invalid condition id : UX DEVICE CLASS RTOS Condition cause : null
2024-03-27 14:22:43,751 [WARN] ConditionMgr:1039 - genDependencies : Invalid condition id : UX DEVICE CLASS RTOS Condition cause : null
2024-03-27 14:22:43,752 [WARN] ConditionMgr:1039 - genDependencies : Invalid condition id : UX DEVICE CLASS RTOS Condition cause : null
2024-03-27 14:22:43,752 [WARN] ConditionMgr:1039 - genDependencies : Invalid condition id : UX DEVICE CLASS RTOS Condition cause : null
2024-03-27 14:22:43,752 [WARN] ConditionMgr:1039 - genDependencies : Invalid condition id : UX DEVICE CLASS RTOS Condition cause : null
2024-03-27 14:22:43,761 [WARN] PackLoader:240 - Cannot read IP mode file for STMicroelectronics.X-CUBE-SUBG2.5.0.0
2024-03-27 14:22:43,775 [WARN] PackLoader:240 - Cannot read IP mode file for STMicroelectronics.X-CUBE-AZRTOS-G4.2.0.0
2024-03-27 14:22:43,786 [WARN] PackLoader:240 - Cannot read IP mode file for Infineon.AIROC-Wi-Fi-Bluetooth-STM32.1.5.1
2024-03-27 14:22:43,792 [WARN] PackLoader:240 - Cannot read IP mode file for STMicroelectronics.FP-SNS-MOTENVWB1.1.3.1
2024-03-27 14:22:43,796 [WARN] PackLoader:240 - Cannot read IP mode file for STMicroelectronics.X-CUBE-ISPU.2.0.0
2024-03-27 14:22:43,825 [WARN] PackLoader:240 - Cannot read IP mode file for STMicroelectronics.X-CUBE-MEMS1.10.0.0
2024-03-27 14:22:43,912 [WARN] PackLoader:240 - Cannot read IP mode file for STMicroelectronics.X-CUBE-FREERTOS.1.1.0
2024-03-27 14:22:43,916 [WARN] PackLoader:240 - Cannot read IP mode file for portGmbH.I-Cube-SoM-uGOAL.1.1.0
2024-03-27 14:22:43,919 [WARN] PackLoader:240 - Cannot read IP mode file for STMicroelectronics.X-CUBE-ALS.1.0.1
2024-03-27 14:22:43,921 [WARN] PackLoader:240 - Cannot read IP mode file for STMicroelectronics.FP-ATR-ASTRA1.2.0.0
2024-03-27 14:22:43,927 [WARN] PackLoader:240 - Cannot read IP mode file for STMicroelectronics.X-CUBE-TOF1.3.4.0
2024-03-27 14:22:43,940 [WARN] PackLoader:240 - Cannot read IP mode file for STMicroelectronics.X-CUBE-TOF1.3.4.1
2024-03-27 14:22:43,959 [WARN] PackLoader:240 - Cannot read IP mode file for STMicroelectronics.X-CUBE-AZRTOS-H7.3.2.0
2024-03-27 14:22:43,961 [INFO] ThirdParty:978 - Integrity check success = true
2024-03-27 14:22:43,961 [INFO] IntegrityCheckThread:100 - exiting critical section [integrity check]
2024-03-27 14:22:43,961 [INFO] IntegrityCheckThread:103 - End integrity checks thread
2024-03-27 14:23:04,039 [ERROR] LogOutputStream:75 - [STDERR_REDIRECT] SLF4J: Failed to load class "org.slf4j.impl.StaticLoggerBinder".
2024-03-27 14:23:04,040 [ERROR] LogOutputStream:75 - [STDERR_REDIRECT] SLF4J: Defaulting to no-operation (NOP) logger implementation
2024-03-27 14:23:04,041 [ERROR] LogOutputStream:75 - [STDERR_REDIRECT] SLF4J: See http://www.slf4j.org/codes.html#StaticLoggerBinder for further details.
