2024-04-07 20:00:23,053 [ERROR] LogOutputStream:75 - [STDERR_REDIRECT] 
2024-04-07 20:53:14,740 [INFO] Activator:176 - 


2024-04-07 20:53:14,743 [INFO] Activator:177 - !SESSION log4j initialized
2024-04-07 20:53:20,131 [INFO] LogOutputStream:77 - [STDOUT_REDIRECT] 
2024-04-07 20:53:20,788 [ERROR] ConfigurationRetriever:142 - IOException on connection: sw-center.st.com
2024-04-07 20:53:20,789 [ERROR] ConfigurationRetriever:142 - IOException on connection: sw-center.st.com
2024-04-07 20:53:20,790 [ERROR] ConfigurationRetriever:142 - IOException on connection: sw-center.st.com
2024-04-07 20:53:21,564 [INFO] ApplicationProperties:184 - Using Application install path: C:\ST\STM32CubeIDE_1.14.1\STM32CubeIDE\plugins\com.st.stm32cube.common.mx_6.10.0.202311202037
2024-04-07 20:53:21,610 [INFO] DbMcusXml:78 - Set database path to: C:\ST\STM32CubeIDE_1.14.1\STM32CubeIDE\plugins\com.st.stm32cube.common.mx_6.10.0.202311202037\\db\/mcu/
2024-04-07 20:53:21,612 [INFO] ApiDb:274 - Set plugin database path to: C:\ST\STM32CubeIDE_1.14.1\STM32CubeIDE\plugins\com.st.stm32cube.common.mx_6.10.0.202311202037\\db\/plugins/boardmanager/
2024-04-07 20:53:21,613 [WARN] ApiDb:259 - Overriding images path with different value:  => C:\ST\STM32CubeIDE_1.14.1\STM32CubeIDE\plugins\com.st.stm32cube.common.mx_6.10.0.202311202037\\db\/plugins/mcufinder/images/
2024-04-07 20:53:21,628 [INFO] ApiDb:250 - Set database path to: C:\Users\benri\.stmcufinder\plugins\mcufinder//mcu/
2024-04-07 20:53:21,632 [INFO] DbMcusAds:125 - Set database path to: C:\Users\benri\.stmcufinder\plugins\mcufinder//mcu/
2024-04-07 20:53:21,638 [INFO] CrossReferenceDbSqlite:203 - Set database path to: C:\Users\benri\.stmcufinder\plugins\mcufinder//mcu/cs/
2024-04-07 20:53:21,905 [INFO] RulesReader:64 - Compatibility file has been processed (297 Rules)
2024-04-07 20:53:22,027 [INFO] DbMcusXml:78 - Set database path to: C:\ST\STM32CubeIDE_1.14.1\STM32CubeIDE\plugins\com.st.stm32cube.common.mx_6.10.0.202311202037\\db\/mcu/
2024-04-07 20:53:22,027 [INFO] ApiDb:274 - Set plugin database path to: C:\ST\STM32CubeIDE_1.14.1\STM32CubeIDE\plugins\com.st.stm32cube.common.mx_6.10.0.202311202037\\db\/plugins/boardmanager/
2024-04-07 20:53:22,027 [INFO] ApiDb:261 - Set plugin images path to: C:\ST\STM32CubeIDE_1.14.1\STM32CubeIDE\plugins\com.st.stm32cube.common.mx_6.10.0.202311202037\\db\/plugins/mcufinder/images/
2024-04-07 20:53:22,028 [WARN] DbFile:41 - Overriding database path with different value: C:\Users\benri\.stmcufinder\plugins\mcufinder/ => C:\Users\benri\.stmcufinder\plugins\mcufinder
2024-04-07 20:53:22,028 [INFO] ApiDb:250 - Set database path to: C:\Users\benri\.stmcufinder\plugins\mcufinder//mcu/
2024-04-07 20:53:22,028 [WARN] DbFile:41 - Overriding database path with different value: C:\Users\benri\.stmcufinder\plugins\mcufinder/ => C:\Users\benri\.stmcufinder\plugins\mcufinder
2024-04-07 20:53:22,028 [INFO] DbMcusAds:125 - Set database path to: C:\Users\benri\.stmcufinder\plugins\mcufinder//mcu/
2024-04-07 20:53:22,028 [WARN] DbFile:41 - Overriding database path with different value: C:\Users\benri\.stmcufinder\plugins\mcufinder/ => C:\Users\benri\.stmcufinder\plugins\mcufinder
2024-04-07 20:53:22,028 [WARN] DbFile:41 - Overriding database path with different value: C:\Users\benri\.stmcufinder\plugins\mcufinder/ => C:\Users\benri\.stmcufinder\plugins\mcufinder
2024-04-07 20:53:22,028 [INFO] CrossReferenceDbSqlite:203 - Set database path to: C:\Users\benri\.stmcufinder\plugins\mcufinder//mcu/cs/
2024-04-07 20:53:22,147 [INFO] MainPanel:264 - HeapMemory: 268435456
2024-04-07 20:53:22,283 [INFO] DbMcusXml:78 - Set database path to: C:\ST\STM32CubeIDE_1.14.1\STM32CubeIDE\plugins\com.st.stm32cube.common.mx_6.10.0.202311202037\\db\/mcu/
2024-04-07 20:53:22,283 [INFO] ApiDb:274 - Set plugin database path to: C:\ST\STM32CubeIDE_1.14.1\STM32CubeIDE\plugins\com.st.stm32cube.common.mx_6.10.0.202311202037\\db\/plugins/boardmanager/
2024-04-07 20:53:22,283 [INFO] ApiDb:261 - Set plugin images path to: C:\ST\STM32CubeIDE_1.14.1\STM32CubeIDE\plugins\com.st.stm32cube.common.mx_6.10.0.202311202037\\db\/plugins/mcufinder/images/
2024-04-07 20:53:22,284 [WARN] DbFile:41 - Overriding database path with different value: C:\Users\benri\.stmcufinder\plugins\mcufinder/ => C:\Users\benri\.stmcufinder\plugins\mcufinder
2024-04-07 20:53:22,284 [INFO] ApiDb:250 - Set database path to: C:\Users\benri\.stmcufinder\plugins\mcufinder//mcu/
2024-04-07 20:53:22,284 [WARN] DbFile:41 - Overriding database path with different value: C:\Users\benri\.stmcufinder\plugins\mcufinder/ => C:\Users\benri\.stmcufinder\plugins\mcufinder
2024-04-07 20:53:22,284 [INFO] DbMcusAds:125 - Set database path to: C:\Users\benri\.stmcufinder\plugins\mcufinder//mcu/
2024-04-07 20:53:22,284 [WARN] DbFile:41 - Overriding database path with different value: C:\Users\benri\.stmcufinder\plugins\mcufinder/ => C:\Users\benri\.stmcufinder\plugins\mcufinder
2024-04-07 20:53:22,284 [WARN] DbFile:41 - Overriding database path with different value: C:\Users\benri\.stmcufinder\plugins\mcufinder/ => C:\Users\benri\.stmcufinder\plugins\mcufinder
2024-04-07 20:53:22,284 [INFO] CrossReferenceDbSqlite:203 - Set database path to: C:\Users\benri\.stmcufinder\plugins\mcufinder//mcu/cs/
2024-04-07 20:53:22,313 [INFO] ApplicationProperties:184 - Using Application install path: C:\ST\STM32CubeIDE_1.14.1\STM32CubeIDE\plugins\com.st.stm32cube.common.mx_6.10.0.202311202037
2024-04-07 20:53:22,315 [INFO] PluginManage:196 - Search for loadable plugins [exclusion list=, ]
2024-04-07 20:53:22,317 [INFO] PluginManage:310 - Check plugin analytics
2024-04-07 20:53:22,611 [INFO] AnalyticsPlugin:253 - Accepted Software Licenses: 
2024-04-07 20:53:22,611 [INFO] AnalyticsPlugin:255 - Accepted CMSIS Pack Licenses: 
2024-04-07 20:53:22,612 [INFO] AnalyticsPlugin:257 - Accepted Firmware Licenses: 
2024-04-07 20:53:22,616 [INFO] PluginManage:359 - Loaded plugin analytics (category:tool,tabindex:-1)
2024-04-07 20:53:22,619 [INFO] PluginManage:310 - Check plugin cadmodel
2024-04-07 20:53:22,620 [ERROR] ConfigurationRetriever:142 - IOException on connection: sw-center.st.com
2024-04-07 20:53:22,620 [ERROR] ConfigurationRetriever:142 - IOException on connection: sw-center.st.com
2024-04-07 20:53:22,621 [ERROR] ConfigurationRetriever:142 - IOException on connection: sw-center.st.com
2024-04-07 20:53:22,628 [INFO] CADModel:105 - Init CAD model plugin
2024-04-07 20:53:22,630 [INFO] PluginManage:359 - Loaded plugin cadmodel (category:power,tabindex:5)
2024-04-07 20:53:22,630 [INFO] PluginManage:310 - Check plugin clock
2024-04-07 20:53:22,646 [INFO] PluginManage:359 - Loaded plugin clock (category:base,tabindex:2)
2024-04-07 20:53:22,647 [INFO] PluginManage:310 - Check plugin ddr
2024-04-07 20:53:22,652 [INFO] PluginManage:359 - Loaded plugin ddr (category:tool,tabindex:6)
2024-04-07 20:53:22,652 [INFO] PluginManage:310 - Check plugin filemanager
2024-04-07 20:53:22,854 [INFO] PluginManage:359 - Loaded plugin filemanager (category:base,tabindex:10)
2024-04-07 20:53:22,854 [INFO] PluginManage:310 - Check plugin ipmanager
2024-04-07 20:53:22,863 [INFO] PluginManage:359 - Loaded plugin ipmanager (category:base,tabindex:5)
2024-04-07 20:53:22,865 [INFO] PluginManage:310 - Check plugin lpbam
2024-04-07 20:53:22,876 [INFO] PluginManage:359 - Loaded plugin lpbam (category:base,tabindex:0)
2024-04-07 20:53:22,876 [INFO] PluginManage:310 - Check plugin memorymap
2024-04-07 20:53:22,898 [INFO] PluginManage:359 - Loaded plugin memorymap (category:base,tabindex:4)
2024-04-07 20:53:22,900 [INFO] PluginManage:310 - Check plugin pinoutandconfiguration
2024-04-07 20:53:22,913 [INFO] PluginManage:359 - Loaded plugin pinoutandconfiguration (category:base,tabindex:1)
2024-04-07 20:53:22,913 [INFO] PluginManage:310 - Check plugin pinoutconfig
2024-04-07 20:53:23,050 [WARN] SupportedApi:132 - Cannot load RTOS API schema: s4s-elt-must-match.1: The content of 'definitions' must match (annotation?, (simpleType | complexType)?, (unique | key | keyref)*)). A problem was found starting at: attribute.
2024-04-07 20:53:23,244 [INFO] PluginManage:359 - Loaded plugin pinoutconfig (category:base,tabindex:0)
2024-04-07 20:53:23,244 [INFO] PluginManage:310 - Check plugin power
2024-04-07 20:53:23,257 [INFO] PluginManage:359 - Loaded plugin power (category:power,tabindex:4)
2024-04-07 20:53:23,258 [INFO] PluginManage:310 - Check plugin projectmanager
2024-04-07 20:53:23,291 [INFO] PluginManage:359 - Loaded plugin projectmanager (category:projectmanager,tabindex:3)
2024-04-07 20:53:23,291 [INFO] PluginManage:310 - Check plugin thirdparty
2024-04-07 20:53:23,503 [WARN] IntegrityCheckThread:84 - waiting for thirdparty lock release [integrity check]
2024-04-07 20:53:23,503 [INFO] PluginManage:359 - Loaded plugin thirdparty (category:base,tabindex:-1)
2024-04-07 20:53:23,503 [INFO] PluginManage:310 - Check plugin tools
2024-04-07 20:53:23,503 [INFO] IntegrityCheckThread:86 - entering critical section [integrity check]
2024-04-07 20:53:23,504 [INFO] ThirdPartyUpdaterWithRetryManager:70 - Updater plugin not ready yet. [1/15]
2024-04-07 20:53:23,509 [INFO] PluginManage:359 - Loaded plugin tools (category:base,tabindex:7)
2024-04-07 20:53:23,509 [INFO] PluginManage:310 - Check plugin tutovideos
2024-04-07 20:53:23,870 [INFO] PluginManage:359 - Loaded plugin tutovideos (category:base,tabindex:-1)
2024-04-07 20:53:23,871 [INFO] PluginManage:310 - Check plugin updater
2024-04-07 20:53:23,894 [INFO] PluginManage:359 - Loaded plugin updater (category:base,tabindex:12)
2024-04-07 20:53:23,895 [INFO] PluginManage:310 - Check plugin userauth
2024-04-07 20:53:23,903 [INFO] UserAuth:114 - Init User Auth plugin
2024-04-07 20:53:23,904 [INFO] PluginManage:359 - Loaded plugin userauth (category:base,tabindex:14)
2024-04-07 20:53:23,904 [INFO] PluginManage:283 - PluginManage : Loaded plugins [17]
2024-04-07 20:53:24,210 [INFO] PinOutPanel:1499 - setPackage(No Configuration,No Configuration)
2024-04-07 20:53:24,299 [INFO] CADModel:165 - CPN selected for project level
2024-04-07 20:53:24,300 [INFO] CADModel:114 - Register for checkConnection events
2024-04-07 20:53:24,323 [INFO] IPUIPlugin:80 - create IPUIPlugin
2024-04-07 20:53:24,323 [INFO] PluginManager:220 - loadIPPluginJar : add adc
2024-04-07 20:53:24,327 [INFO] IPUIPlugin:80 - create IPUIPlugin
2024-04-07 20:53:24,327 [INFO] PluginManager:220 - loadIPPluginJar : add aes
2024-04-07 20:53:24,333 [INFO] IPUIPlugin:80 - create IPUIPlugin
2024-04-07 20:53:24,334 [INFO] PluginManager:220 - loadIPPluginJar : add can
2024-04-07 20:53:24,336 [INFO] IPUIPlugin:80 - create IPUIPlugin
2024-04-07 20:53:24,336 [INFO] PluginManager:220 - loadIPPluginJar : add comp
2024-04-07 20:53:24,339 [INFO] IPUIPlugin:80 - create IPUIPlugin
2024-04-07 20:53:24,339 [INFO] PluginManager:220 - loadIPPluginJar : add cryp
2024-04-07 20:53:24,341 [INFO] IPUIPlugin:80 - create IPUIPlugin
2024-04-07 20:53:24,342 [INFO] PluginManager:220 - loadIPPluginJar : add dfsdm
2024-04-07 20:53:24,352 [INFO] IPUIPlugin:80 - create IPUIPlugin
2024-04-07 20:53:24,353 [INFO] PluginManager:220 - loadIPPluginJar : add dma
2024-04-07 20:53:24,357 [INFO] IPUIPlugin:80 - create IPUIPlugin
2024-04-07 20:53:24,357 [INFO] PluginManager:220 - loadIPPluginJar : add dma3
2024-04-07 20:53:24,360 [INFO] IPUIPlugin:80 - create IPUIPlugin
2024-04-07 20:53:24,360 [INFO] PluginManager:220 - loadIPPluginJar : add fatfs
2024-04-07 20:53:24,366 [INFO] IPUIPlugin:80 - create IPUIPlugin
2024-04-07 20:53:24,366 [INFO] PluginManager:220 - loadIPPluginJar : add fmc
2024-04-07 20:53:24,377 [INFO] IPUIPlugin:80 - create IPUIPlugin
2024-04-07 20:53:24,377 [INFO] PluginManager:220 - loadIPPluginJar : add freertos
2024-04-07 20:53:24,381 [INFO] IPUIPlugin:80 - create IPUIPlugin
2024-04-07 20:53:24,382 [INFO] PluginManager:220 - loadIPPluginJar : add genericplugin
2024-04-07 20:53:24,386 [INFO] IPUIPlugin:80 - create IPUIPlugin
2024-04-07 20:53:24,386 [INFO] PluginManager:220 - loadIPPluginJar : add gfxmmu
2024-04-07 20:53:24,394 [INFO] IPUIPlugin:80 - create IPUIPlugin
2024-04-07 20:53:24,394 [INFO] PluginManager:220 - loadIPPluginJar : add gic
2024-04-07 20:53:24,401 [INFO] IPUIPlugin:80 - create IPUIPlugin
2024-04-07 20:53:24,401 [INFO] PluginManager:220 - loadIPPluginJar : add gpio
2024-04-07 20:53:24,406 [INFO] IPUIPlugin:80 - create IPUIPlugin
2024-04-07 20:53:24,407 [INFO] PluginManager:220 - loadIPPluginJar : add gtzc
2024-04-07 20:53:24,409 [INFO] IPUIPlugin:80 - create IPUIPlugin
2024-04-07 20:53:24,409 [INFO] PluginManager:220 - loadIPPluginJar : add hash
2024-04-07 20:53:24,413 [INFO] IPUIPlugin:80 - create IPUIPlugin
2024-04-07 20:53:24,413 [INFO] PluginManager:220 - loadIPPluginJar : add i2c
2024-04-07 20:53:24,417 [INFO] IPUIPlugin:80 - create IPUIPlugin
2024-04-07 20:53:24,417 [INFO] PluginManager:220 - loadIPPluginJar : add i2s
2024-04-07 20:53:24,420 [INFO] IPUIPlugin:80 - create IPUIPlugin
2024-04-07 20:53:24,421 [INFO] PluginManager:220 - loadIPPluginJar : add i3c
2024-04-07 20:53:24,424 [INFO] IPUIPlugin:80 - create IPUIPlugin
2024-04-07 20:53:24,424 [INFO] PluginManager:220 - loadIPPluginJar : add ipddr
2024-04-07 20:53:24,433 [INFO] IPUIPlugin:80 - create IPUIPlugin
2024-04-07 20:53:24,434 [INFO] PluginManager:220 - loadIPPluginJar : add linkedlist
2024-04-07 20:53:24,437 [INFO] IPUIPlugin:80 - create IPUIPlugin
2024-04-07 20:53:24,438 [INFO] PluginManager:220 - loadIPPluginJar : add lorawan
2024-04-07 20:53:24,440 [INFO] IPUIPlugin:80 - create IPUIPlugin
2024-04-07 20:53:24,440 [INFO] PluginManager:220 - loadIPPluginJar : add ltdc
2024-04-07 20:53:24,449 [INFO] IPUIPlugin:80 - create IPUIPlugin
2024-04-07 20:53:24,449 [INFO] PluginManager:220 - loadIPPluginJar : add mdma
2024-04-07 20:53:24,454 [INFO] IPUIPlugin:80 - create IPUIPlugin
2024-04-07 20:53:24,454 [INFO] PluginManager:220 - loadIPPluginJar : add nvic
2024-04-07 20:53:24,459 [INFO] IPUIPlugin:80 - create IPUIPlugin
2024-04-07 20:53:24,459 [INFO] PluginManager:220 - loadIPPluginJar : add opamp
2024-04-07 20:53:24,463 [INFO] IPUIPlugin:80 - create IPUIPlugin
2024-04-07 20:53:24,463 [INFO] PluginManager:220 - loadIPPluginJar : add openamp
2024-04-07 20:53:24,467 [INFO] IPUIPlugin:80 - create IPUIPlugin
2024-04-07 20:53:24,467 [INFO] PluginManager:220 - loadIPPluginJar : add pdm2pcm
2024-04-07 20:53:24,475 [INFO] IPUIPlugin:80 - create IPUIPlugin
2024-04-07 20:53:24,477 [INFO] PluginManager:220 - loadIPPluginJar : add plateformsettings
2024-04-07 20:53:24,480 [INFO] IPUIPlugin:80 - create IPUIPlugin
2024-04-07 20:53:24,481 [INFO] PluginManager:220 - loadIPPluginJar : add quadspi
2024-04-07 20:53:24,485 [INFO] IPUIPlugin:80 - create IPUIPlugin
2024-04-07 20:53:24,486 [INFO] PluginManager:220 - loadIPPluginJar : add resmgrutility
2024-04-07 20:53:24,489 [INFO] IPUIPlugin:80 - create IPUIPlugin
2024-04-07 20:53:24,490 [INFO] PluginManager:220 - loadIPPluginJar : add sai
2024-04-07 20:53:24,493 [INFO] IPUIPlugin:80 - create IPUIPlugin
2024-04-07 20:53:24,493 [INFO] PluginManager:220 - loadIPPluginJar : add spi
2024-04-07 20:53:24,499 [INFO] IPUIPlugin:80 - create IPUIPlugin
2024-04-07 20:53:24,499 [INFO] PluginManager:220 - loadIPPluginJar : add stm32_wpan
2024-04-07 20:53:24,501 [INFO] IPUIPlugin:80 - create IPUIPlugin
2024-04-07 20:53:24,501 [INFO] PluginManager:220 - loadIPPluginJar : add tim
2024-04-07 20:53:24,505 [INFO] IPUIPlugin:80 - create IPUIPlugin
2024-04-07 20:53:24,505 [INFO] PluginManager:220 - loadIPPluginJar : add touchsensing
2024-04-07 20:53:24,508 [INFO] IPUIPlugin:80 - create IPUIPlugin
2024-04-07 20:53:24,508 [INFO] PluginManager:220 - loadIPPluginJar : add tracer_emb
2024-04-07 20:53:24,511 [INFO] IPUIPlugin:80 - create IPUIPlugin
2024-04-07 20:53:24,511 [INFO] PluginManager:220 - loadIPPluginJar : add ts
2024-04-07 20:53:24,513 [INFO] IPUIPlugin:80 - create IPUIPlugin
2024-04-07 20:53:24,513 [INFO] PluginManager:220 - loadIPPluginJar : add tsc
2024-04-07 20:53:24,516 [INFO] IPUIPlugin:80 - create IPUIPlugin
2024-04-07 20:53:24,516 [INFO] PluginManager:220 - loadIPPluginJar : add ucpd
2024-04-07 20:53:24,520 [INFO] IPUIPlugin:80 - create IPUIPlugin
2024-04-07 20:53:24,520 [INFO] PluginManager:220 - loadIPPluginJar : add usart
2024-04-07 20:53:24,523 [INFO] IPUIPlugin:80 - create IPUIPlugin
2024-04-07 20:53:24,523 [INFO] PluginManager:220 - loadIPPluginJar : add usbx
2024-04-07 20:53:24,666 [INFO] CADModel:165 - CPN selected for project level
2024-04-07 20:53:24,666 [INFO] CADModel:114 - Register for checkConnection events
2024-04-07 20:53:24,667 [FATAL] Updater:308 - Updater called before beeing initialized
2024-04-07 20:53:24,667 [ERROR] CADModel:125 - Updater not yet initialized, retry later 
2024-04-07 20:53:24,907 [INFO] CADModel:165 - CPN selected for project level
2024-04-07 20:53:24,907 [INFO] CADModel:114 - Register for checkConnection events
2024-04-07 20:53:24,907 [FATAL] Updater:308 - Updater called before beeing initialized
2024-04-07 20:53:24,907 [ERROR] CADModel:125 - Updater not yet initialized, retry later 
2024-04-07 20:53:24,911 [FATAL] Updater:308 - Updater called before beeing initialized
2024-04-07 20:53:25,069 [FATAL] Updater:308 - Updater called before beeing initialized
2024-04-07 20:53:25,074 [INFO] DbMcusAds:53 - JSON generation date=Wed Nov 29 21:52:27 AEDT 2023 (1701255147349)
2024-04-07 20:53:25,074 [FATAL] Updater:308 - Updater called before beeing initialized
2024-04-07 20:53:25,121 [WARN] DetailPanel:346 - Failed to get advertising image, set to default
2024-04-07 20:53:25,268 [FATAL] Updater:308 - Updater called before beeing initialized
2024-04-07 20:53:25,271 [FATAL] Updater:308 - Updater called before beeing initialized
2024-04-07 20:53:25,271 [FATAL] Updater:308 - Updater called before beeing initialized
2024-04-07 20:53:25,271 [WARN] DetailPanel:346 - Failed to get advertising image, set to default
2024-04-07 20:53:25,272 [FATAL] Updater:308 - Updater called before beeing initialized
2024-04-07 20:53:25,338 [ERROR] Updater:1120 - MainUpdater not yet initialized. External WinMGr cannot be set.
2024-04-07 20:53:25,341 [INFO] Updater:1056 - Updater Version found : 6.10.0
2024-04-07 20:53:25,367 [INFO] ApplicationProperties:184 - Using Application install path: C:\ST\STM32CubeIDE_1.14.1\STM32CubeIDE\plugins\com.st.stm32cube.common.mx_6.10.0.202311202037
2024-04-07 20:53:26,505 [INFO] ThirdPartyUpdaterWithRetryManager:70 - Updater plugin not ready yet. [2/15]
2024-04-07 20:53:26,943 [ERROR] LogOutputStream:75 - [STDERR_REDIRECT] Apr 07, 2024 8:53:26 PM java.util.prefs.WindowsPreferences <init>
2024-04-07 20:53:26,944 [ERROR] LogOutputStream:75 - [STDERR_REDIRECT] WARNING: Could not open/create prefs root node Software\JavaSoft\Prefs at root 0xffffffff80000002. Windows RegCreateKeyEx(...) returned error code 5.
2024-04-07 20:53:26,944 [ERROR] LogOutputStream:75 - [STDERR_REDIRECT] 
2024-04-07 20:53:27,382 [INFO] MainUpdater:2873 - connection check result : 22
2024-04-07 20:53:27,383 [INFO] MainUpdater:290 - Updater Check For Update Now.
2024-04-07 20:53:27,384 [INFO] MicroXplorer:498 - Change Database Version : DB.6.0.100
2024-04-07 20:53:27,394 [INFO] McuFinderGlobals:63 - Set McuFinder mode to 2 (CubeIDE integrated)
2024-04-07 20:53:27,491 [INFO] UserAuth:404 - Internet connection configuration mode: 2
2024-04-07 20:53:27,635 [INFO] CheckServerUpdateThread:120 - End of CheckServer Thread
2024-04-07 20:53:29,730 [WARN] PackLoader:240 - Cannot read IP mode file for STMicroelectronics.X-CUBE-SMBUS.2.1.0
2024-04-07 20:53:29,739 [WARN] PackLoader:240 - Cannot read IP mode file for STMicroelectronics.X-CUBE-TOUCHGFX.4.23.0
2024-04-07 20:53:29,743 [WARN] PackLoader:240 - Cannot read IP mode file for STMicroelectronics.X-CUBE-TOUCHGFX.4.23.2
2024-04-07 20:53:29,795 [WARN] PackLoader:240 - Cannot read IP mode file for STMicroelectronics.X-CUBE-AZRTOS-F7.1.1.0
2024-04-07 20:53:29,823 [WARN] PackLoader:240 - Cannot read IP mode file for STMicroelectronics.FP-SNS-MOTENV1.4.3.2
2024-04-07 20:53:29,837 [WARN] PackLoader:240 - Cannot read IP mode file for STMicroelectronics.FP-SNS-FLIGHT1.5.0.2
2024-04-07 20:53:29,882 [WARN] PackLoader:240 - Cannot read IP mode file for STMicroelectronics.X-CUBE-DISPLAY.3.0.0
2024-04-07 20:53:29,909 [WARN] PackLoader:240 - Cannot read IP mode file for STMicroelectronics.X-CUBE-BLE1.7.0.0
2024-04-07 20:53:29,917 [WARN] PackLoader:240 - Cannot read IP mode file for emotas.I-CUBE-CANOPEN.1.3.0
2024-04-07 20:53:29,932 [WARN] PackLoader:240 - Cannot read IP mode file for STMicroelectronics.X-CUBE-BLEMGR.3.1.0
2024-04-07 20:53:29,943 [WARN] PackLoader:240 - Cannot read IP mode file for STMicroelectronics.FP-SNS-SMARTAG2.1.2.0
2024-04-07 20:53:29,956 [INFO] LogOutputStream:77 - [STDOUT_REDIRECT] 1 : Invalid condition id : UX_CORESTACK_Condition cause : null
2024-04-07 20:53:29,958 [INFO] LogOutputStream:77 - [STDOUT_REDIRECT] 1 : Invalid condition id : UX_CORESTACK_Condition cause : null
2024-04-07 20:53:29,959 [INFO] LogOutputStream:77 - [STDOUT_REDIRECT] 1 : Invalid condition id : UX_CORESTACK_Condition cause : null
2024-04-07 20:53:29,962 [INFO] LogOutputStream:77 - [STDOUT_REDIRECT] 1 : Invalid condition id : UX_CORESTACK_Condition cause : null
2024-04-07 20:53:29,964 [INFO] LogOutputStream:77 - [STDOUT_REDIRECT] 1 : Invalid condition id : UX_CORESTACK_Condition cause : null
2024-04-07 20:53:29,968 [WARN] PackLoader:240 - Cannot read IP mode file for STMicroelectronics.X-CUBE-AZRTOS-WL.2.0.0
2024-04-07 20:53:29,977 [WARN] PackLoader:240 - Cannot read IP mode file for STMicroelectronics.FP-SNS-MOTENV1.5.0.0
2024-04-07 20:53:29,989 [WARN] PackLoader:240 - Cannot read IP mode file for WES.I-CUBE-Cesium.1.3.0
2024-04-07 20:53:29,997 [WARN] PackLoader:240 - Cannot read IP mode file for STMicroelectronics.X-CUBE-BLE2.3.3.0
2024-04-07 20:53:30,005 [WARN] PackLoader:240 - Cannot read IP mode file for STMicroelectronics.X-CUBE-ALGOBUILD.1.3.0
2024-04-07 20:53:30,037 [WARN] PackLoader:240 - Cannot read IP mode file for STMicroelectronics.X-CUBE-AZRTOS-G0.1.1.0
2024-04-07 20:53:30,054 [WARN] PackLoader:240 - Cannot read IP mode file for STMicroelectronics.X-CUBE-SAFEA1.1.2.2
2024-04-07 20:53:30,063 [WARN] PackLoader:240 - Cannot read IP mode file for STMicroelectronics.X-CUBE-NFC4.3.0.0
2024-04-07 20:53:30,074 [WARN] PackLoader:240 - Cannot read IP mode file for STMicroelectronics.X-CUBE-BLEMGR.3.0.0
2024-04-07 20:53:30,084 [WARN] PackLoader:240 - Cannot read IP mode file for STMicroelectronics.FP-ATR-SIGFOX1.3.2.0
2024-04-07 20:53:30,092 [WARN] PackLoader:240 - Cannot read IP mode file for STMicroelectronics.X-CUBE-EEPRMA1.5.1.0
2024-04-07 20:53:30,151 [WARN] PackLoader:240 - Cannot read IP mode file for SEGGER.I-CUBE-embOS.1.3.1
2024-04-07 20:53:30,213 [WARN] PackLoader:240 - Cannot read IP mode file for STMicroelectronics.X-CUBE-GNSS1.6.0.0
2024-04-07 20:53:30,246 [WARN] PackLoader:240 - Cannot read IP mode file for STMicroelectronics.X-CUBE-AZRTOS-F4.1.1.0
2024-04-07 20:53:30,258 [WARN] PackLoader:240 - Cannot read IP mode file for wolfSSL.I-CUBE-wolfSSL.5.6.6
2024-04-07 20:53:30,283 [WARN] PackLoader:240 - Cannot read IP mode file for STMicroelectronics.X-CUBE-AZRTOS-L5.2.0.0
2024-04-07 20:53:30,299 [WARN] PackLoader:240 - Cannot read IP mode file for STMicroelectronics.X-CUBE-NFC6.3.1.0
2024-04-07 20:53:30,314 [WARN] PackLoader:240 - Cannot read IP mode file for ITTIA_DB.I-CUBE-ITTIADB.8.8.0
2024-04-07 20:53:30,323 [WARN] PackLoader:240 - Cannot read IP mode file for STMicroelectronics.X-CUBE-NFC7.1.0.1
2024-04-07 20:53:30,330 [WARN] PackLoader:240 - Cannot read IP mode file for STMicroelectronics.X-CUBE-NFC6.3.0.0
2024-04-07 20:53:30,338 [WARN] PackLoader:240 - Cannot read IP mode file for STMicroelectronics.X-CUBE-AI.8.1.0
2024-04-07 20:53:30,355 [WARN] ConditionMgr:438 - getConditionDescription Invalid condition id : LAN8742 Phy interface Condition cause : null
2024-04-07 20:53:30,357 [WARN] PackLoader:240 - Cannot read IP mode file for STMicroelectronics.X-CUBE-AZRTOS-L4.2.0.0
2024-04-07 20:53:30,359 [WARN] ConditionMgr:1039 - genDependencies : Invalid condition id : LAN8742 Phy interface Condition cause : null
2024-04-07 20:53:30,359 [WARN] ConditionMgr:1039 - genDependencies : Invalid condition id : LAN8742 Phy interface Condition cause : null
2024-04-07 20:53:30,359 [WARN] ConditionMgr:1039 - genDependencies : Invalid condition id : LAN8742 Phy interface Condition cause : null
2024-04-07 20:53:30,375 [WARN] PackLoader:240 - Cannot read IP mode file for STMicroelectronics.X-CUBE-SFXS2LP1.4.0.0
2024-04-07 20:53:30,396 [WARN] ConditionMgr:438 - getConditionDescription Invalid condition id : UX DEVICE CLASS RTOS Condition cause : null
2024-04-07 20:53:30,396 [WARN] ConditionMgr:438 - getConditionDescription Invalid condition id : UX DEVICE CLASS RTOS Condition cause : null
2024-04-07 20:53:30,398 [WARN] PackLoader:240 - Cannot read IP mode file for STMicroelectronics.X-CUBE-AZRTOS-WB.2.0.0
2024-04-07 20:53:30,398 [WARN] ConditionMgr:1039 - genDependencies : Invalid condition id : UX DEVICE CLASS RTOS Condition cause : null
2024-04-07 20:53:30,398 [WARN] ConditionMgr:1039 - genDependencies : Invalid condition id : UX DEVICE CLASS RTOS Condition cause : null
2024-04-07 20:53:30,400 [WARN] ConditionMgr:1039 - genDependencies : Invalid condition id : UX DEVICE CLASS RTOS Condition cause : null
2024-04-07 20:53:30,400 [WARN] ConditionMgr:1039 - genDependencies : Invalid condition id : UX DEVICE CLASS RTOS Condition cause : null
2024-04-07 20:53:30,400 [WARN] ConditionMgr:1039 - genDependencies : Invalid condition id : UX DEVICE CLASS RTOS Condition cause : null
2024-04-07 20:53:30,414 [WARN] PackLoader:240 - Cannot read IP mode file for STMicroelectronics.X-CUBE-SUBG2.5.0.0
2024-04-07 20:53:30,433 [WARN] PackLoader:240 - Cannot read IP mode file for STMicroelectronics.X-CUBE-AZRTOS-G4.2.0.0
2024-04-07 20:53:30,463 [WARN] PackLoader:240 - Cannot read IP mode file for Infineon.AIROC-Wi-Fi-Bluetooth-STM32.1.5.1
2024-04-07 20:53:30,476 [WARN] PackLoader:240 - Cannot read IP mode file for STMicroelectronics.FP-SNS-MOTENVWB1.1.3.1
2024-04-07 20:53:30,484 [WARN] PackLoader:240 - Cannot read IP mode file for STMicroelectronics.X-CUBE-ISPU.2.0.0
2024-04-07 20:53:30,524 [WARN] PackLoader:240 - Cannot read IP mode file for STMicroelectronics.X-CUBE-MEMS1.10.0.0
2024-04-07 20:53:30,627 [WARN] PackLoader:240 - Cannot read IP mode file for STMicroelectronics.X-CUBE-FREERTOS.1.1.0
2024-04-07 20:53:30,632 [WARN] PackLoader:240 - Cannot read IP mode file for portGmbH.I-Cube-SoM-uGOAL.1.1.0
2024-04-07 20:53:30,637 [WARN] PackLoader:240 - Cannot read IP mode file for STMicroelectronics.X-CUBE-ALS.1.0.1
2024-04-07 20:53:30,643 [WARN] PackLoader:240 - Cannot read IP mode file for STMicroelectronics.FP-ATR-ASTRA1.2.0.0
2024-04-07 20:53:30,656 [WARN] PackLoader:240 - Cannot read IP mode file for STMicroelectronics.X-CUBE-TOF1.3.4.0
2024-04-07 20:53:30,681 [WARN] PackLoader:240 - Cannot read IP mode file for STMicroelectronics.X-CUBE-TOF1.3.4.1
2024-04-07 20:53:30,714 [WARN] PackLoader:240 - Cannot read IP mode file for STMicroelectronics.X-CUBE-AZRTOS-H7.3.2.0
2024-04-07 20:53:30,718 [INFO] ThirdParty:978 - Integrity check success = true
2024-04-07 20:53:30,718 [INFO] IntegrityCheckThread:100 - exiting critical section [integrity check]
2024-04-07 20:53:30,718 [INFO] IntegrityCheckThread:103 - End integrity checks thread
2024-04-07 20:53:48,556 [ERROR] LogOutputStream:75 - [STDERR_REDIRECT] SLF4J: Failed to load class "org.slf4j.impl.StaticLoggerBinder".
2024-04-07 20:53:48,557 [ERROR] LogOutputStream:75 - [STDERR_REDIRECT] SLF4J: Defaulting to no-operation (NOP) logger implementation
2024-04-07 20:53:48,558 [ERROR] LogOutputStream:75 - [STDERR_REDIRECT] SLF4J: See http://www.slf4j.org/codes.html#StaticLoggerBinder for further details.
