2024-03-27 14:22:31,390 [INFO] Activator:176 - 


2024-03-27 14:22:31,391 [INFO] Activator:177 - !SESSION log4j initialized
2024-03-27 14:22:34,482 [INFO] LogOutputStream:77 - [STDOUT_REDIRECT] 
2024-03-27 14:22:35,979 [INFO] ApplicationProperties:184 - Using Application install path: C:\ST\STM32CubeIDE_1.14.1\STM32CubeIDE\plugins\com.st.stm32cube.common.mx_6.10.0.202311202037
2024-03-27 14:22:35,994 [INFO] DbMcusXml:78 - Set database path to: C:\ST\STM32CubeIDE_1.14.1\STM32CubeIDE\plugins\com.st.stm32cube.common.mx_6.10.0.202311202037\\db\/mcu/
2024-03-27 14:22:35,995 [INFO] ApiDb:274 - Set plugin database path to: C:\ST\STM32CubeIDE_1.14.1\STM32CubeIDE\plugins\com.st.stm32cube.common.mx_6.10.0.202311202037\\db\/plugins/boardmanager/
2024-03-27 14:22:35,995 [WARN] ApiDb:259 - Overriding images path with different value:  => C:\ST\STM32CubeIDE_1.14.1\STM32CubeIDE\plugins\com.st.stm32cube.common.mx_6.10.0.202311202037\\db\/plugins/mcufinder/images/
2024-03-27 14:22:36,002 [INFO] ApiDb:250 - Set database path to: C:\Users\benri\.stmcufinder\plugins\mcufinder//mcu/
2024-03-27 14:22:36,003 [INFO] DbMcusAds:125 - Set database path to: C:\Users\benri\.stmcufinder\plugins\mcufinder//mcu/
2024-03-27 14:22:36,004 [INFO] CrossReferenceDbSqlite:203 - Set database path to: C:\Users\benri\.stmcufinder\plugins\mcufinder//mcu/cs/
2024-03-27 14:22:36,106 [INFO] RulesReader:64 - Compatibility file has been processed (297 Rules)
2024-03-27 14:22:36,186 [INFO] DbMcusXml:78 - Set database path to: C:\ST\STM32CubeIDE_1.14.1\STM32CubeIDE\plugins\com.st.stm32cube.common.mx_6.10.0.202311202037\\db\/mcu/
2024-03-27 14:22:36,187 [INFO] ApiDb:274 - Set plugin database path to: C:\ST\STM32CubeIDE_1.14.1\STM32CubeIDE\plugins\com.st.stm32cube.common.mx_6.10.0.202311202037\\db\/plugins/boardmanager/
2024-03-27 14:22:36,187 [INFO] ApiDb:261 - Set plugin images path to: C:\ST\STM32CubeIDE_1.14.1\STM32CubeIDE\plugins\com.st.stm32cube.common.mx_6.10.0.202311202037\\db\/plugins/mcufinder/images/
2024-03-27 14:22:36,187 [WARN] DbFile:41 - Overriding database path with different value: C:\Users\benri\.stmcufinder\plugins\mcufinder/ => C:\Users\benri\.stmcufinder\plugins\mcufinder
2024-03-27 14:22:36,187 [INFO] ApiDb:250 - Set database path to: C:\Users\benri\.stmcufinder\plugins\mcufinder//mcu/
2024-03-27 14:22:36,188 [WARN] DbFile:41 - Overriding database path with different value: C:\Users\benri\.stmcufinder\plugins\mcufinder/ => C:\Users\benri\.stmcufinder\plugins\mcufinder
2024-03-27 14:22:36,188 [INFO] DbMcusAds:125 - Set database path to: C:\Users\benri\.stmcufinder\plugins\mcufinder//mcu/
2024-03-27 14:22:36,188 [WARN] DbFile:41 - Overriding database path with different value: C:\Users\benri\.stmcufinder\plugins\mcufinder/ => C:\Users\benri\.stmcufinder\plugins\mcufinder
2024-03-27 14:22:36,188 [WARN] DbFile:41 - Overriding database path with different value: C:\Users\benri\.stmcufinder\plugins\mcufinder/ => C:\Users\benri\.stmcufinder\plugins\mcufinder
2024-03-27 14:22:36,188 [INFO] CrossReferenceDbSqlite:203 - Set database path to: C:\Users\benri\.stmcufinder\plugins\mcufinder//mcu/cs/
2024-03-27 14:22:36,262 [INFO] MainPanel:264 - HeapMemory: 268435456
2024-03-27 14:22:36,351 [INFO] DbMcusXml:78 - Set database path to: C:\ST\STM32CubeIDE_1.14.1\STM32CubeIDE\plugins\com.st.stm32cube.common.mx_6.10.0.202311202037\\db\/mcu/
2024-03-27 14:22:36,352 [INFO] ApiDb:274 - Set plugin database path to: C:\ST\STM32CubeIDE_1.14.1\STM32CubeIDE\plugins\com.st.stm32cube.common.mx_6.10.0.202311202037\\db\/plugins/boardmanager/
2024-03-27 14:22:36,352 [INFO] ApiDb:261 - Set plugin images path to: C:\ST\STM32CubeIDE_1.14.1\STM32CubeIDE\plugins\com.st.stm32cube.common.mx_6.10.0.202311202037\\db\/plugins/mcufinder/images/
2024-03-27 14:22:36,352 [WARN] DbFile:41 - Overriding database path with different value: C:\Users\benri\.stmcufinder\plugins\mcufinder/ => C:\Users\benri\.stmcufinder\plugins\mcufinder
2024-03-27 14:22:36,352 [INFO] ApiDb:250 - Set database path to: C:\Users\benri\.stmcufinder\plugins\mcufinder//mcu/
2024-03-27 14:22:36,352 [WARN] DbFile:41 - Overriding database path with different value: C:\Users\benri\.stmcufinder\plugins\mcufinder/ => C:\Users\benri\.stmcufinder\plugins\mcufinder
2024-03-27 14:22:36,352 [INFO] DbMcusAds:125 - Set database path to: C:\Users\benri\.stmcufinder\plugins\mcufinder//mcu/
2024-03-27 14:22:36,352 [WARN] DbFile:41 - Overriding database path with different value: C:\Users\benri\.stmcufinder\plugins\mcufinder/ => C:\Users\benri\.stmcufinder\plugins\mcufinder
2024-03-27 14:22:36,352 [WARN] DbFile:41 - Overriding database path with different value: C:\Users\benri\.stmcufinder\plugins\mcufinder/ => C:\Users\benri\.stmcufinder\plugins\mcufinder
2024-03-27 14:22:36,352 [INFO] CrossReferenceDbSqlite:203 - Set database path to: C:\Users\benri\.stmcufinder\plugins\mcufinder//mcu/cs/
2024-03-27 14:22:36,374 [INFO] ApplicationProperties:184 - Using Application install path: C:\ST\STM32CubeIDE_1.14.1\STM32CubeIDE\plugins\com.st.stm32cube.common.mx_6.10.0.202311202037
2024-03-27 14:22:36,375 [INFO] PluginManage:196 - Search for loadable plugins [exclusion list=, ]
2024-03-27 14:22:36,378 [INFO] PluginManage:310 - Check plugin analytics
2024-03-27 14:22:36,628 [INFO] AnalyticsPlugin:253 - Accepted Software Licenses: 
2024-03-27 14:22:36,628 [INFO] AnalyticsPlugin:255 - Accepted CMSIS Pack Licenses: 
2024-03-27 14:22:36,628 [INFO] AnalyticsPlugin:257 - Accepted Firmware Licenses: 
2024-03-27 14:22:36,634 [INFO] PluginManage:359 - Loaded plugin analytics (category:tool,tabindex:-1)
2024-03-27 14:22:36,634 [INFO] PluginManage:310 - Check plugin cadmodel
2024-03-27 14:22:36,642 [INFO] CADModel:105 - Init CAD model plugin
2024-03-27 14:22:36,642 [INFO] PluginManage:359 - Loaded plugin cadmodel (category:power,tabindex:5)
2024-03-27 14:22:36,643 [INFO] PluginManage:310 - Check plugin clock
2024-03-27 14:22:36,659 [INFO] PluginManage:359 - Loaded plugin clock (category:base,tabindex:2)
2024-03-27 14:22:36,659 [INFO] PluginManage:310 - Check plugin ddr
2024-03-27 14:22:36,662 [INFO] PluginManage:359 - Loaded plugin ddr (category:tool,tabindex:6)
2024-03-27 14:22:36,662 [INFO] PluginManage:310 - Check plugin filemanager
2024-03-27 14:22:36,832 [INFO] PluginManage:359 - Loaded plugin filemanager (category:base,tabindex:10)
2024-03-27 14:22:36,832 [INFO] PluginManage:310 - Check plugin ipmanager
2024-03-27 14:22:36,837 [INFO] PluginManage:359 - Loaded plugin ipmanager (category:base,tabindex:5)
2024-03-27 14:22:36,837 [INFO] PluginManage:310 - Check plugin lpbam
2024-03-27 14:22:36,843 [INFO] PluginManage:359 - Loaded plugin lpbam (category:base,tabindex:0)
2024-03-27 14:22:36,844 [INFO] PluginManage:310 - Check plugin memorymap
2024-03-27 14:22:36,854 [INFO] PluginManage:359 - Loaded plugin memorymap (category:base,tabindex:4)
2024-03-27 14:22:36,855 [INFO] PluginManage:310 - Check plugin pinoutandconfiguration
2024-03-27 14:22:36,860 [INFO] PluginManage:359 - Loaded plugin pinoutandconfiguration (category:base,tabindex:1)
2024-03-27 14:22:36,860 [INFO] PluginManage:310 - Check plugin pinoutconfig
2024-03-27 14:22:36,936 [WARN] SupportedApi:132 - Cannot load RTOS API schema: s4s-elt-must-match.1: The content of 'definitions' must match (annotation?, (simpleType | complexType)?, (unique | key | keyref)*)). A problem was found starting at: attribute.
2024-03-27 14:22:37,058 [INFO] PluginManage:359 - Loaded plugin pinoutconfig (category:base,tabindex:0)
2024-03-27 14:22:37,058 [INFO] PluginManage:310 - Check plugin power
2024-03-27 14:22:37,068 [INFO] PluginManage:359 - Loaded plugin power (category:power,tabindex:4)
2024-03-27 14:22:37,068 [INFO] PluginManage:310 - Check plugin projectmanager
2024-03-27 14:22:37,089 [INFO] PluginManage:359 - Loaded plugin projectmanager (category:projectmanager,tabindex:3)
2024-03-27 14:22:37,090 [INFO] PluginManage:310 - Check plugin thirdparty
2024-03-27 14:22:37,209 [WARN] IntegrityCheckThread:84 - waiting for thirdparty lock release [integrity check]
2024-03-27 14:22:37,209 [INFO] IntegrityCheckThread:86 - entering critical section [integrity check]
2024-03-27 14:22:37,209 [INFO] PluginManage:359 - Loaded plugin thirdparty (category:base,tabindex:-1)
2024-03-27 14:22:37,210 [INFO] PluginManage:310 - Check plugin tools
2024-03-27 14:22:37,210 [INFO] ThirdPartyUpdaterWithRetryManager:70 - Updater plugin not ready yet. [1/15]
2024-03-27 14:22:37,213 [INFO] PluginManage:359 - Loaded plugin tools (category:base,tabindex:7)
2024-03-27 14:22:37,213 [INFO] PluginManage:310 - Check plugin tutovideos
2024-03-27 14:22:37,361 [INFO] PluginManage:359 - Loaded plugin tutovideos (category:base,tabindex:-1)
2024-03-27 14:22:37,361 [INFO] PluginManage:310 - Check plugin updater
2024-03-27 14:22:37,379 [INFO] PluginManage:359 - Loaded plugin updater (category:base,tabindex:12)
2024-03-27 14:22:37,379 [INFO] PluginManage:310 - Check plugin userauth
2024-03-27 14:22:37,389 [INFO] UserAuth:114 - Init User Auth plugin
2024-03-27 14:22:37,389 [INFO] PluginManage:359 - Loaded plugin userauth (category:base,tabindex:14)
2024-03-27 14:22:37,389 [INFO] PluginManage:283 - PluginManage : Loaded plugins [17]
2024-03-27 14:22:37,576 [INFO] PinOutPanel:1499 - setPackage(No Configuration,No Configuration)
2024-03-27 14:22:37,634 [INFO] CADModel:165 - CPN selected for project level
2024-03-27 14:22:37,634 [INFO] CADModel:114 - Register for checkConnection events
2024-03-27 14:22:37,649 [INFO] IPUIPlugin:80 - create IPUIPlugin
2024-03-27 14:22:37,649 [INFO] PluginManager:220 - loadIPPluginJar : add adc
2024-03-27 14:22:37,651 [INFO] IPUIPlugin:80 - create IPUIPlugin
2024-03-27 14:22:37,651 [INFO] PluginManager:220 - loadIPPluginJar : add aes
2024-03-27 14:22:37,654 [INFO] IPUIPlugin:80 - create IPUIPlugin
2024-03-27 14:22:37,654 [INFO] PluginManager:220 - loadIPPluginJar : add can
2024-03-27 14:22:37,655 [INFO] IPUIPlugin:80 - create IPUIPlugin
2024-03-27 14:22:37,656 [INFO] PluginManager:220 - loadIPPluginJar : add comp
2024-03-27 14:22:37,658 [INFO] IPUIPlugin:80 - create IPUIPlugin
2024-03-27 14:22:37,658 [INFO] PluginManager:220 - loadIPPluginJar : add cryp
2024-03-27 14:22:37,661 [INFO] IPUIPlugin:80 - create IPUIPlugin
2024-03-27 14:22:37,661 [INFO] PluginManager:220 - loadIPPluginJar : add dfsdm
2024-03-27 14:22:37,665 [INFO] IPUIPlugin:80 - create IPUIPlugin
2024-03-27 14:22:37,666 [INFO] PluginManager:220 - loadIPPluginJar : add dma
2024-03-27 14:22:37,668 [INFO] IPUIPlugin:80 - create IPUIPlugin
2024-03-27 14:22:37,668 [INFO] PluginManager:220 - loadIPPluginJar : add dma3
2024-03-27 14:22:37,669 [INFO] IPUIPlugin:80 - create IPUIPlugin
2024-03-27 14:22:37,669 [INFO] PluginManager:220 - loadIPPluginJar : add fatfs
2024-03-27 14:22:37,672 [INFO] IPUIPlugin:80 - create IPUIPlugin
2024-03-27 14:22:37,672 [INFO] PluginManager:220 - loadIPPluginJar : add fmc
2024-03-27 14:22:37,677 [INFO] IPUIPlugin:80 - create IPUIPlugin
2024-03-27 14:22:37,677 [INFO] PluginManager:220 - loadIPPluginJar : add freertos
2024-03-27 14:22:37,678 [INFO] IPUIPlugin:80 - create IPUIPlugin
2024-03-27 14:22:37,678 [INFO] PluginManager:220 - loadIPPluginJar : add genericplugin
2024-03-27 14:22:37,680 [INFO] IPUIPlugin:80 - create IPUIPlugin
2024-03-27 14:22:37,680 [INFO] PluginManager:220 - loadIPPluginJar : add gfxmmu
2024-03-27 14:22:37,685 [INFO] IPUIPlugin:80 - create IPUIPlugin
2024-03-27 14:22:37,686 [INFO] PluginManager:220 - loadIPPluginJar : add gic
2024-03-27 14:22:37,689 [INFO] IPUIPlugin:80 - create IPUIPlugin
2024-03-27 14:22:37,689 [INFO] PluginManager:220 - loadIPPluginJar : add gpio
2024-03-27 14:22:37,691 [INFO] IPUIPlugin:80 - create IPUIPlugin
2024-03-27 14:22:37,691 [INFO] PluginManager:220 - loadIPPluginJar : add gtzc
2024-03-27 14:22:37,693 [INFO] IPUIPlugin:80 - create IPUIPlugin
2024-03-27 14:22:37,693 [INFO] PluginManager:220 - loadIPPluginJar : add hash
2024-03-27 14:22:37,695 [INFO] IPUIPlugin:80 - create IPUIPlugin
2024-03-27 14:22:37,695 [INFO] PluginManager:220 - loadIPPluginJar : add i2c
2024-03-27 14:22:37,697 [INFO] IPUIPlugin:80 - create IPUIPlugin
2024-03-27 14:22:37,697 [INFO] PluginManager:220 - loadIPPluginJar : add i2s
2024-03-27 14:22:37,699 [INFO] IPUIPlugin:80 - create IPUIPlugin
2024-03-27 14:22:37,700 [INFO] PluginManager:220 - loadIPPluginJar : add i3c
2024-03-27 14:22:37,702 [INFO] IPUIPlugin:80 - create IPUIPlugin
2024-03-27 14:22:37,702 [INFO] PluginManager:220 - loadIPPluginJar : add ipddr
2024-03-27 14:22:37,708 [INFO] IPUIPlugin:80 - create IPUIPlugin
2024-03-27 14:22:37,708 [INFO] PluginManager:220 - loadIPPluginJar : add linkedlist
2024-03-27 14:22:37,711 [INFO] IPUIPlugin:80 - create IPUIPlugin
2024-03-27 14:22:37,712 [INFO] PluginManager:220 - loadIPPluginJar : add lorawan
2024-03-27 14:22:37,713 [INFO] IPUIPlugin:80 - create IPUIPlugin
2024-03-27 14:22:37,713 [INFO] PluginManager:220 - loadIPPluginJar : add ltdc
2024-03-27 14:22:37,720 [INFO] IPUIPlugin:80 - create IPUIPlugin
2024-03-27 14:22:37,721 [INFO] PluginManager:220 - loadIPPluginJar : add mdma
2024-03-27 14:22:37,724 [INFO] IPUIPlugin:80 - create IPUIPlugin
2024-03-27 14:22:37,725 [INFO] PluginManager:220 - loadIPPluginJar : add nvic
2024-03-27 14:22:37,727 [INFO] IPUIPlugin:80 - create IPUIPlugin
2024-03-27 14:22:37,728 [INFO] PluginManager:220 - loadIPPluginJar : add opamp
2024-03-27 14:22:37,730 [INFO] IPUIPlugin:80 - create IPUIPlugin
2024-03-27 14:22:37,730 [INFO] PluginManager:220 - loadIPPluginJar : add openamp
2024-03-27 14:22:37,735 [INFO] IPUIPlugin:80 - create IPUIPlugin
2024-03-27 14:22:37,735 [INFO] PluginManager:220 - loadIPPluginJar : add pdm2pcm
2024-03-27 14:22:37,740 [INFO] IPUIPlugin:80 - create IPUIPlugin
2024-03-27 14:22:37,741 [INFO] PluginManager:220 - loadIPPluginJar : add plateformsettings
2024-03-27 14:22:37,743 [INFO] IPUIPlugin:80 - create IPUIPlugin
2024-03-27 14:22:37,743 [INFO] PluginManager:220 - loadIPPluginJar : add quadspi
2024-03-27 14:22:37,746 [INFO] IPUIPlugin:80 - create IPUIPlugin
2024-03-27 14:22:37,746 [INFO] PluginManager:220 - loadIPPluginJar : add resmgrutility
2024-03-27 14:22:37,748 [INFO] IPUIPlugin:80 - create IPUIPlugin
2024-03-27 14:22:37,748 [INFO] PluginManager:220 - loadIPPluginJar : add sai
2024-03-27 14:22:37,751 [INFO] IPUIPlugin:80 - create IPUIPlugin
2024-03-27 14:22:37,751 [INFO] PluginManager:220 - loadIPPluginJar : add spi
2024-03-27 14:22:37,755 [INFO] IPUIPlugin:80 - create IPUIPlugin
2024-03-27 14:22:37,755 [INFO] PluginManager:220 - loadIPPluginJar : add stm32_wpan
2024-03-27 14:22:37,755 [INFO] IPUIPlugin:80 - create IPUIPlugin
2024-03-27 14:22:37,756 [INFO] PluginManager:220 - loadIPPluginJar : add tim
2024-03-27 14:22:37,758 [INFO] IPUIPlugin:80 - create IPUIPlugin
2024-03-27 14:22:37,758 [INFO] PluginManager:220 - loadIPPluginJar : add touchsensing
2024-03-27 14:22:37,760 [INFO] IPUIPlugin:80 - create IPUIPlugin
2024-03-27 14:22:37,760 [INFO] PluginManager:220 - loadIPPluginJar : add tracer_emb
2024-03-27 14:22:37,761 [INFO] IPUIPlugin:80 - create IPUIPlugin
2024-03-27 14:22:37,761 [INFO] PluginManager:220 - loadIPPluginJar : add ts
2024-03-27 14:22:37,762 [INFO] IPUIPlugin:80 - create IPUIPlugin
2024-03-27 14:22:37,763 [INFO] PluginManager:220 - loadIPPluginJar : add tsc
2024-03-27 14:22:37,764 [INFO] IPUIPlugin:80 - create IPUIPlugin
2024-03-27 14:22:37,764 [INFO] PluginManager:220 - loadIPPluginJar : add ucpd
2024-03-27 14:22:37,767 [INFO] IPUIPlugin:80 - create IPUIPlugin
2024-03-27 14:22:37,767 [INFO] PluginManager:220 - loadIPPluginJar : add usart
2024-03-27 14:22:37,773 [INFO] IPUIPlugin:80 - create IPUIPlugin
2024-03-27 14:22:37,774 [INFO] PluginManager:220 - loadIPPluginJar : add usbx
2024-03-27 14:22:37,906 [INFO] CADModel:165 - CPN selected for project level
2024-03-27 14:22:37,907 [INFO] CADModel:114 - Register for checkConnection events
2024-03-27 14:22:37,907 [FATAL] Updater:308 - Updater called before beeing initialized
2024-03-27 14:22:37,908 [ERROR] CADModel:125 - Updater not yet initialized, retry later 
2024-03-27 14:22:38,047 [INFO] CADModel:165 - CPN selected for project level
2024-03-27 14:22:38,047 [INFO] CADModel:114 - Register for checkConnection events
2024-03-27 14:22:38,047 [FATAL] Updater:308 - Updater called before beeing initialized
2024-03-27 14:22:38,047 [ERROR] CADModel:125 - Updater not yet initialized, retry later 
2024-03-27 14:22:38,053 [FATAL] Updater:308 - Updater called before beeing initialized
2024-03-27 14:22:38,167 [FATAL] Updater:308 - Updater called before beeing initialized
2024-03-27 14:22:38,171 [INFO] DbMcusAds:53 - JSON generation date=Wed Nov 29 21:52:27 AEDT 2023 (1701255147349)
2024-03-27 14:22:38,171 [FATAL] Updater:308 - Updater called before beeing initialized
2024-03-27 14:22:38,586 [WARN] DetailPanel:346 - Failed to get advertising image, set to default
2024-03-27 14:22:38,668 [FATAL] Updater:308 - Updater called before beeing initialized
2024-03-27 14:22:38,671 [FATAL] Updater:308 - Updater called before beeing initialized
2024-03-27 14:22:38,671 [FATAL] Updater:308 - Updater called before beeing initialized
2024-03-27 14:22:38,671 [WARN] DetailPanel:346 - Failed to get advertising image, set to default
2024-03-27 14:22:38,672 [FATAL] Updater:308 - Updater called before beeing initialized
2024-03-27 14:22:38,710 [ERROR] Updater:1120 - MainUpdater not yet initialized. External WinMGr cannot be set.
2024-03-27 14:22:38,711 [INFO] Updater:1056 - Updater Version found : 6.10.0
2024-03-27 14:22:38,729 [INFO] ApplicationProperties:184 - Using Application install path: C:\ST\STM32CubeIDE_1.14.1\STM32CubeIDE\plugins\com.st.stm32cube.common.mx_6.10.0.202311202037
2024-03-27 14:22:40,211 [INFO] ThirdPartyUpdaterWithRetryManager:70 - Updater plugin not ready yet. [2/15]
2024-03-27 14:22:40,306 [ERROR] LogOutputStream:75 - [STDERR_REDIRECT] Mar 27, 2024 2:22:40 PM java.util.prefs.WindowsPreferences <init>
2024-03-27 14:22:40,308 [ERROR] LogOutputStream:75 - [STDERR_REDIRECT] WARNING: Could not open/create prefs root node Software\JavaSoft\Prefs at root 0xffffffff80000002. Windows RegCreateKeyEx(...) returned error code 5.
2024-03-27 14:22:40,308 [ERROR] LogOutputStream:75 - [STDERR_REDIRECT] 
2024-03-27 14:22:40,789 [INFO] MainUpdater:2873 - connection check result : 10
2024-03-27 14:22:40,792 [INFO] MainUpdater:3567 - Updater definition file requires update
2024-03-27 14:22:40,797 [INFO] MainUpdater:290 - Updater Check For Update Now.
2024-03-27 14:22:40,797 [INFO] MicroXplorer:498 - Change Database Version : DB.6.0.100
2024-03-27 14:22:40,806 [INFO] McuFinderGlobals:63 - Set McuFinder mode to 2 (CubeIDE integrated)
2024-03-27 14:22:40,841 [INFO] ServerAccessManage:473 - Download File updaters.zip
2024-03-27 14:22:40,968 [INFO] FileExtend:240 - Unzip File : updaters.zip
2024-03-27 14:22:40,968 [INFO] FileExtend:255 - Standard Zip Deflate
2024-03-27 14:22:41,054 [INFO] UserAuth:404 - Internet connection configuration mode: 1
2024-03-27 14:22:41,068 [INFO] JxBrowserEngine:152 - Initiate JxBrowser Engine with user profile folder
2024-03-27 14:22:41,257 [INFO] ServerAccessManage:473 - Download File PacksControlFlags.xml
2024-03-27 14:22:41,317 [INFO] ServerAccessManage:473 - Download File cubemx.pidx
2024-03-27 14:22:41,930 [INFO] ServerAccessManage:473 - Download File STMicroelectronics.X-CUBE-NFC6.pdsc
2024-03-27 14:22:42,485 [WARN] PackLoader:240 - Cannot read IP mode file for STMicroelectronics.X-CUBE-NFC6.3.1.0
2024-03-27 14:22:42,491 [INFO] PopulateThirdPartyThread:66 - Ending populate Thread
2024-03-27 14:22:42,493 [INFO] ThirdParty:1030 - CMSIS Pack Vendor :STMicroelectronics X-CUBE-NFC6 3.1.0
2024-03-27 14:22:42,493 [INFO] LoadServerUpdatesThread:375 - End of LoadServerUpdate Thread
2024-03-27 14:22:42,516 [INFO] WebApp:161 - Instantiating new browser for Auth
2024-03-27 14:22:42,538 [INFO] CheckServerUpdateThread:120 - End of CheckServer Thread
2024-03-27 14:22:43,023 [INFO] WebApp:780 - Register for checkConnection events
2024-03-27 14:22:43,023 [INFO] WebApp:414 - Apply proxy settings
2024-03-27 14:22:43,023 [INFO] WebApp:499 - Chromium requires no authentication
2024-03-27 14:22:43,029 [INFO] WebApp:442 - Direct internet connection detected
2024-03-27 14:22:43,158 [INFO] WebApp:192 - Starting web application
2024-03-27 14:22:43,158 [INFO] WebApp:544 - Web application path used C:\ST\STM32CubeIDE_1.14.1\STM32CubeIDE\plugins\com.st.stm32cube.common.mx_6.10.0.202311202037\db\plugins\mcufinder\reactClient1\index.html
2024-03-27 14:22:43,394 [WARN] PackLoader:240 - Cannot read IP mode file for STMicroelectronics.X-CUBE-SMBUS.2.1.0
2024-03-27 14:22:43,398 [WARN] PackLoader:240 - Cannot read IP mode file for STMicroelectronics.X-CUBE-TOUCHGFX.4.23.0
2024-03-27 14:22:43,423 [WARN] PackLoader:240 - Cannot read IP mode file for STMicroelectronics.X-CUBE-AZRTOS-F7.1.1.0
2024-03-27 14:22:43,442 [WARN] PackLoader:240 - Cannot read IP mode file for STMicroelectronics.FP-SNS-MOTENV1.4.3.2
2024-03-27 14:22:43,453 [WARN] PackLoader:240 - Cannot read IP mode file for STMicroelectronics.FP-SNS-FLIGHT1.5.0.2
2024-03-27 14:22:43,462 [WARN] PackLoader:240 - Cannot read IP mode file for STMicroelectronics.X-CUBE-DISPLAY.3.0.0
2024-03-27 14:22:43,475 [WARN] PackLoader:240 - Cannot read IP mode file for STMicroelectronics.X-CUBE-BLE1.7.0.0
2024-03-27 14:22:43,480 [WARN] PackLoader:240 - Cannot read IP mode file for emotas.I-CUBE-CANOPEN.1.3.0
2024-03-27 14:22:43,490 [WARN] PackLoader:240 - Cannot read IP mode file for STMicroelectronics.X-CUBE-BLEMGR.3.1.0
2024-03-27 14:22:43,496 [WARN] PackLoader:240 - Cannot read IP mode file for STMicroelectronics.FP-SNS-SMARTAG2.1.2.0
2024-03-27 14:22:43,504 [INFO] LogOutputStream:77 - [STDOUT_REDIRECT] 1 : Invalid condition id : UX_CORESTACK_Condition cause : null
2024-03-27 14:22:43,505 [INFO] LogOutputStream:77 - [STDOUT_REDIRECT] 1 : Invalid condition id : UX_CORESTACK_Condition cause : null
2024-03-27 14:22:43,506 [INFO] LogOutputStream:77 - [STDOUT_REDIRECT] 1 : Invalid condition id : UX_CORESTACK_Condition cause : null
2024-03-27 14:22:43,506 [INFO] LogOutputStream:77 - [STDOUT_REDIRECT] 1 : Invalid condition id : UX_CORESTACK_Condition cause : null
2024-03-27 14:22:43,507 [INFO] LogOutputStream:77 - [STDOUT_REDIRECT] 1 : Invalid condition id : UX_CORESTACK_Condition cause : null
2024-03-27 14:22:43,510 [WARN] PackLoader:240 - Cannot read IP mode file for STMicroelectronics.X-CUBE-AZRTOS-WL.2.0.0
2024-03-27 14:22:43,524 [WARN] PackLoader:240 - Cannot read IP mode file for WES.I-CUBE-Cesium.1.3.0
2024-03-27 14:22:43,530 [WARN] PackLoader:240 - Cannot read IP mode file for STMicroelectronics.X-CUBE-BLE2.3.3.0
2024-03-27 14:22:43,535 [WARN] PackLoader:240 - Cannot read IP mode file for STMicroelectronics.X-CUBE-ALGOBUILD.1.3.0
2024-03-27 14:22:43,548 [WARN] PackLoader:240 - Cannot read IP mode file for STMicroelectronics.X-CUBE-AZRTOS-G0.1.1.0
2024-03-27 14:22:43,555 [WARN] PackLoader:240 - Cannot read IP mode file for STMicroelectronics.X-CUBE-NFC4.3.0.0
2024-03-27 14:22:43,569 [WARN] PackLoader:240 - Cannot read IP mode file for STMicroelectronics.X-CUBE-BLEMGR.3.0.0
2024-03-27 14:22:43,578 [WARN] PackLoader:240 - Cannot read IP mode file for STMicroelectronics.FP-ATR-SIGFOX1.3.2.0
2024-03-27 14:22:43,583 [WARN] PackLoader:240 - Cannot read IP mode file for STMicroelectronics.X-CUBE-EEPRMA1.5.1.0
2024-03-27 14:22:43,634 [WARN] PackLoader:240 - Cannot read IP mode file for SEGGER.I-CUBE-embOS.1.3.1
2024-03-27 14:22:43,667 [WARN] PackLoader:240 - Cannot read IP mode file for STMicroelectronics.X-CUBE-GNSS1.6.0.0
2024-03-27 14:22:43,678 [WARN] PackLoader:240 - Cannot read IP mode file for STMicroelectronics.X-CUBE-AZRTOS-F4.1.1.0
2024-03-27 14:22:43,684 [WARN] PackLoader:240 - Cannot read IP mode file for wolfSSL.I-CUBE-wolfSSL.5.6.6
2024-03-27 14:22:43,696 [WARN] PackLoader:240 - Cannot read IP mode file for STMicroelectronics.X-CUBE-AZRTOS-L5.2.0.0
2024-03-27 14:22:43,701 [WARN] PackLoader:240 - Cannot read IP mode file for STMicroelectronics.X-CUBE-NFC6.3.1.0
2024-03-27 14:22:43,707 [WARN] PackLoader:240 - Cannot read IP mode file for ITTIA_DB.I-CUBE-ITTIADB.8.8.0
2024-03-27 14:22:43,711 [WARN] PackLoader:240 - Cannot read IP mode file for STMicroelectronics.X-CUBE-NFC7.1.0.1
2024-03-27 14:22:43,715 [WARN] PackLoader:240 - Cannot read IP mode file for STMicroelectronics.X-CUBE-NFC6.3.0.0
2024-03-27 14:22:43,719 [WARN] PackLoader:240 - Cannot read IP mode file for STMicroelectronics.X-CUBE-AI.8.1.0
2024-03-27 14:22:43,730 [WARN] ConditionMgr:438 - getConditionDescription Invalid condition id : LAN8742 Phy interface Condition cause : null
2024-03-27 14:22:43,730 [WARN] PackLoader:240 - Cannot read IP mode file for STMicroelectronics.X-CUBE-AZRTOS-L4.2.0.0
2024-03-27 14:22:43,732 [WARN] ConditionMgr:1039 - genDependencies : Invalid condition id : LAN8742 Phy interface Condition cause : null
2024-03-27 14:22:43,732 [WARN] ConditionMgr:1039 - genDependencies : Invalid condition id : LAN8742 Phy interface Condition cause : null
2024-03-27 14:22:43,733 [WARN] ConditionMgr:1039 - genDependencies : Invalid condition id : LAN8742 Phy interface Condition cause : null
2024-03-27 14:22:43,739 [WARN] PackLoader:240 - Cannot read IP mode file for STMicroelectronics.X-CUBE-SFXS2LP1.4.0.0
2024-03-27 14:22:43,749 [WARN] ConditionMgr:438 - getConditionDescription Invalid condition id : UX DEVICE CLASS RTOS Condition cause : null
2024-03-27 14:22:43,749 [WARN] ConditionMgr:438 - getConditionDescription Invalid condition id : UX DEVICE CLASS RTOS Condition cause : null
2024-03-27 14:22:43,751 [WARN] PackLoader:240 - Cannot read IP mode file for STMicroelectronics.X-CUBE-AZRTOS-WB.2.0.0
2024-03-27 14:22:43,751 [WARN] ConditionMgr:1039 - genDependencies : Invalid condition id : UX DEVICE CLASS RTOS Condition cause : null
2024-03-27 14:22:43,751 [WARN] ConditionMgr:1039 - genDependencies : Invalid condition id : UX DEVICE CLASS RTOS Condition cause : null
2024-03-27 14:22:43,752 [WARN] ConditionMgr:1039 - genDependencies : Invalid condition id : UX DEVICE CLASS RTOS Condition cause : null
2024-03-27 14:22:43,752 [WARN] ConditionMgr:1039 - genDependencies : Invalid condition id : UX DEVICE CLASS RTOS Condition cause : null
2024-03-27 14:22:43,752 [WARN] ConditionMgr:1039 - genDependencies : Invalid condition id : UX DEVICE CLASS RTOS Condition cause : null
2024-03-27 14:22:43,761 [WARN] PackLoader:240 - Cannot read IP mode file for STMicroelectronics.X-CUBE-SUBG2.5.0.0
2024-03-27 14:22:43,775 [WARN] PackLoader:240 - Cannot read IP mode file for STMicroelectronics.X-CUBE-AZRTOS-G4.2.0.0
2024-03-27 14:22:43,786 [WARN] PackLoader:240 - Cannot read IP mode file for Infineon.AIROC-Wi-Fi-Bluetooth-STM32.1.5.1
2024-03-27 14:22:43,792 [WARN] PackLoader:240 - Cannot read IP mode file for STMicroelectronics.FP-SNS-MOTENVWB1.1.3.1
2024-03-27 14:22:43,796 [WARN] PackLoader:240 - Cannot read IP mode file for STMicroelectronics.X-CUBE-ISPU.2.0.0
2024-03-27 14:22:43,825 [WARN] PackLoader:240 - Cannot read IP mode file for STMicroelectronics.X-CUBE-MEMS1.10.0.0
2024-03-27 14:22:43,912 [WARN] PackLoader:240 - Cannot read IP mode file for STMicroelectronics.X-CUBE-FREERTOS.1.1.0
2024-03-27 14:22:43,916 [WARN] PackLoader:240 - Cannot read IP mode file for portGmbH.I-Cube-SoM-uGOAL.1.1.0
2024-03-27 14:22:43,919 [WARN] PackLoader:240 - Cannot read IP mode file for STMicroelectronics.X-CUBE-ALS.1.0.1
2024-03-27 14:22:43,921 [WARN] PackLoader:240 - Cannot read IP mode file for STMicroelectronics.FP-ATR-ASTRA1.2.0.0
2024-03-27 14:22:43,927 [WARN] PackLoader:240 - Cannot read IP mode file for STMicroelectronics.X-CUBE-TOF1.3.4.0
2024-03-27 14:22:43,940 [WARN] PackLoader:240 - Cannot read IP mode file for STMicroelectronics.X-CUBE-TOF1.3.4.1
2024-03-27 14:22:43,959 [WARN] PackLoader:240 - Cannot read IP mode file for STMicroelectronics.X-CUBE-AZRTOS-H7.3.2.0
2024-03-27 14:22:43,961 [INFO] ThirdParty:978 - Integrity check success = true
2024-03-27 14:22:43,961 [INFO] IntegrityCheckThread:100 - exiting critical section [integrity check]
2024-03-27 14:22:43,961 [INFO] IntegrityCheckThread:103 - End integrity checks thread
2024-03-27 14:23:04,039 [ERROR] LogOutputStream:75 - [STDERR_REDIRECT] SLF4J: Failed to load class "org.slf4j.impl.StaticLoggerBinder".
2024-03-27 14:23:04,040 [ERROR] LogOutputStream:75 - [STDERR_REDIRECT] SLF4J: Defaulting to no-operation (NOP) logger implementation
2024-03-27 14:23:04,041 [ERROR] LogOutputStream:75 - [STDERR_REDIRECT] SLF4J: See http://www.slf4j.org/codes.html#StaticLoggerBinder for further details.
2024-03-27 14:53:14,916 [ERROR] LogOutputStream:75 - [STDERR_REDIRECT] 
2024-03-27 15:40:24,076 [INFO] Activator:176 - 


2024-03-27 15:40:24,077 [INFO] Activator:177 - !SESSION log4j initialized
2024-03-27 15:40:26,402 [INFO] LogOutputStream:77 - [STDOUT_REDIRECT] 
2024-03-27 15:40:27,437 [INFO] ApplicationProperties:184 - Using Application install path: C:\ST\STM32CubeIDE_1.14.1\STM32CubeIDE\plugins\com.st.stm32cube.common.mx_6.10.0.202311202037
2024-03-27 15:40:27,467 [INFO] DbMcusXml:78 - Set database path to: C:\ST\STM32CubeIDE_1.14.1\STM32CubeIDE\plugins\com.st.stm32cube.common.mx_6.10.0.202311202037\\db\/mcu/
2024-03-27 15:40:27,467 [INFO] ApiDb:274 - Set plugin database path to: C:\ST\STM32CubeIDE_1.14.1\STM32CubeIDE\plugins\com.st.stm32cube.common.mx_6.10.0.202311202037\\db\/plugins/boardmanager/
2024-03-27 15:40:27,468 [WARN] ApiDb:259 - Overriding images path with different value:  => C:\ST\STM32CubeIDE_1.14.1\STM32CubeIDE\plugins\com.st.stm32cube.common.mx_6.10.0.202311202037\\db\/plugins/mcufinder/images/
2024-03-27 15:40:27,477 [INFO] ApiDb:250 - Set database path to: C:\Users\benri\.stmcufinder\plugins\mcufinder//mcu/
2024-03-27 15:40:27,477 [INFO] DbMcusAds:125 - Set database path to: C:\Users\benri\.stmcufinder\plugins\mcufinder//mcu/
2024-03-27 15:40:27,481 [INFO] CrossReferenceDbSqlite:203 - Set database path to: C:\Users\benri\.stmcufinder\plugins\mcufinder//mcu/cs/
2024-03-27 15:40:27,599 [INFO] RulesReader:64 - Compatibility file has been processed (297 Rules)
2024-03-27 15:40:27,672 [INFO] DbMcusXml:78 - Set database path to: C:\ST\STM32CubeIDE_1.14.1\STM32CubeIDE\plugins\com.st.stm32cube.common.mx_6.10.0.202311202037\\db\/mcu/
2024-03-27 15:40:27,672 [INFO] ApiDb:274 - Set plugin database path to: C:\ST\STM32CubeIDE_1.14.1\STM32CubeIDE\plugins\com.st.stm32cube.common.mx_6.10.0.202311202037\\db\/plugins/boardmanager/
2024-03-27 15:40:27,672 [INFO] ApiDb:261 - Set plugin images path to: C:\ST\STM32CubeIDE_1.14.1\STM32CubeIDE\plugins\com.st.stm32cube.common.mx_6.10.0.202311202037\\db\/plugins/mcufinder/images/
2024-03-27 15:40:27,672 [WARN] DbFile:41 - Overriding database path with different value: C:\Users\benri\.stmcufinder\plugins\mcufinder/ => C:\Users\benri\.stmcufinder\plugins\mcufinder
2024-03-27 15:40:27,672 [INFO] ApiDb:250 - Set database path to: C:\Users\benri\.stmcufinder\plugins\mcufinder//mcu/
2024-03-27 15:40:27,672 [WARN] DbFile:41 - Overriding database path with different value: C:\Users\benri\.stmcufinder\plugins\mcufinder/ => C:\Users\benri\.stmcufinder\plugins\mcufinder
2024-03-27 15:40:27,672 [INFO] DbMcusAds:125 - Set database path to: C:\Users\benri\.stmcufinder\plugins\mcufinder//mcu/
2024-03-27 15:40:27,672 [WARN] DbFile:41 - Overriding database path with different value: C:\Users\benri\.stmcufinder\plugins\mcufinder/ => C:\Users\benri\.stmcufinder\plugins\mcufinder
2024-03-27 15:40:27,672 [WARN] DbFile:41 - Overriding database path with different value: C:\Users\benri\.stmcufinder\plugins\mcufinder/ => C:\Users\benri\.stmcufinder\plugins\mcufinder
2024-03-27 15:40:27,672 [INFO] CrossReferenceDbSqlite:203 - Set database path to: C:\Users\benri\.stmcufinder\plugins\mcufinder//mcu/cs/
2024-03-27 15:40:27,721 [INFO] MainPanel:264 - HeapMemory: 268435456
2024-03-27 15:40:27,773 [INFO] DbMcusXml:78 - Set database path to: C:\ST\STM32CubeIDE_1.14.1\STM32CubeIDE\plugins\com.st.stm32cube.common.mx_6.10.0.202311202037\\db\/mcu/
2024-03-27 15:40:27,773 [INFO] ApiDb:274 - Set plugin database path to: C:\ST\STM32CubeIDE_1.14.1\STM32CubeIDE\plugins\com.st.stm32cube.common.mx_6.10.0.202311202037\\db\/plugins/boardmanager/
2024-03-27 15:40:27,773 [INFO] ApiDb:261 - Set plugin images path to: C:\ST\STM32CubeIDE_1.14.1\STM32CubeIDE\plugins\com.st.stm32cube.common.mx_6.10.0.202311202037\\db\/plugins/mcufinder/images/
2024-03-27 15:40:27,773 [WARN] DbFile:41 - Overriding database path with different value: C:\Users\benri\.stmcufinder\plugins\mcufinder/ => C:\Users\benri\.stmcufinder\plugins\mcufinder
2024-03-27 15:40:27,773 [INFO] ApiDb:250 - Set database path to: C:\Users\benri\.stmcufinder\plugins\mcufinder//mcu/
2024-03-27 15:40:27,773 [WARN] DbFile:41 - Overriding database path with different value: C:\Users\benri\.stmcufinder\plugins\mcufinder/ => C:\Users\benri\.stmcufinder\plugins\mcufinder
2024-03-27 15:40:27,773 [INFO] DbMcusAds:125 - Set database path to: C:\Users\benri\.stmcufinder\plugins\mcufinder//mcu/
2024-03-27 15:40:27,773 [WARN] DbFile:41 - Overriding database path with different value: C:\Users\benri\.stmcufinder\plugins\mcufinder/ => C:\Users\benri\.stmcufinder\plugins\mcufinder
2024-03-27 15:40:27,773 [WARN] DbFile:41 - Overriding database path with different value: C:\Users\benri\.stmcufinder\plugins\mcufinder/ => C:\Users\benri\.stmcufinder\plugins\mcufinder
2024-03-27 15:40:27,773 [INFO] CrossReferenceDbSqlite:203 - Set database path to: C:\Users\benri\.stmcufinder\plugins\mcufinder//mcu/cs/
2024-03-27 15:40:27,784 [INFO] ApplicationProperties:184 - Using Application install path: C:\ST\STM32CubeIDE_1.14.1\STM32CubeIDE\plugins\com.st.stm32cube.common.mx_6.10.0.202311202037
2024-03-27 15:40:27,785 [INFO] PluginManage:196 - Search for loadable plugins [exclusion list=, ]
2024-03-27 15:40:27,786 [INFO] PluginManage:310 - Check plugin analytics
2024-03-27 15:40:27,949 [INFO] AnalyticsPlugin:253 - Accepted Software Licenses: 
2024-03-27 15:40:27,949 [INFO] AnalyticsPlugin:255 - Accepted CMSIS Pack Licenses: 
2024-03-27 15:40:27,949 [INFO] AnalyticsPlugin:257 - Accepted Firmware Licenses: 
2024-03-27 15:40:27,952 [INFO] PluginManage:359 - Loaded plugin analytics (category:tool,tabindex:-1)
2024-03-27 15:40:27,953 [INFO] PluginManage:310 - Check plugin cadmodel
2024-03-27 15:40:27,961 [INFO] CADModel:105 - Init CAD model plugin
2024-03-27 15:40:27,961 [INFO] PluginManage:359 - Loaded plugin cadmodel (category:power,tabindex:5)
2024-03-27 15:40:27,961 [INFO] PluginManage:310 - Check plugin clock
2024-03-27 15:40:27,975 [INFO] PluginManage:359 - Loaded plugin clock (category:base,tabindex:2)
2024-03-27 15:40:27,976 [INFO] PluginManage:310 - Check plugin ddr
2024-03-27 15:40:27,980 [INFO] PluginManage:359 - Loaded plugin ddr (category:tool,tabindex:6)
2024-03-27 15:40:27,980 [INFO] PluginManage:310 - Check plugin filemanager
2024-03-27 15:40:28,097 [INFO] PluginManage:359 - Loaded plugin filemanager (category:base,tabindex:10)
2024-03-27 15:40:28,098 [INFO] PluginManage:310 - Check plugin ipmanager
2024-03-27 15:40:28,102 [INFO] PluginManage:359 - Loaded plugin ipmanager (category:base,tabindex:5)
2024-03-27 15:40:28,102 [INFO] PluginManage:310 - Check plugin lpbam
2024-03-27 15:40:28,106 [INFO] PluginManage:359 - Loaded plugin lpbam (category:base,tabindex:0)
2024-03-27 15:40:28,106 [INFO] PluginManage:310 - Check plugin memorymap
2024-03-27 15:40:28,114 [INFO] PluginManage:359 - Loaded plugin memorymap (category:base,tabindex:4)
2024-03-27 15:40:28,114 [INFO] PluginManage:310 - Check plugin pinoutandconfiguration
2024-03-27 15:40:28,120 [INFO] PluginManage:359 - Loaded plugin pinoutandconfiguration (category:base,tabindex:1)
2024-03-27 15:40:28,120 [INFO] PluginManage:310 - Check plugin pinoutconfig
2024-03-27 15:40:28,181 [WARN] SupportedApi:132 - Cannot load RTOS API schema: s4s-elt-must-match.1: The content of 'definitions' must match (annotation?, (simpleType | complexType)?, (unique | key | keyref)*)). A problem was found starting at: attribute.
2024-03-27 15:40:28,271 [INFO] PluginManage:359 - Loaded plugin pinoutconfig (category:base,tabindex:0)
2024-03-27 15:40:28,271 [INFO] PluginManage:310 - Check plugin power
2024-03-27 15:40:28,281 [INFO] PluginManage:359 - Loaded plugin power (category:power,tabindex:4)
2024-03-27 15:40:28,281 [INFO] PluginManage:310 - Check plugin projectmanager
2024-03-27 15:40:28,291 [INFO] PluginManage:359 - Loaded plugin projectmanager (category:projectmanager,tabindex:3)
2024-03-27 15:40:28,291 [INFO] PluginManage:310 - Check plugin thirdparty
2024-03-27 15:40:28,383 [WARN] IntegrityCheckThread:84 - waiting for thirdparty lock release [integrity check]
2024-03-27 15:40:28,383 [INFO] IntegrityCheckThread:86 - entering critical section [integrity check]
2024-03-27 15:40:28,384 [INFO] PluginManage:359 - Loaded plugin thirdparty (category:base,tabindex:-1)
2024-03-27 15:40:28,384 [INFO] ThirdPartyUpdaterWithRetryManager:70 - Updater plugin not ready yet. [1/15]
2024-03-27 15:40:28,384 [INFO] PluginManage:310 - Check plugin tools
2024-03-27 15:40:28,387 [INFO] PluginManage:359 - Loaded plugin tools (category:base,tabindex:7)
2024-03-27 15:40:28,387 [INFO] PluginManage:310 - Check plugin tutovideos
2024-03-27 15:40:28,586 [INFO] PluginManage:359 - Loaded plugin tutovideos (category:base,tabindex:-1)
2024-03-27 15:40:28,586 [INFO] PluginManage:310 - Check plugin updater
2024-03-27 15:40:28,596 [INFO] PluginManage:359 - Loaded plugin updater (category:base,tabindex:12)
2024-03-27 15:40:28,596 [INFO] PluginManage:310 - Check plugin userauth
2024-03-27 15:40:28,600 [INFO] UserAuth:114 - Init User Auth plugin
2024-03-27 15:40:28,600 [INFO] PluginManage:359 - Loaded plugin userauth (category:base,tabindex:14)
2024-03-27 15:40:28,600 [INFO] PluginManage:283 - PluginManage : Loaded plugins [17]
2024-03-27 15:40:28,726 [INFO] PinOutPanel:1499 - setPackage(No Configuration,No Configuration)
2024-03-27 15:40:28,769 [INFO] CADModel:165 - CPN selected for project level
2024-03-27 15:40:28,769 [INFO] CADModel:114 - Register for checkConnection events
2024-03-27 15:40:28,780 [INFO] IPUIPlugin:80 - create IPUIPlugin
2024-03-27 15:40:28,780 [INFO] PluginManager:220 - loadIPPluginJar : add adc
2024-03-27 15:40:28,781 [INFO] IPUIPlugin:80 - create IPUIPlugin
2024-03-27 15:40:28,781 [INFO] PluginManager:220 - loadIPPluginJar : add aes
2024-03-27 15:40:28,783 [INFO] IPUIPlugin:80 - create IPUIPlugin
2024-03-27 15:40:28,783 [INFO] PluginManager:220 - loadIPPluginJar : add can
2024-03-27 15:40:28,784 [INFO] IPUIPlugin:80 - create IPUIPlugin
2024-03-27 15:40:28,784 [INFO] PluginManager:220 - loadIPPluginJar : add comp
2024-03-27 15:40:28,786 [INFO] IPUIPlugin:80 - create IPUIPlugin
2024-03-27 15:40:28,786 [INFO] PluginManager:220 - loadIPPluginJar : add cryp
2024-03-27 15:40:28,787 [INFO] IPUIPlugin:80 - create IPUIPlugin
2024-03-27 15:40:28,787 [INFO] PluginManager:220 - loadIPPluginJar : add dfsdm
2024-03-27 15:40:28,791 [INFO] IPUIPlugin:80 - create IPUIPlugin
2024-03-27 15:40:28,791 [INFO] PluginManager:220 - loadIPPluginJar : add dma
2024-03-27 15:40:28,792 [INFO] IPUIPlugin:80 - create IPUIPlugin
2024-03-27 15:40:28,792 [INFO] PluginManager:220 - loadIPPluginJar : add dma3
2024-03-27 15:40:28,793 [INFO] IPUIPlugin:80 - create IPUIPlugin
2024-03-27 15:40:28,793 [INFO] PluginManager:220 - loadIPPluginJar : add fatfs
2024-03-27 15:40:28,796 [INFO] IPUIPlugin:80 - create IPUIPlugin
2024-03-27 15:40:28,796 [INFO] PluginManager:220 - loadIPPluginJar : add fmc
2024-03-27 15:40:28,799 [INFO] IPUIPlugin:80 - create IPUIPlugin
2024-03-27 15:40:28,799 [INFO] PluginManager:220 - loadIPPluginJar : add freertos
2024-03-27 15:40:28,800 [INFO] IPUIPlugin:80 - create IPUIPlugin
2024-03-27 15:40:28,800 [INFO] PluginManager:220 - loadIPPluginJar : add genericplugin
2024-03-27 15:40:28,802 [INFO] IPUIPlugin:80 - create IPUIPlugin
2024-03-27 15:40:28,802 [INFO] PluginManager:220 - loadIPPluginJar : add gfxmmu
2024-03-27 15:40:28,804 [INFO] IPUIPlugin:80 - create IPUIPlugin
2024-03-27 15:40:28,805 [INFO] PluginManager:220 - loadIPPluginJar : add gic
2024-03-27 15:40:28,807 [INFO] IPUIPlugin:80 - create IPUIPlugin
2024-03-27 15:40:28,807 [INFO] PluginManager:220 - loadIPPluginJar : add gpio
2024-03-27 15:40:28,809 [INFO] IPUIPlugin:80 - create IPUIPlugin
2024-03-27 15:40:28,809 [INFO] PluginManager:220 - loadIPPluginJar : add gtzc
2024-03-27 15:40:28,809 [INFO] IPUIPlugin:80 - create IPUIPlugin
2024-03-27 15:40:28,810 [INFO] PluginManager:220 - loadIPPluginJar : add hash
2024-03-27 15:40:28,812 [INFO] IPUIPlugin:80 - create IPUIPlugin
2024-03-27 15:40:28,812 [INFO] PluginManager:220 - loadIPPluginJar : add i2c
2024-03-27 15:40:28,813 [INFO] IPUIPlugin:80 - create IPUIPlugin
2024-03-27 15:40:28,813 [INFO] PluginManager:220 - loadIPPluginJar : add i2s
2024-03-27 15:40:28,815 [INFO] IPUIPlugin:80 - create IPUIPlugin
2024-03-27 15:40:28,815 [INFO] PluginManager:220 - loadIPPluginJar : add i3c
2024-03-27 15:40:28,816 [INFO] IPUIPlugin:80 - create IPUIPlugin
2024-03-27 15:40:28,816 [INFO] PluginManager:220 - loadIPPluginJar : add ipddr
2024-03-27 15:40:28,820 [INFO] IPUIPlugin:80 - create IPUIPlugin
2024-03-27 15:40:28,820 [INFO] PluginManager:220 - loadIPPluginJar : add linkedlist
2024-03-27 15:40:28,822 [INFO] IPUIPlugin:80 - create IPUIPlugin
2024-03-27 15:40:28,822 [INFO] PluginManager:220 - loadIPPluginJar : add lorawan
2024-03-27 15:40:28,823 [INFO] IPUIPlugin:80 - create IPUIPlugin
2024-03-27 15:40:28,823 [INFO] PluginManager:220 - loadIPPluginJar : add ltdc
2024-03-27 15:40:28,826 [INFO] IPUIPlugin:80 - create IPUIPlugin
2024-03-27 15:40:28,826 [INFO] PluginManager:220 - loadIPPluginJar : add mdma
2024-03-27 15:40:28,828 [INFO] IPUIPlugin:80 - create IPUIPlugin
2024-03-27 15:40:28,828 [INFO] PluginManager:220 - loadIPPluginJar : add nvic
2024-03-27 15:40:28,831 [INFO] IPUIPlugin:80 - create IPUIPlugin
2024-03-27 15:40:28,831 [INFO] PluginManager:220 - loadIPPluginJar : add opamp
2024-03-27 15:40:28,832 [INFO] IPUIPlugin:80 - create IPUIPlugin
2024-03-27 15:40:28,832 [INFO] PluginManager:220 - loadIPPluginJar : add openamp
2024-03-27 15:40:28,833 [INFO] IPUIPlugin:80 - create IPUIPlugin
2024-03-27 15:40:28,833 [INFO] PluginManager:220 - loadIPPluginJar : add pdm2pcm
2024-03-27 15:40:28,837 [INFO] IPUIPlugin:80 - create IPUIPlugin
2024-03-27 15:40:28,839 [INFO] PluginManager:220 - loadIPPluginJar : add plateformsettings
2024-03-27 15:40:28,840 [INFO] IPUIPlugin:80 - create IPUIPlugin
2024-03-27 15:40:28,840 [INFO] PluginManager:220 - loadIPPluginJar : add quadspi
2024-03-27 15:40:28,842 [INFO] IPUIPlugin:80 - create IPUIPlugin
2024-03-27 15:40:28,842 [INFO] PluginManager:220 - loadIPPluginJar : add resmgrutility
2024-03-27 15:40:28,844 [INFO] IPUIPlugin:80 - create IPUIPlugin
2024-03-27 15:40:28,844 [INFO] PluginManager:220 - loadIPPluginJar : add sai
2024-03-27 15:40:28,845 [INFO] IPUIPlugin:80 - create IPUIPlugin
2024-03-27 15:40:28,846 [INFO] PluginManager:220 - loadIPPluginJar : add spi
2024-03-27 15:40:28,849 [INFO] IPUIPlugin:80 - create IPUIPlugin
2024-03-27 15:40:28,849 [INFO] PluginManager:220 - loadIPPluginJar : add stm32_wpan
2024-03-27 15:40:28,850 [INFO] IPUIPlugin:80 - create IPUIPlugin
2024-03-27 15:40:28,850 [INFO] PluginManager:220 - loadIPPluginJar : add tim
2024-03-27 15:40:28,852 [INFO] IPUIPlugin:80 - create IPUIPlugin
2024-03-27 15:40:28,852 [INFO] PluginManager:220 - loadIPPluginJar : add touchsensing
2024-03-27 15:40:28,853 [INFO] IPUIPlugin:80 - create IPUIPlugin
2024-03-27 15:40:28,853 [INFO] PluginManager:220 - loadIPPluginJar : add tracer_emb
2024-03-27 15:40:28,854 [INFO] IPUIPlugin:80 - create IPUIPlugin
2024-03-27 15:40:28,854 [INFO] PluginManager:220 - loadIPPluginJar : add ts
2024-03-27 15:40:28,855 [INFO] IPUIPlugin:80 - create IPUIPlugin
2024-03-27 15:40:28,855 [INFO] PluginManager:220 - loadIPPluginJar : add tsc
2024-03-27 15:40:28,855 [INFO] IPUIPlugin:80 - create IPUIPlugin
2024-03-27 15:40:28,855 [INFO] PluginManager:220 - loadIPPluginJar : add ucpd
2024-03-27 15:40:28,857 [INFO] IPUIPlugin:80 - create IPUIPlugin
2024-03-27 15:40:28,857 [INFO] PluginManager:220 - loadIPPluginJar : add usart
2024-03-27 15:40:28,859 [INFO] IPUIPlugin:80 - create IPUIPlugin
2024-03-27 15:40:28,859 [INFO] PluginManager:220 - loadIPPluginJar : add usbx
2024-03-27 15:40:28,959 [INFO] CADModel:165 - CPN selected for project level
2024-03-27 15:40:28,959 [INFO] CADModel:114 - Register for checkConnection events
2024-03-27 15:40:28,959 [FATAL] Updater:308 - Updater called before beeing initialized
2024-03-27 15:40:28,959 [ERROR] CADModel:125 - Updater not yet initialized, retry later 
2024-03-27 15:40:29,047 [INFO] CADModel:165 - CPN selected for project level
2024-03-27 15:40:29,047 [INFO] CADModel:114 - Register for checkConnection events
2024-03-27 15:40:29,047 [FATAL] Updater:308 - Updater called before beeing initialized
2024-03-27 15:40:29,047 [ERROR] CADModel:125 - Updater not yet initialized, retry later 
2024-03-27 15:40:29,050 [FATAL] Updater:308 - Updater called before beeing initialized
2024-03-27 15:40:29,104 [FATAL] Updater:308 - Updater called before beeing initialized
2024-03-27 15:40:29,107 [INFO] DbMcusAds:53 - JSON generation date=Wed Nov 29 21:52:27 AEDT 2023 (1701255147349)
2024-03-27 15:40:29,107 [FATAL] Updater:308 - Updater called before beeing initialized
2024-03-27 15:40:29,130 [WARN] DetailPanel:346 - Failed to get advertising image, set to default
2024-03-27 15:40:29,182 [FATAL] Updater:308 - Updater called before beeing initialized
2024-03-27 15:40:29,184 [FATAL] Updater:308 - Updater called before beeing initialized
2024-03-27 15:40:29,184 [FATAL] Updater:308 - Updater called before beeing initialized
2024-03-27 15:40:29,184 [WARN] DetailPanel:346 - Failed to get advertising image, set to default
2024-03-27 15:40:29,184 [FATAL] Updater:308 - Updater called before beeing initialized
2024-03-27 15:40:29,214 [ERROR] Updater:1120 - MainUpdater not yet initialized. External WinMGr cannot be set.
2024-03-27 15:40:29,215 [INFO] Updater:1056 - Updater Version found : 6.10.0
2024-03-27 15:40:29,226 [INFO] ApplicationProperties:184 - Using Application install path: C:\ST\STM32CubeIDE_1.14.1\STM32CubeIDE\plugins\com.st.stm32cube.common.mx_6.10.0.202311202037
2024-03-27 15:40:30,797 [ERROR] LogOutputStream:75 - [STDERR_REDIRECT] Mar 27, 2024 3:40:30 PM java.util.prefs.WindowsPreferences <init>
2024-03-27 15:40:30,798 [ERROR] LogOutputStream:75 - [STDERR_REDIRECT] WARNING: Could not open/create prefs root node Software\JavaSoft\Prefs at root 0xffffffff80000002. Windows RegCreateKeyEx(...) returned error code 5.
2024-03-27 15:40:30,798 [ERROR] LogOutputStream:75 - [STDERR_REDIRECT] 
2024-03-27 15:40:31,023 [INFO] MainUpdater:2873 - connection check result : 10
2024-03-27 15:40:31,024 [INFO] MainUpdater:290 - Updater Check For Update Now.
2024-03-27 15:40:31,024 [INFO] MicroXplorer:498 - Change Database Version : DB.6.0.100
2024-03-27 15:40:31,044 [INFO] McuFinderGlobals:63 - Set McuFinder mode to 2 (CubeIDE integrated)
2024-03-27 15:40:31,132 [INFO] UserAuth:404 - Internet connection configuration mode: 1
2024-03-27 15:40:31,162 [INFO] JxBrowserEngine:152 - Initiate JxBrowser Engine with user profile folder
2024-03-27 15:40:31,177 [INFO] CheckServerUpdateThread:120 - End of CheckServer Thread
2024-03-27 15:40:31,517 [WARN] PackLoader:240 - Cannot read IP mode file for STMicroelectronics.X-CUBE-SMBUS.2.1.0
2024-03-27 15:40:31,524 [WARN] PackLoader:240 - Cannot read IP mode file for STMicroelectronics.X-CUBE-TOUCHGFX.4.23.0
2024-03-27 15:40:31,546 [WARN] PackLoader:240 - Cannot read IP mode file for STMicroelectronics.X-CUBE-AZRTOS-F7.1.1.0
2024-03-27 15:40:31,554 [WARN] PackLoader:240 - Cannot read IP mode file for STMicroelectronics.FP-SNS-MOTENV1.4.3.2
2024-03-27 15:40:31,557 [WARN] PackLoader:240 - Cannot read IP mode file for STMicroelectronics.FP-SNS-FLIGHT1.5.0.2
2024-03-27 15:40:31,565 [WARN] PackLoader:240 - Cannot read IP mode file for STMicroelectronics.X-CUBE-DISPLAY.3.0.0
2024-03-27 15:40:31,580 [WARN] PackLoader:240 - Cannot read IP mode file for STMicroelectronics.X-CUBE-BLE1.7.0.0
2024-03-27 15:40:31,584 [WARN] PackLoader:240 - Cannot read IP mode file for emotas.I-CUBE-CANOPEN.1.3.0
2024-03-27 15:40:31,591 [WARN] PackLoader:240 - Cannot read IP mode file for STMicroelectronics.X-CUBE-BLEMGR.3.1.0
2024-03-27 15:40:31,597 [WARN] PackLoader:240 - Cannot read IP mode file for STMicroelectronics.FP-SNS-SMARTAG2.1.2.0
2024-03-27 15:40:31,605 [INFO] LogOutputStream:77 - [STDOUT_REDIRECT] 1 : Invalid condition id : UX_CORESTACK_Condition cause : null
2024-03-27 15:40:31,606 [INFO] LogOutputStream:77 - [STDOUT_REDIRECT] 1 : Invalid condition id : UX_CORESTACK_Condition cause : null
2024-03-27 15:40:31,607 [INFO] LogOutputStream:77 - [STDOUT_REDIRECT] 1 : Invalid condition id : UX_CORESTACK_Condition cause : null
2024-03-27 15:40:31,608 [INFO] LogOutputStream:77 - [STDOUT_REDIRECT] 1 : Invalid condition id : UX_CORESTACK_Condition cause : null
2024-03-27 15:40:31,610 [INFO] LogOutputStream:77 - [STDOUT_REDIRECT] 1 : Invalid condition id : UX_CORESTACK_Condition cause : null
2024-03-27 15:40:31,613 [WARN] PackLoader:240 - Cannot read IP mode file for STMicroelectronics.X-CUBE-AZRTOS-WL.2.0.0
2024-03-27 15:40:31,624 [WARN] PackLoader:240 - Cannot read IP mode file for WES.I-CUBE-Cesium.1.3.0
2024-03-27 15:40:31,627 [WARN] PackLoader:240 - Cannot read IP mode file for STMicroelectronics.X-CUBE-BLE2.3.3.0
2024-03-27 15:40:31,632 [WARN] PackLoader:240 - Cannot read IP mode file for STMicroelectronics.X-CUBE-ALGOBUILD.1.3.0
2024-03-27 15:40:31,644 [WARN] PackLoader:240 - Cannot read IP mode file for STMicroelectronics.X-CUBE-AZRTOS-G0.1.1.0
2024-03-27 15:40:31,649 [WARN] PackLoader:240 - Cannot read IP mode file for STMicroelectronics.X-CUBE-NFC4.3.0.0
2024-03-27 15:40:31,655 [WARN] PackLoader:240 - Cannot read IP mode file for STMicroelectronics.X-CUBE-BLEMGR.3.0.0
2024-03-27 15:40:31,659 [WARN] PackLoader:240 - Cannot read IP mode file for STMicroelectronics.FP-ATR-SIGFOX1.3.2.0
2024-03-27 15:40:31,664 [WARN] PackLoader:240 - Cannot read IP mode file for STMicroelectronics.X-CUBE-EEPRMA1.5.1.0
2024-03-27 15:40:31,691 [WARN] PackLoader:240 - Cannot read IP mode file for SEGGER.I-CUBE-embOS.1.3.1
2024-03-27 15:40:31,714 [WARN] PackLoader:240 - Cannot read IP mode file for STMicroelectronics.X-CUBE-GNSS1.6.0.0
2024-03-27 15:40:31,733 [WARN] PackLoader:240 - Cannot read IP mode file for STMicroelectronics.X-CUBE-AZRTOS-F4.1.1.0
2024-03-27 15:40:31,740 [WARN] PackLoader:240 - Cannot read IP mode file for wolfSSL.I-CUBE-wolfSSL.5.6.6
2024-03-27 15:40:31,757 [WARN] PackLoader:240 - Cannot read IP mode file for STMicroelectronics.X-CUBE-AZRTOS-L5.2.0.0
2024-03-27 15:40:31,765 [WARN] PackLoader:240 - Cannot read IP mode file for STMicroelectronics.X-CUBE-NFC6.3.1.0
2024-03-27 15:40:31,770 [WARN] PackLoader:240 - Cannot read IP mode file for ITTIA_DB.I-CUBE-ITTIADB.8.8.0
2024-03-27 15:40:31,775 [WARN] PackLoader:240 - Cannot read IP mode file for STMicroelectronics.X-CUBE-NFC7.1.0.1
2024-03-27 15:40:31,782 [WARN] PackLoader:240 - Cannot read IP mode file for STMicroelectronics.X-CUBE-NFC6.3.0.0
2024-03-27 15:40:31,785 [WARN] PackLoader:240 - Cannot read IP mode file for STMicroelectronics.X-CUBE-AI.8.1.0
2024-03-27 15:40:31,800 [WARN] ConditionMgr:438 - getConditionDescription Invalid condition id : LAN8742 Phy interface Condition cause : null
2024-03-27 15:40:31,801 [WARN] PackLoader:240 - Cannot read IP mode file for STMicroelectronics.X-CUBE-AZRTOS-L4.2.0.0
2024-03-27 15:40:31,802 [WARN] ConditionMgr:1039 - genDependencies : Invalid condition id : LAN8742 Phy interface Condition cause : null
2024-03-27 15:40:31,802 [WARN] ConditionMgr:1039 - genDependencies : Invalid condition id : LAN8742 Phy interface Condition cause : null
2024-03-27 15:40:31,802 [WARN] ConditionMgr:1039 - genDependencies : Invalid condition id : LAN8742 Phy interface Condition cause : null
2024-03-27 15:40:31,807 [WARN] PackLoader:240 - Cannot read IP mode file for STMicroelectronics.X-CUBE-SFXS2LP1.4.0.0
2024-03-27 15:40:31,820 [WARN] ConditionMgr:438 - getConditionDescription Invalid condition id : UX DEVICE CLASS RTOS Condition cause : null
2024-03-27 15:40:31,821 [WARN] ConditionMgr:438 - getConditionDescription Invalid condition id : UX DEVICE CLASS RTOS Condition cause : null
2024-03-27 15:40:31,822 [WARN] PackLoader:240 - Cannot read IP mode file for STMicroelectronics.X-CUBE-AZRTOS-WB.2.0.0
2024-03-27 15:40:31,822 [WARN] ConditionMgr:1039 - genDependencies : Invalid condition id : UX DEVICE CLASS RTOS Condition cause : null
2024-03-27 15:40:31,822 [WARN] ConditionMgr:1039 - genDependencies : Invalid condition id : UX DEVICE CLASS RTOS Condition cause : null
2024-03-27 15:40:31,823 [WARN] ConditionMgr:1039 - genDependencies : Invalid condition id : UX DEVICE CLASS RTOS Condition cause : null
2024-03-27 15:40:31,823 [WARN] ConditionMgr:1039 - genDependencies : Invalid condition id : UX DEVICE CLASS RTOS Condition cause : null
2024-03-27 15:40:31,823 [WARN] ConditionMgr:1039 - genDependencies : Invalid condition id : UX DEVICE CLASS RTOS Condition cause : null
2024-03-27 15:40:31,832 [WARN] PackLoader:240 - Cannot read IP mode file for STMicroelectronics.X-CUBE-SUBG2.5.0.0
2024-03-27 15:40:31,846 [WARN] PackLoader:240 - Cannot read IP mode file for STMicroelectronics.X-CUBE-AZRTOS-G4.2.0.0
2024-03-27 15:40:31,853 [WARN] PackLoader:240 - Cannot read IP mode file for Infineon.AIROC-Wi-Fi-Bluetooth-STM32.1.5.1
2024-03-27 15:40:31,857 [WARN] PackLoader:240 - Cannot read IP mode file for STMicroelectronics.FP-SNS-MOTENVWB1.1.3.1
2024-03-27 15:40:31,859 [WARN] PackLoader:240 - Cannot read IP mode file for STMicroelectronics.X-CUBE-ISPU.2.0.0
2024-03-27 15:40:31,881 [WARN] PackLoader:240 - Cannot read IP mode file for STMicroelectronics.X-CUBE-MEMS1.10.0.0
2024-03-27 15:40:31,950 [WARN] PackLoader:240 - Cannot read IP mode file for STMicroelectronics.X-CUBE-FREERTOS.1.1.0
2024-03-27 15:40:31,953 [WARN] PackLoader:240 - Cannot read IP mode file for portGmbH.I-Cube-SoM-uGOAL.1.1.0
2024-03-27 15:40:31,955 [WARN] PackLoader:240 - Cannot read IP mode file for STMicroelectronics.X-CUBE-ALS.1.0.1
2024-03-27 15:40:31,957 [WARN] PackLoader:240 - Cannot read IP mode file for STMicroelectronics.FP-ATR-ASTRA1.2.0.0
2024-03-27 15:40:31,962 [WARN] PackLoader:240 - Cannot read IP mode file for STMicroelectronics.X-CUBE-TOF1.3.4.0
2024-03-27 15:40:31,970 [WARN] PackLoader:240 - Cannot read IP mode file for STMicroelectronics.X-CUBE-TOF1.3.4.1
2024-03-27 15:40:31,984 [WARN] PackLoader:240 - Cannot read IP mode file for STMicroelectronics.X-CUBE-AZRTOS-H7.3.2.0
2024-03-27 15:40:31,986 [INFO] ThirdParty:978 - Integrity check success = true
2024-03-27 15:40:31,986 [INFO] IntegrityCheckThread:100 - exiting critical section [integrity check]
2024-03-27 15:40:31,986 [INFO] IntegrityCheckThread:103 - End integrity checks thread
2024-03-27 15:40:32,256 [INFO] WebApp:161 - Instantiating new browser for Auth
2024-03-27 15:40:32,861 [INFO] WebApp:780 - Register for checkConnection events
2024-03-27 15:40:32,861 [INFO] WebApp:414 - Apply proxy settings
2024-03-27 15:40:32,861 [INFO] WebApp:499 - Chromium requires no authentication
2024-03-27 15:40:32,866 [INFO] WebApp:442 - Direct internet connection detected
2024-03-27 15:40:32,962 [INFO] WebApp:192 - Starting web application
2024-03-27 15:40:32,962 [INFO] WebApp:544 - Web application path used C:\ST\STM32CubeIDE_1.14.1\STM32CubeIDE\plugins\com.st.stm32cube.common.mx_6.10.0.202311202037\db\plugins\mcufinder\reactClient1\index.html
2024-03-27 15:40:43,907 [INFO] McuFinderGlobals:63 - Set McuFinder mode to 2 (CubeIDE integrated)
2024-03-27 15:40:43,909 [INFO] MainUpdater:2873 - connection check result : 10
2024-03-27 15:40:43,911 [INFO] McuFinderGlobals:76 - Set McuFinderConnectedMode to true
2024-03-27 15:40:44,057 [INFO] ServerAccessManage:473 - Download File mcusAds.json._tmp_
2024-03-27 15:40:44,177 [INFO] LoadUrlFilesThread:156 - End of LoadUrlFiles Thread
2024-03-27 15:40:44,320 [INFO] ServerAccessManage:473 - Download File cube-finder-db.zip
2024-03-27 15:40:47,097 [INFO] FileExtend:240 - Unzip File : cube-finder-db.zip
2024-03-27 15:40:47,097 [INFO] FileExtend:255 - Standard Zip Deflate
2024-03-27 15:40:47,580 [INFO] LoadUrlFilesThread:156 - End of LoadUrlFiles Thread
2024-03-27 15:40:48,747 [INFO] ServerAccessManage:473 - Download File crdb.zip
2024-03-27 15:40:50,877 [INFO] FileExtend:240 - Unzip File : crdb.zip
2024-03-27 15:40:50,878 [INFO] FileExtend:255 - Standard Zip Deflate
2024-03-27 15:40:51,001 [INFO] LoadUrlFilesThread:156 - End of LoadUrlFiles Thread
2024-03-27 15:40:51,127 [INFO] ServerAccessManage:473 - Download File tutoVideoDB.zip
2024-03-27 15:40:51,141 [INFO] FileExtend:240 - Unzip File : tutoVideoDB.zip
2024-03-27 15:40:51,141 [INFO] FileExtend:255 - Standard Zip Deflate
2024-03-27 15:40:51,260 [INFO] LoadUrlFilesThread:156 - End of LoadUrlFiles Thread
2024-03-27 15:40:51,265 [WARN] DbFile:41 - Overriding database path with different value: C:\Users\benri\.stmcufinder\plugins\mcufinder/ => C:\Users\benri\.stmcufinder\plugins\mcufinder
2024-03-27 15:40:51,381 [INFO] ServerAccessManage:473 - Download File api_config.json
2024-03-27 15:40:51,497 [INFO] LoadUrlFilesThread:156 - End of LoadUrlFiles Thread
2024-03-27 15:40:51,499 [INFO] DbMcusAds:53 - JSON generation date=Wed Nov 29 21:52:27 AEDT 2023 (1701255147349)
2024-03-27 15:40:51,514 [INFO] LoadUrlFilesThread:185 - End of LoadServerUrlFiles without Thread
2024-03-27 15:40:51,514 [INFO] TargetSelectorAdapter:259 - Refresh data is successful
2024-03-27 15:40:51,789 [INFO] ApiDb:581 - Connected to CubeFinder SQLite database (C:\Users\benri\.stmcufinder\plugins\mcufinder\mcu\cube-finder-db.db)
2024-03-27 15:40:51,826 [INFO] ApiDb:668 - CubeFinder database Data Model version=2.1
2024-03-27 15:40:51,826 [INFO] ApiDb:669 - CubeFinder database Configuration version=3.0.39
2024-03-27 15:40:51,826 [INFO] ApiDb:670 - CubeFinder database generation date=2024-03-02 (1709305525)
2024-03-27 15:40:51,826 [INFO] ApiDb:671 - CubeFinder database FW Pack versions=[FP-ATR-ASTRA1_V2.0.0, FP-SNS-FLIGHT1_V5.0.1, FP-SNS-FLIGHT1_V5.0.2, FP-SNS-MOTENV1_V4.3.1, FP-SNS-MOTENV1_V4.3.2, FP-SNS-MOTENVWB1_V1.3.1, FP-SNS-SMARTAG2_V1.2.0, STM32Cube_FW_C0_V1.1.0, STM32Cube_FW_F4_V1.28.0, STM32Cube_FW_F7_V1.17.0, STM32Cube_FW_G0_V1.6.2, STM32Cube_FW_G4_V1.5.2, STM32Cube_FW_H5_V0.5.1, STM32Cube_FW_H5_V1.1.1, STM32Cube_FW_H5_V1.2.0, STM32Cube_FW_H5_V1.2.0RC4, STM32Cube_FW_H7RS_V1.0.0, STM32Cube_FW_H7RS_V1.0.0RC4, STM32Cube_FW_H7_V1.11.0, STM32Cube_FW_L0_V1.12.2, STM32Cube_FW_L5_V1.5.1, STM32Cube_FW_U0_V1.0.0, STM32Cube_FW_U0_V1.0.0RC1, STM32Cube_FW_U5_V1.3.0RC4, STM32Cube_FW_U5_V1.5.0, STM32Cube_FW_U5_V1.5.0RC1, STM32Cube_FW_WBA_V1.0.0RC1, STM32Cube_FW_WBA_V1.2.0, STM32Cube_FW_WBA_V1.2.0RC2, STM32Cube_FW_WBA_V1.3.0, STM32Cube_FW_WBA_V1.3.0RC1, STM32Cube_FW_WB_V1.15.0RC1, STM32Cube_FW_WB_V1.16.0, STM32Cube_FW_WB_V1.16.0RC2, STM32Cube_FW_WB_V1.18.0, STM32Cube_FW_WB_V1.19.0, STM32Cube_FW_WL_V1.3.0, X-CUBE-ALGOBUILD_V1.3.0, X-CUBE-ALS_V1.0.1, X-CUBE-AZRTOS-F4_V1.1.0, X-CUBE-AZRTOS-F7_V1.1.0, X-CUBE-AZRTOS-G0_V1.1.0, X-CUBE-AZRTOS-G4_V2.0.0, X-CUBE-AZRTOS-H7_V3.2.0, X-CUBE-AZRTOS-L4_V1.0.0, X-CUBE-AZRTOS-L4_V2.0.0, X-CUBE-AZRTOS-L5_V1.1.0, X-CUBE-AZRTOS-WB_V2.0.0, X-CUBE-AZRTOS-WL_V2.0.0, X-CUBE-BLE1_V7.0.0, X-CUBE-BLE2_V3.3.0, X-CUBE-BLEMGR_V3.1.0, X-CUBE-EEPRMA1_V4.1.0, X-CUBE-EEPRMA1_V5.1.0, X-CUBE-FREERTOS_V1.1.0, X-CUBE-GNSS1_V6.0.0, X-CUBE-MEMS1_V10.0.0, X-CUBE-MEMS1_V9.1.0, X-CUBE-MEMS1_V9.4.0, X-CUBE-MEMS1_V9.6.0, X-CUBE-NFC4_V3.0.0, X-CUBE-NFC7_V1.0.1, X-CUBE-SFXS2LP1_V4.0.0, X-CUBE-SUBG2_V5.0.0, X-CUBE-TOF1_V3.4.0]
2024-03-27 15:40:52,877 [INFO] ApiDb:240 - Found 371 in-development CPN: [B-G473E-ZEST1S, B-WB1M-WPAN1, B-WL5M-SUBG1, NUCLEO-C031C6, NUCLEO-H503RB, NUCLEO-H563ZI, NUCLEO-U545RE-Q, NUCLEO-U5A5ZJ-Q, NUCLEO-WBA52CG, NUCLEO-WBA55CG, STEVAL-MKBOXPRO, STEVAL-PROTEUS1, STEVAL-STWINBX1, STM320518-EVAL, STM32C0116-DK, STM32C011D6Y3TR, STM32C011D6Y6TR, STM32C011F4P3, STM32C011F4P6, STM32C011F4U3, STM32C011F4U6TR, STM32C011F6P3, STM32C011F6P6, STM32C011F6U3, STM32C011F6U6TR, STM32C011J4M3, STM32C011J4M6, STM32C011J6M3, STM32C011J6M6, STM32C0316-DK, STM32C031C4T3, STM32C031C4T6, STM32C031C4U3, STM32C031C4U6, STM32C031C6T3, STM32C031C6T6, STM32C031C6U3, STM32C031C6U6, STM32C031F4P3, STM32C031F4P6, STM32C031F6P3, STM32C031F6P6, STM32C031G4U3, STM32C031G4U6, STM32C031G6U3, STM32C031G6U6, STM32C031K4T3, STM32C031K4T6, STM32C031K4U3, STM32C031K4U6, STM32C031K6T3, STM32C031K6T6, STM32C031K6U3, STM32C031K6U6, STM32G071K8TXN, STM32G071K8UXN, STM32G081GBU6N, STM32G081KBT6N, STM32G081KBUXN, STM32G0B1CCT6N, STM32G0B1KCT6, STM32G0B1NEY6TR, STM32G0B1RCT6N, STM32G0C1CCT6, STM32G0C1CCT6N, STM32G0C1CCU6N, STM32G0C1CET6N, STM32G0C1CEU6N, STM32G0C1KCT6, STM32G0C1NEY6TR, STM32G0C1RCI6N, STM32G0C1RCT6N, STM32G0C1REI6N, STM32G0C1RET6N, STM32G0C1VCI6, STM32G0C1VEI6, STM32G471CCT6, STM32G471CCU6, STM32G471CET3, STM32G471CET6, STM32G471CEU3, STM32G471CEU6, STM32G471MCT6, STM32G471MET3, STM32G471MET6, STM32G471MEY6TR, STM32G471QCT6, STM32G471QET3, STM32G471RCT6, STM32G471RET3, STM32G471RET6, STM32G471VCH6, STM32G471VCI6, STM32G471VCT6, STM32G471VEH3, STM32G471VEH6, STM32G471VEI3, STM32G471VEI6, STM32G471VET3, STM32G471VET6, STM32G474CCT6, STM32H503CBT6, STM32H503CBU6, STM32H503EBY6TR, STM32H503KBU6, STM32H503RBT6, STM32H562AGI6, STM32H562AII6, STM32H562IGK6, STM32H562IGT6, STM32H562IIK6, STM32H562IIT6, STM32H562RGT6, STM32H562RGV6, STM32H562RIT6, STM32H562RIV6, STM32H562VGT6, STM32H562VIT6, STM32H562ZGT6, STM32H562ZIT6, STM32H563AGI6, STM32H563AII3Q, STM32H563AII6, STM32H563IGK6, STM32H563IGT6, STM32H563IIK3Q, STM32H563IIK6, STM32H563IIT3Q, STM32H563IIT6, STM32H563MIY3QTR, STM32H563RGT6, STM32H563RGV6, STM32H563RIT6, STM32H563RIV6, STM32H563VGT6, STM32H563VIT3Q, STM32H563VIT6, STM32H563ZGT6, STM32H563ZIT3Q, STM32H563ZIT6, STM32H573AII3Q, STM32H573AII6, STM32H573I-DK, STM32H573IIK3Q, STM32H573IIK6, STM32H573IIT3Q, STM32H573IIT6, STM32H573MIY3QTR, STM32H573RIT6, STM32H573RIV6, STM32H573VIT3Q, STM32H573VIT6, STM32H573ZIT3Q, STM32H573ZIT6, STM32L4R5QGI6STR, STM32MP131AAE3, STM32MP131AAF3, STM32MP131AAG3, STM32MP131CAE3, STM32MP131CAF3, STM32MP131CAG3, STM32MP131DAE7, STM32MP131DAF7, STM32MP131DAG7, STM32MP131FAE7, STM32MP131FAF7, STM32MP131FAG7, STM32MP133AAE3, STM32MP133AAF3, STM32MP133AAG3, STM32MP133CAE3, STM32MP133CAF3, STM32MP133CAG3, STM32MP133DAE7, STM32MP133DAF7, STM32MP133DAG7, STM32MP133FAE7, STM32MP133FAF7, STM32MP133FAG7, STM32MP135AAE3, STM32MP135AAF3, STM32MP135AAG3, STM32MP135CAE3, STM32MP135CAF3, STM32MP135CAG3, STM32MP135DAE7, STM32MP135DAF7, STM32MP135DAG7, STM32MP135F-DK, STM32MP135FAE7, STM32MP135FAF7, STM32MP135FAF7T, STM32MP135FAF7U, STM32MP135FAG7, STM32U535CBT6, STM32U535CBT6Q, STM32U535CBU6, STM32U535CBU6Q, STM32U535CCT6, STM32U535CCT6Q, STM32U535CCU6, STM32U535CCU6Q, STM32U535CET6, STM32U535CET6Q, STM32U535CEU6, STM32U535CEU6Q, STM32U535JEY6QTR, STM32U535NCY6QTR, STM32U535NEY6QTR, STM32U535RBI6, STM32U535RBI6Q, STM32U535RBT6, STM32U535RBT6Q, STM32U535RCI6, STM32U535RCI6Q, STM32U535RCT6, STM32U535RCT6Q, STM32U535REI6, STM32U535REI6Q, STM32U535RET6, STM32U535RET6Q, STM32U535VCI6, STM32U535VCI6Q, STM32U535VCT6, STM32U535VCT6Q, STM32U535VEI6, STM32U535VEI6Q, STM32U535VET6, STM32U535VET6Q, STM32U545CET6, STM32U545CET6Q, STM32U545CEU6, STM32U545CEU6Q, STM32U545JEY6QTR, STM32U545NEY6QTR, STM32U545REI6, STM32U545REI6Q, STM32U545RET6, STM32U545RET6Q, STM32U545VEI6, STM32U545VEI6Q, STM32U545VET6, STM32U545VET6Q, STM32U595AIH6, STM32U595AIH6Q, STM32U595AJH6, STM32U595AJH6Q, STM32U595QII6, STM32U595QII6Q, STM32U595QJI6, STM32U595QJI6Q, STM32U595RIT6, STM32U595RIT6Q, STM32U595RJT6, STM32U595RJT6Q, STM32U595VIT6, STM32U595VIT6Q, STM32U595VJT6, STM32U595VJT6Q, STM32U595ZIT6, STM32U595ZIT6Q, STM32U595ZIY6QTR, STM32U595ZJT6, STM32U595ZJT6Q, STM32U595ZJY6QTR, STM32U599BJY6QTR, STM32U599NIH6Q, STM32U599NJH6Q, STM32U599VIT6Q, STM32U599VJT6, STM32U599VJT6Q, STM32U599ZIT6Q, STM32U599ZIY6QTR, STM32U599ZJT6Q, STM32U599ZJY6QTR, STM32U5A5AJH6, STM32U5A5AJH6Q, STM32U5A5QJI6, STM32U5A5QJI6Q, STM32U5A5RJT6, STM32U5A5RJT6Q, STM32U5A5VJT6, STM32U5A5VJT6Q, STM32U5A5ZJT6, STM32U5A5ZJT6Q, STM32U5A5ZJY6QTR, STM32U5A9BJY6QTR, STM32U5A9J-DK, STM32U5A9NJH6Q, STM32U5A9VJT6Q, STM32U5A9ZJT6Q, STM32U5A9ZJY6QTR, STM32U5F7VIT6, STM32U5F7VIT6Q, STM32U5F7VJT6, STM32U5F7VJT6Q, STM32U5F9BJY6QTR, STM32U5F9NJH6Q, STM32U5F9VIT6Q, STM32U5F9VJT6Q, STM32U5F9ZIJ6QTR, STM32U5F9ZIT6Q, STM32U5F9ZJJ6QTR, STM32U5F9ZJT6Q, STM32U5G7VJT6, STM32U5G7VJT6Q, STM32U5G9BJY6QTR, STM32U5G9J-DK1, STM32U5G9J-DK2, STM32U5G9NJH6Q, STM32U5G9VJT6Q, STM32U5G9ZJJ6QTR, STM32U5G9ZJT6Q, STM32WB1MMCH6, STM32WBA50KEU6, STM32WBA50KEU6TR, STM32WBA50KGU6, STM32WBA50KGU6TR, STM32WBA52CEU6, STM32WBA52CEU6TR, STM32WBA52CEU7, STM32WBA52CEU7TR, STM32WBA52CGU6, STM32WBA52CGU6TR, STM32WBA52CGU6U, STM32WBA52CGU7, STM32WBA52CGU7TR, STM32WBA52KEU6, STM32WBA52KEU6TR, STM32WBA52KGU6, STM32WBA52KGU6TR, STM32WBA54CEU6, STM32WBA54CEU6TR, STM32WBA54CEU7, STM32WBA54CEU7TR, STM32WBA54CGU6, STM32WBA54CGU6TR, STM32WBA54CGU7, STM32WBA54CGU7TR, STM32WBA54KEU6, STM32WBA54KEU6TR, STM32WBA54KEU7, STM32WBA54KEU7TR, STM32WBA54KGU6, STM32WBA54KGU6TR, STM32WBA54KGU7, STM32WBA54KGU7TR, STM32WBA55CEU6, STM32WBA55CEU6TR, STM32WBA55CEU7, STM32WBA55CEU7TR, STM32WBA55CGU6, STM32WBA55CGU6TR, STM32WBA55CGU6U, STM32WBA55CGU7, STM32WBA55CGU7TR, STM32WBA55G-DK1, STM32WBA55HEF6, STM32WBA55HEF7, STM32WBA55HGF6, STM32WBA55HGF7, STM32WBA55UEI6, STM32WBA55UEI6TR, STM32WBA55UEI7, STM32WBA55UEI7TR, STM32WBA55UGI6, STM32WBA55UGI6TR, STM32WBA55UGI7, STM32WBA55UGI7TR, STM32WL5MOCH6, STM32WL5MOCH6TR]
2024-03-27 15:40:52,880 [INFO] DbMcus:218 - Found 3986 MCUs, 3986 are supported
2024-03-27 15:40:52,882 [INFO] ApiDb:423 - Load user favorites file C:\Users\benri/.stm32cubeide/favorites.mcus.txt: 0 item(s)
2024-03-27 15:40:52,882 [INFO] ApiDb:427 - User favorites MCUs=[]
2024-03-27 15:40:52,882 [INFO] DbMcus:224 - Set 0 / 0 favorites MCUs
2024-03-27 15:40:53,044 [INFO] ApiDb:668 - CubeFinder database Data Model version=2.1
2024-03-27 15:40:53,045 [INFO] ApiDb:669 - CubeFinder database Configuration version=3.0.39
2024-03-27 15:40:53,045 [INFO] ApiDb:670 - CubeFinder database generation date=2024-03-02 (1709305525)
2024-03-27 15:40:53,045 [INFO] ApiDb:671 - CubeFinder database FW Pack versions=[FP-ATR-ASTRA1_V2.0.0, FP-SNS-FLIGHT1_V5.0.1, FP-SNS-FLIGHT1_V5.0.2, FP-SNS-MOTENV1_V4.3.1, FP-SNS-MOTENV1_V4.3.2, FP-SNS-MOTENVWB1_V1.3.1, FP-SNS-SMARTAG2_V1.2.0, STM32Cube_FW_C0_V1.1.0, STM32Cube_FW_F4_V1.28.0, STM32Cube_FW_F7_V1.17.0, STM32Cube_FW_G0_V1.6.2, STM32Cube_FW_G4_V1.5.2, STM32Cube_FW_H5_V0.5.1, STM32Cube_FW_H5_V1.1.1, STM32Cube_FW_H5_V1.2.0, STM32Cube_FW_H5_V1.2.0RC4, STM32Cube_FW_H7RS_V1.0.0, STM32Cube_FW_H7RS_V1.0.0RC4, STM32Cube_FW_H7_V1.11.0, STM32Cube_FW_L0_V1.12.2, STM32Cube_FW_L5_V1.5.1, STM32Cube_FW_U0_V1.0.0, STM32Cube_FW_U0_V1.0.0RC1, STM32Cube_FW_U5_V1.3.0RC4, STM32Cube_FW_U5_V1.5.0, STM32Cube_FW_U5_V1.5.0RC1, STM32Cube_FW_WBA_V1.0.0RC1, STM32Cube_FW_WBA_V1.2.0, STM32Cube_FW_WBA_V1.2.0RC2, STM32Cube_FW_WBA_V1.3.0, STM32Cube_FW_WBA_V1.3.0RC1, STM32Cube_FW_WB_V1.15.0RC1, STM32Cube_FW_WB_V1.16.0, STM32Cube_FW_WB_V1.16.0RC2, STM32Cube_FW_WB_V1.18.0, STM32Cube_FW_WB_V1.19.0, STM32Cube_FW_WL_V1.3.0, X-CUBE-ALGOBUILD_V1.3.0, X-CUBE-ALS_V1.0.1, X-CUBE-AZRTOS-F4_V1.1.0, X-CUBE-AZRTOS-F7_V1.1.0, X-CUBE-AZRTOS-G0_V1.1.0, X-CUBE-AZRTOS-G4_V2.0.0, X-CUBE-AZRTOS-H7_V3.2.0, X-CUBE-AZRTOS-L4_V1.0.0, X-CUBE-AZRTOS-L4_V2.0.0, X-CUBE-AZRTOS-L5_V1.1.0, X-CUBE-AZRTOS-WB_V2.0.0, X-CUBE-AZRTOS-WL_V2.0.0, X-CUBE-BLE1_V7.0.0, X-CUBE-BLE2_V3.3.0, X-CUBE-BLEMGR_V3.1.0, X-CUBE-EEPRMA1_V4.1.0, X-CUBE-EEPRMA1_V5.1.0, X-CUBE-FREERTOS_V1.1.0, X-CUBE-GNSS1_V6.0.0, X-CUBE-MEMS1_V10.0.0, X-CUBE-MEMS1_V9.1.0, X-CUBE-MEMS1_V9.4.0, X-CUBE-MEMS1_V9.6.0, X-CUBE-NFC4_V3.0.0, X-CUBE-NFC7_V1.0.1, X-CUBE-SFXS2LP1_V4.0.0, X-CUBE-SUBG2_V5.0.0, X-CUBE-TOF1_V3.4.0]
2024-03-27 15:40:53,077 [INFO] DbBoardsSqlite:226 - include board P-NUCLEO-WB55-NUCLEO as a kit item of type 'Nucleo-64'
2024-03-27 15:40:53,077 [INFO] DbBoardsSqlite:226 - include board P-NUCLEO-WB55-USBDONGLE as a kit item of type 'Nucleo USB Dongle'
2024-03-27 15:40:53,077 [INFO] DbBoardsSqlite:226 - include board STEVAL-IDP005V1 as a kit item of type 'Evaluation Board'
2024-03-27 15:40:53,077 [INFO] DbBoardsSqlite:226 - include board STEVAL-IDP005V2 as a kit item of type 'Evaluation Board'
2024-03-27 15:40:53,109 [INFO] ApiDb:240 - Found 371 in-development CPN: [B-G473E-ZEST1S, B-WB1M-WPAN1, B-WL5M-SUBG1, NUCLEO-C031C6, NUCLEO-H503RB, NUCLEO-H563ZI, NUCLEO-U545RE-Q, NUCLEO-U5A5ZJ-Q, NUCLEO-WBA52CG, NUCLEO-WBA55CG, STEVAL-MKBOXPRO, STEVAL-PROTEUS1, STEVAL-STWINBX1, STM320518-EVAL, STM32C0116-DK, STM32C011D6Y3TR, STM32C011D6Y6TR, STM32C011F4P3, STM32C011F4P6, STM32C011F4U3, STM32C011F4U6TR, STM32C011F6P3, STM32C011F6P6, STM32C011F6U3, STM32C011F6U6TR, STM32C011J4M3, STM32C011J4M6, STM32C011J6M3, STM32C011J6M6, STM32C0316-DK, STM32C031C4T3, STM32C031C4T6, STM32C031C4U3, STM32C031C4U6, STM32C031C6T3, STM32C031C6T6, STM32C031C6U3, STM32C031C6U6, STM32C031F4P3, STM32C031F4P6, STM32C031F6P3, STM32C031F6P6, STM32C031G4U3, STM32C031G4U6, STM32C031G6U3, STM32C031G6U6, STM32C031K4T3, STM32C031K4T6, STM32C031K4U3, STM32C031K4U6, STM32C031K6T3, STM32C031K6T6, STM32C031K6U3, STM32C031K6U6, STM32G071K8TXN, STM32G071K8UXN, STM32G081GBU6N, STM32G081KBT6N, STM32G081KBUXN, STM32G0B1CCT6N, STM32G0B1KCT6, STM32G0B1NEY6TR, STM32G0B1RCT6N, STM32G0C1CCT6, STM32G0C1CCT6N, STM32G0C1CCU6N, STM32G0C1CET6N, STM32G0C1CEU6N, STM32G0C1KCT6, STM32G0C1NEY6TR, STM32G0C1RCI6N, STM32G0C1RCT6N, STM32G0C1REI6N, STM32G0C1RET6N, STM32G0C1VCI6, STM32G0C1VEI6, STM32G471CCT6, STM32G471CCU6, STM32G471CET3, STM32G471CET6, STM32G471CEU3, STM32G471CEU6, STM32G471MCT6, STM32G471MET3, STM32G471MET6, STM32G471MEY6TR, STM32G471QCT6, STM32G471QET3, STM32G471RCT6, STM32G471RET3, STM32G471RET6, STM32G471VCH6, STM32G471VCI6, STM32G471VCT6, STM32G471VEH3, STM32G471VEH6, STM32G471VEI3, STM32G471VEI6, STM32G471VET3, STM32G471VET6, STM32G474CCT6, STM32H503CBT6, STM32H503CBU6, STM32H503EBY6TR, STM32H503KBU6, STM32H503RBT6, STM32H562AGI6, STM32H562AII6, STM32H562IGK6, STM32H562IGT6, STM32H562IIK6, STM32H562IIT6, STM32H562RGT6, STM32H562RGV6, STM32H562RIT6, STM32H562RIV6, STM32H562VGT6, STM32H562VIT6, STM32H562ZGT6, STM32H562ZIT6, STM32H563AGI6, STM32H563AII3Q, STM32H563AII6, STM32H563IGK6, STM32H563IGT6, STM32H563IIK3Q, STM32H563IIK6, STM32H563IIT3Q, STM32H563IIT6, STM32H563MIY3QTR, STM32H563RGT6, STM32H563RGV6, STM32H563RIT6, STM32H563RIV6, STM32H563VGT6, STM32H563VIT3Q, STM32H563VIT6, STM32H563ZGT6, STM32H563ZIT3Q, STM32H563ZIT6, STM32H573AII3Q, STM32H573AII6, STM32H573I-DK, STM32H573IIK3Q, STM32H573IIK6, STM32H573IIT3Q, STM32H573IIT6, STM32H573MIY3QTR, STM32H573RIT6, STM32H573RIV6, STM32H573VIT3Q, STM32H573VIT6, STM32H573ZIT3Q, STM32H573ZIT6, STM32L4R5QGI6STR, STM32MP131AAE3, STM32MP131AAF3, STM32MP131AAG3, STM32MP131CAE3, STM32MP131CAF3, STM32MP131CAG3, STM32MP131DAE7, STM32MP131DAF7, STM32MP131DAG7, STM32MP131FAE7, STM32MP131FAF7, STM32MP131FAG7, STM32MP133AAE3, STM32MP133AAF3, STM32MP133AAG3, STM32MP133CAE3, STM32MP133CAF3, STM32MP133CAG3, STM32MP133DAE7, STM32MP133DAF7, STM32MP133DAG7, STM32MP133FAE7, STM32MP133FAF7, STM32MP133FAG7, STM32MP135AAE3, STM32MP135AAF3, STM32MP135AAG3, STM32MP135CAE3, STM32MP135CAF3, STM32MP135CAG3, STM32MP135DAE7, STM32MP135DAF7, STM32MP135DAG7, STM32MP135F-DK, STM32MP135FAE7, STM32MP135FAF7, STM32MP135FAF7T, STM32MP135FAF7U, STM32MP135FAG7, STM32U535CBT6, STM32U535CBT6Q, STM32U535CBU6, STM32U535CBU6Q, STM32U535CCT6, STM32U535CCT6Q, STM32U535CCU6, STM32U535CCU6Q, STM32U535CET6, STM32U535CET6Q, STM32U535CEU6, STM32U535CEU6Q, STM32U535JEY6QTR, STM32U535NCY6QTR, STM32U535NEY6QTR, STM32U535RBI6, STM32U535RBI6Q, STM32U535RBT6, STM32U535RBT6Q, STM32U535RCI6, STM32U535RCI6Q, STM32U535RCT6, STM32U535RCT6Q, STM32U535REI6, STM32U535REI6Q, STM32U535RET6, STM32U535RET6Q, STM32U535VCI6, STM32U535VCI6Q, STM32U535VCT6, STM32U535VCT6Q, STM32U535VEI6, STM32U535VEI6Q, STM32U535VET6, STM32U535VET6Q, STM32U545CET6, STM32U545CET6Q, STM32U545CEU6, STM32U545CEU6Q, STM32U545JEY6QTR, STM32U545NEY6QTR, STM32U545REI6, STM32U545REI6Q, STM32U545RET6, STM32U545RET6Q, STM32U545VEI6, STM32U545VEI6Q, STM32U545VET6, STM32U545VET6Q, STM32U595AIH6, STM32U595AIH6Q, STM32U595AJH6, STM32U595AJH6Q, STM32U595QII6, STM32U595QII6Q, STM32U595QJI6, STM32U595QJI6Q, STM32U595RIT6, STM32U595RIT6Q, STM32U595RJT6, STM32U595RJT6Q, STM32U595VIT6, STM32U595VIT6Q, STM32U595VJT6, STM32U595VJT6Q, STM32U595ZIT6, STM32U595ZIT6Q, STM32U595ZIY6QTR, STM32U595ZJT6, STM32U595ZJT6Q, STM32U595ZJY6QTR, STM32U599BJY6QTR, STM32U599NIH6Q, STM32U599NJH6Q, STM32U599VIT6Q, STM32U599VJT6, STM32U599VJT6Q, STM32U599ZIT6Q, STM32U599ZIY6QTR, STM32U599ZJT6Q, STM32U599ZJY6QTR, STM32U5A5AJH6, STM32U5A5AJH6Q, STM32U5A5QJI6, STM32U5A5QJI6Q, STM32U5A5RJT6, STM32U5A5RJT6Q, STM32U5A5VJT6, STM32U5A5VJT6Q, STM32U5A5ZJT6, STM32U5A5ZJT6Q, STM32U5A5ZJY6QTR, STM32U5A9BJY6QTR, STM32U5A9J-DK, STM32U5A9NJH6Q, STM32U5A9VJT6Q, STM32U5A9ZJT6Q, STM32U5A9ZJY6QTR, STM32U5F7VIT6, STM32U5F7VIT6Q, STM32U5F7VJT6, STM32U5F7VJT6Q, STM32U5F9BJY6QTR, STM32U5F9NJH6Q, STM32U5F9VIT6Q, STM32U5F9VJT6Q, STM32U5F9ZIJ6QTR, STM32U5F9ZIT6Q, STM32U5F9ZJJ6QTR, STM32U5F9ZJT6Q, STM32U5G7VJT6, STM32U5G7VJT6Q, STM32U5G9BJY6QTR, STM32U5G9J-DK1, STM32U5G9J-DK2, STM32U5G9NJH6Q, STM32U5G9VJT6Q, STM32U5G9ZJJ6QTR, STM32U5G9ZJT6Q, STM32WB1MMCH6, STM32WBA50KEU6, STM32WBA50KEU6TR, STM32WBA50KGU6, STM32WBA50KGU6TR, STM32WBA52CEU6, STM32WBA52CEU6TR, STM32WBA52CEU7, STM32WBA52CEU7TR, STM32WBA52CGU6, STM32WBA52CGU6TR, STM32WBA52CGU6U, STM32WBA52CGU7, STM32WBA52CGU7TR, STM32WBA52KEU6, STM32WBA52KEU6TR, STM32WBA52KGU6, STM32WBA52KGU6TR, STM32WBA54CEU6, STM32WBA54CEU6TR, STM32WBA54CEU7, STM32WBA54CEU7TR, STM32WBA54CGU6, STM32WBA54CGU6TR, STM32WBA54CGU7, STM32WBA54CGU7TR, STM32WBA54KEU6, STM32WBA54KEU6TR, STM32WBA54KEU7, STM32WBA54KEU7TR, STM32WBA54KGU6, STM32WBA54KGU6TR, STM32WBA54KGU7, STM32WBA54KGU7TR, STM32WBA55CEU6, STM32WBA55CEU6TR, STM32WBA55CEU7, STM32WBA55CEU7TR, STM32WBA55CGU6, STM32WBA55CGU6TR, STM32WBA55CGU6U, STM32WBA55CGU7, STM32WBA55CGU7TR, STM32WBA55G-DK1, STM32WBA55HEF6, STM32WBA55HEF7, STM32WBA55HGF6, STM32WBA55HGF7, STM32WBA55UEI6, STM32WBA55UEI6TR, STM32WBA55UEI7, STM32WBA55UEI7TR, STM32WBA55UGI6, STM32WBA55UGI6TR, STM32WBA55UGI7, STM32WBA55UGI7TR, STM32WL5MOCH6, STM32WL5MOCH6TR]
2024-03-27 15:40:53,218 [INFO] BoardInfo:889 - No configuration file found for board P-NUCLEO-WB55
2024-03-27 15:40:53,218 [INFO] DbBoards:161 - Kit is not supported: P-NUCLEO-WB55
2024-03-27 15:40:53,222 [INFO] BoardInfo:889 - No configuration file found for board STEVAL-BFA001V1B
2024-03-27 15:40:53,222 [INFO] DbBoards:161 - Kit is not supported: STEVAL-BFA001V1B
2024-03-27 15:40:53,223 [INFO] BoardInfo:889 - No configuration file found for board STEVAL-BFA001V2B
2024-03-27 15:40:53,224 [INFO] DbBoards:161 - Kit is not supported: STEVAL-BFA001V2B
2024-03-27 15:40:53,330 [INFO] DbBoards:168 - Found 193 boards, 190 are supported
2024-03-27 15:40:53,330 [INFO] DbBoards:169 - Found 193 boards, 3 of them is supported for  Bsp
2024-03-27 15:40:53,331 [INFO] ApiDb:423 - Load user favorites file C:\Users\benri/.stm32cubeide/favorites.boards.txt: 0 item(s)
2024-03-27 15:40:53,331 [INFO] ApiDb:427 - User favorites Boards=[]
2024-03-27 15:40:53,331 [INFO] DbBoards:198 - Set 0 / 0 favorites Boards
2024-03-27 15:40:53,336 [INFO] ApiDb:668 - CubeFinder database Data Model version=2.1
2024-03-27 15:40:53,336 [INFO] ApiDb:669 - CubeFinder database Configuration version=3.0.39
2024-03-27 15:40:53,336 [INFO] ApiDb:670 - CubeFinder database generation date=2024-03-02 (1709305525)
2024-03-27 15:40:53,336 [INFO] ApiDb:671 - CubeFinder database FW Pack versions=[FP-ATR-ASTRA1_V2.0.0, FP-SNS-FLIGHT1_V5.0.1, FP-SNS-FLIGHT1_V5.0.2, FP-SNS-MOTENV1_V4.3.1, FP-SNS-MOTENV1_V4.3.2, FP-SNS-MOTENVWB1_V1.3.1, FP-SNS-SMARTAG2_V1.2.0, STM32Cube_FW_C0_V1.1.0, STM32Cube_FW_F4_V1.28.0, STM32Cube_FW_F7_V1.17.0, STM32Cube_FW_G0_V1.6.2, STM32Cube_FW_G4_V1.5.2, STM32Cube_FW_H5_V0.5.1, STM32Cube_FW_H5_V1.1.1, STM32Cube_FW_H5_V1.2.0, STM32Cube_FW_H5_V1.2.0RC4, STM32Cube_FW_H7RS_V1.0.0, STM32Cube_FW_H7RS_V1.0.0RC4, STM32Cube_FW_H7_V1.11.0, STM32Cube_FW_L0_V1.12.2, STM32Cube_FW_L5_V1.5.1, STM32Cube_FW_U0_V1.0.0, STM32Cube_FW_U0_V1.0.0RC1, STM32Cube_FW_U5_V1.3.0RC4, STM32Cube_FW_U5_V1.5.0, STM32Cube_FW_U5_V1.5.0RC1, STM32Cube_FW_WBA_V1.0.0RC1, STM32Cube_FW_WBA_V1.2.0, STM32Cube_FW_WBA_V1.2.0RC2, STM32Cube_FW_WBA_V1.3.0, STM32Cube_FW_WBA_V1.3.0RC1, STM32Cube_FW_WB_V1.15.0RC1, STM32Cube_FW_WB_V1.16.0, STM32Cube_FW_WB_V1.16.0RC2, STM32Cube_FW_WB_V1.18.0, STM32Cube_FW_WB_V1.19.0, STM32Cube_FW_WL_V1.3.0, X-CUBE-ALGOBUILD_V1.3.0, X-CUBE-ALS_V1.0.1, X-CUBE-AZRTOS-F4_V1.1.0, X-CUBE-AZRTOS-F7_V1.1.0, X-CUBE-AZRTOS-G0_V1.1.0, X-CUBE-AZRTOS-G4_V2.0.0, X-CUBE-AZRTOS-H7_V3.2.0, X-CUBE-AZRTOS-L4_V1.0.0, X-CUBE-AZRTOS-L4_V2.0.0, X-CUBE-AZRTOS-L5_V1.1.0, X-CUBE-AZRTOS-WB_V2.0.0, X-CUBE-AZRTOS-WL_V2.0.0, X-CUBE-BLE1_V7.0.0, X-CUBE-BLE2_V3.3.0, X-CUBE-BLEMGR_V3.1.0, X-CUBE-EEPRMA1_V4.1.0, X-CUBE-EEPRMA1_V5.1.0, X-CUBE-FREERTOS_V1.1.0, X-CUBE-GNSS1_V6.0.0, X-CUBE-MEMS1_V10.0.0, X-CUBE-MEMS1_V9.1.0, X-CUBE-MEMS1_V9.4.0, X-CUBE-MEMS1_V9.6.0, X-CUBE-NFC4_V3.0.0, X-CUBE-NFC7_V1.0.1, X-CUBE-SFXS2LP1_V4.0.0, X-CUBE-SUBG2_V5.0.0, X-CUBE-TOF1_V3.4.0]
2024-03-27 15:40:53,542 [ERROR] LogOutputStream:75 - [STDERR_REDIRECT] SLF4J: Failed to load class "org.slf4j.impl.StaticLoggerBinder".
2024-03-27 15:40:53,543 [ERROR] LogOutputStream:75 - [STDERR_REDIRECT] SLF4J: Defaulting to no-operation (NOP) logger implementation
2024-03-27 15:40:53,543 [ERROR] LogOutputStream:75 - [STDERR_REDIRECT] SLF4J: See http://www.slf4j.org/codes.html#StaticLoggerBinder for further details.
2024-03-27 15:40:53,760 [ERROR] DbExamplesSqlite:437 - Missing JSON key: board_cpn
2024-03-27 15:40:53,760 [ERROR] DbExamplesSqlite:437 - Missing JSON key: board_cpn
2024-03-27 15:40:53,760 [ERROR] DbExamplesSqlite:437 - Missing JSON key: board_cpn
2024-03-27 15:40:53,760 [ERROR] DbExamplesSqlite:437 - Missing JSON key: board_cpn
2024-03-27 15:40:53,814 [INFO] DbExamplesSqlite:395 - Ignored 60 examples not supported by CubeIDE
2024-03-27 15:40:53,814 [INFO] DbExamplesSqlite:396 - Found 8152 examples active
2024-03-27 15:40:53,814 [INFO] DbExamplesSqlite:397 - Found 871 examples obsolete
2024-03-27 15:40:53,814 [INFO] DbExamplesSqlite:398 - Found 0 examples under development
2024-03-27 15:40:53,814 [INFO] DbExamplesSqlite:399 - Found 10 examples not building
2024-03-27 15:40:53,815 [INFO] DbExamples:125 - Found 8102 examples
2024-03-27 15:40:53,865 [ERROR] DbExamples:208 - Found 542 examples with invalid data (board or MCU)
2024-03-27 15:40:53,865 [INFO] DbExamples:222 - Found 95 boards with related examples
2024-03-27 15:40:53,865 [INFO] DbExamples:235 - Found 80 MCUs with related examples
2024-03-27 15:40:53,879 [INFO] ApiDb:414 - User favorites file not found: C:\Users\benri/.stm32cubeide/favorites.examples.txt
2024-03-27 15:40:53,879 [INFO] DbExamples:250 - Set 0 / 0 favorites Examples
2024-03-27 15:40:54,191 [INFO] McuFinderGlobals:76 - Set McuFinderConnectedMode to true
2024-03-27 15:40:54,197 [INFO] MultiScanPanel:200 - Auto-refresh data requested => check proxy status ongoing
2024-03-27 15:40:54,202 [INFO] FinderPluginLoader:95 - Searching for filters in installed packs
2024-03-27 15:40:54,988 [INFO] LoadUrlFilesThread:185 - End of LoadServerUrlFiles without Thread
2024-03-27 15:40:54,997 [INFO] DetailPanel:341 - Set advertising image to C:/Users/benri/STM32Cube/Repository/\en.prom-stm32wl3-mcu-finder.jpg
2024-03-27 15:40:58,671 [INFO] MultiScanPanel:200 - Auto-refresh data requested => check proxy status ongoing
2024-03-27 15:40:58,817 [INFO] LoadUrlFilesThread:185 - End of LoadServerUrlFiles without Thread
2024-03-27 15:40:58,817 [INFO] DetailPanel:341 - Set advertising image to C:/Users/benri/STM32Cube/Repository/\en.prom-stm32wl3-mcu-finder.jpg
2024-03-27 15:40:58,830 [INFO] DbBoards:642 - Loading board mini-images...
2024-03-27 15:40:59,448 [ERROR] DbBoards:659 - Image file not found for board NUCLEO-WBA55CG: C:\Users\benri\.stmcufinder\plugins\mcufinder//mcu//boards_images/NUCLEO-WBA55CG.jpg
2024-03-27 15:41:00,076 [ERROR] DbBoards:659 - Image file not found for board STM32WBA55G-DK1: C:\Users\benri\.stmcufinder\plugins\mcufinder//mcu//boards_images/STM32WBA55G-DK1.jpg
2024-03-27 15:41:00,076 [INFO] DbBoards:665 - Loaded 191 board mini-images
2024-03-27 15:41:25,100 [INFO] BoardResultTable:719 - Mark Board STM32F3DISCOVERY as favorite
2024-03-27 15:42:23,966 [INFO] McuFinderGlobals:76 - Set McuFinderConnectedMode to true
2024-03-27 15:42:23,967 [INFO] ApiDb:448 - Save user favorites file C:\Users\benri/.stm32cubeide/favorites.mcus.txt: 0 item(s)
2024-03-27 15:42:23,968 [INFO] ApiDb:452 - User favorites MCUs=[]
2024-03-27 15:42:23,969 [INFO] ApiDb:448 - Save user favorites file C:\Users\benri/.stm32cubeide/favorites.boards.txt: 1 item(s)
2024-03-27 15:42:23,969 [INFO] ApiDb:452 - User favorites Boards=[STM32F3DISCOVERY]
